#! /opt/local/bin/vvp
:ivl_version "10.1 (stable)" "(v10_1_1)";
:ivl_delay_selection "TYPICAL";
:vpi_time_precision + 0;
:vpi_module "system";
:vpi_module "vhdl_sys";
:vpi_module "v2005_math";
:vpi_module "va_math";
S_0x7fe1c67299f0 .scope module, "Full_adder_13bits" "Full_adder_13bits" 2 4;
 .timescale 0 0;
    .port_info 0 /OUTPUT 14 "sum"
    .port_info 1 /INPUT 13 "a"
    .port_info 2 /INPUT 13 "b"
    .port_info 3 /INPUT 1 "c_in"
o0x7fe1c8019fb8 .functor BUFZ 1, C4<z>; HiZ drive
; Elide local net with no drivers, v0x7fe1c673cd00_0 name=_s131
o0x7fe1c8019fe8 .functor BUFZ 13, C4<zzzzzzzzzzzzz>; HiZ drive
v0x7fe1c673cda0_0 .net "a", 12 0, o0x7fe1c8019fe8;  0 drivers
o0x7fe1c801a018 .functor BUFZ 13, C4<zzzzzzzzzzzzz>; HiZ drive
v0x7fe1c673ce40_0 .net "b", 12 0, o0x7fe1c801a018;  0 drivers
v0x7fe1c673cee0_0 .net "c", 12 0, L_0x7fe1c6742d70;  1 drivers
o0x7fe1c8018098 .functor BUFZ 1, C4<z>; HiZ drive
v0x7fe1c673cf90_0 .net "c_in", 0 0, o0x7fe1c8018098;  0 drivers
v0x7fe1c673d060_0 .net "sum", 13 0, L_0x7fe1c6742830;  1 drivers
L_0x7fe1c673d640 .part o0x7fe1c8019fe8, 0, 1;
L_0x7fe1c673d6e0 .part o0x7fe1c801a018, 0, 1;
L_0x7fe1c673dc80 .part o0x7fe1c8019fe8, 1, 1;
L_0x7fe1c673dd60 .part o0x7fe1c801a018, 1, 1;
L_0x7fe1c673de40 .part L_0x7fe1c6742d70, 0, 1;
L_0x7fe1c673e380 .part o0x7fe1c8019fe8, 2, 1;
L_0x7fe1c673e420 .part o0x7fe1c801a018, 2, 1;
L_0x7fe1c673e500 .part L_0x7fe1c6742d70, 1, 1;
L_0x7fe1c673ea40 .part o0x7fe1c8019fe8, 3, 1;
L_0x7fe1c673ebb0 .part o0x7fe1c801a018, 3, 1;
L_0x7fe1c673ecd0 .part L_0x7fe1c6742d70, 2, 1;
L_0x7fe1c673f170 .part o0x7fe1c8019fe8, 4, 1;
L_0x7fe1c673f210 .part o0x7fe1c801a018, 4, 1;
L_0x7fe1c673f320 .part L_0x7fe1c6742d70, 3, 1;
L_0x7fe1c673f840 .part o0x7fe1c8019fe8, 5, 1;
L_0x7fe1c673f960 .part o0x7fe1c801a018, 5, 1;
L_0x7fe1c673fa00 .part L_0x7fe1c6742d70, 4, 1;
L_0x7fe1c673fed0 .part o0x7fe1c8019fe8, 6, 1;
L_0x7fe1c673ff70 .part o0x7fe1c801a018, 6, 1;
L_0x7fe1c67400b0 .part L_0x7fe1c6742d70, 5, 1;
L_0x7fe1c6740560 .part o0x7fe1c8019fe8, 7, 1;
L_0x7fe1c6740010 .part o0x7fe1c801a018, 7, 1;
L_0x7fe1c67408b0 .part L_0x7fe1c6742d70, 6, 1;
L_0x7fe1c6740d10 .part o0x7fe1c8019fe8, 8, 1;
L_0x7fe1c6740db0 .part o0x7fe1c801a018, 8, 1;
L_0x7fe1c6740f20 .part L_0x7fe1c6742d70, 7, 1;
L_0x7fe1c6741440 .part o0x7fe1c8019fe8, 9, 1;
L_0x7fe1c67415c0 .part o0x7fe1c801a018, 9, 1;
L_0x7fe1c6741660 .part L_0x7fe1c6742d70, 8, 1;
L_0x7fe1c6741af0 .part o0x7fe1c8019fe8, 10, 1;
L_0x7fe1c6741b90 .part o0x7fe1c801a018, 10, 1;
L_0x7fe1c6741d30 .part L_0x7fe1c6742d70, 9, 1;
L_0x7fe1c6742180 .part o0x7fe1c8019fe8, 11, 1;
L_0x7fe1c6741c30 .part o0x7fe1c801a018, 11, 1;
L_0x7fe1c6742330 .part L_0x7fe1c6742d70, 10, 1;
LS_0x7fe1c6742830_0_0 .concat8 [ 1 1 1 1], L_0x7fe1c673d360, L_0x7fe1c673d980, L_0x7fe1c673e0a0, L_0x7fe1c673e760;
LS_0x7fe1c6742830_0_4 .concat8 [ 1 1 1 1], L_0x7fe1c673eeb0, L_0x7fe1c673f560, L_0x7fe1c673fbf0, L_0x7fe1c6740280;
LS_0x7fe1c6742830_0_8 .concat8 [ 1 1 1 1], L_0x7fe1c6740a50, L_0x7fe1c6741160, L_0x7fe1c6741830, L_0x7fe1c6741ec0;
LS_0x7fe1c6742830_0_12 .concat8 [ 1 1 0 0], L_0x7fe1c6742570, L_0x7fe1c67426f0;
L_0x7fe1c6742830 .concat8 [ 4 4 4 2], LS_0x7fe1c6742830_0_0, LS_0x7fe1c6742830_0_4, LS_0x7fe1c6742830_0_8, LS_0x7fe1c6742830_0_12;
L_0x7fe1c6742cd0 .part o0x7fe1c8019fe8, 12, 1;
L_0x7fe1c67423d0 .part o0x7fe1c801a018, 12, 1;
L_0x7fe1c6742ea0 .part L_0x7fe1c6742d70, 11, 1;
LS_0x7fe1c6742d70_0_0 .concat [ 1 1 1 1], L_0x7fe1c673d4e0, L_0x7fe1c673db40, L_0x7fe1c673e240, L_0x7fe1c673e900;
LS_0x7fe1c6742d70_0_4 .concat [ 1 1 1 1], L_0x7fe1c673f030, L_0x7fe1c673f700, L_0x7fe1c673fd90, L_0x7fe1c6740420;
LS_0x7fe1c6742d70_0_8 .concat [ 1 1 1 1], L_0x7fe1c6740bd0, L_0x7fe1c6741300, L_0x7fe1c67419b0, L_0x7fe1c6742040;
LS_0x7fe1c6742d70_0_12 .concat [ 1 0 0 0], o0x7fe1c8019fb8;
L_0x7fe1c6742d70 .concat [ 4 4 4 1], LS_0x7fe1c6742d70_0_0, LS_0x7fe1c6742d70_0_4, LS_0x7fe1c6742d70_0_8, LS_0x7fe1c6742d70_0_12;
S_0x7fe1c6729650 .scope module, "fa0" "Full_adder_1bit" 2 12, 3 4 0, S_0x7fe1c67299f0;
 .timescale 0 0;
    .port_info 0 /OUTPUT 1 "sum"
    .port_info 1 /OUTPUT 1 "c_out"
    .port_info 2 /INPUT 1 "a"
    .port_info 3 /INPUT 1 "b"
    .port_info 4 /INPUT 1 "c_in"
L_0x7fe1c673d160 .functor XOR 1, L_0x7fe1c673d640, L_0x7fe1c673d6e0, C4<0>, C4<0>;
L_0x7fe1c673d230 .functor AND 1, L_0x7fe1c673d640, L_0x7fe1c673d6e0, C4<1>, C4<1>;
L_0x7fe1c673d360 .functor XOR 1, L_0x7fe1c673d160, o0x7fe1c8018098, C4<0>, C4<0>;
L_0x7fe1c673d450 .functor AND 1, L_0x7fe1c673d160, o0x7fe1c8018098, C4<1>, C4<1>;
L_0x7fe1c673d4e0 .functor XOR 1, L_0x7fe1c673d450, L_0x7fe1c673d230, C4<0>, C4<0>;
v0x7fe1c671dcd0_0 .net "a", 0 0, L_0x7fe1c673d640;  1 drivers
v0x7fe1c6736840_0 .net "b", 0 0, L_0x7fe1c673d6e0;  1 drivers
v0x7fe1c67368e0_0 .net "c1", 0 0, L_0x7fe1c673d230;  1 drivers
v0x7fe1c6736970_0 .net "c_in", 0 0, o0x7fe1c8018098;  alias, 0 drivers
v0x7fe1c6736a10_0 .net "c_out", 0 0, L_0x7fe1c673d4e0;  1 drivers
v0x7fe1c6736af0_0 .net "s1", 0 0, L_0x7fe1c673d160;  1 drivers
v0x7fe1c6736b90_0 .net "s2", 0 0, L_0x7fe1c673d450;  1 drivers
v0x7fe1c6736c30_0 .net "sum", 0 0, L_0x7fe1c673d360;  1 drivers
S_0x7fe1c6736d50 .scope module, "fa1" "Full_adder_1bit" 2 13, 3 4 0, S_0x7fe1c67299f0;
 .timescale 0 0;
    .port_info 0 /OUTPUT 1 "sum"
    .port_info 1 /OUTPUT 1 "c_out"
    .port_info 2 /INPUT 1 "a"
    .port_info 3 /INPUT 1 "b"
    .port_info 4 /INPUT 1 "c_in"
L_0x7fe1c673d780 .functor XOR 1, L_0x7fe1c673dc80, L_0x7fe1c673dd60, C4<0>, C4<0>;
L_0x7fe1c673d850 .functor AND 1, L_0x7fe1c673dc80, L_0x7fe1c673dd60, C4<1>, C4<1>;
L_0x7fe1c673d980 .functor XOR 1, L_0x7fe1c673d780, L_0x7fe1c673de40, C4<0>, C4<0>;
L_0x7fe1c673da50 .functor AND 1, L_0x7fe1c673d780, L_0x7fe1c673de40, C4<1>, C4<1>;
L_0x7fe1c673db40 .functor XOR 1, L_0x7fe1c673da50, L_0x7fe1c673d850, C4<0>, C4<0>;
v0x7fe1c6736f80_0 .net "a", 0 0, L_0x7fe1c673dc80;  1 drivers
v0x7fe1c6737010_0 .net "b", 0 0, L_0x7fe1c673dd60;  1 drivers
v0x7fe1c67370b0_0 .net "c1", 0 0, L_0x7fe1c673d850;  1 drivers
v0x7fe1c6737160_0 .net "c_in", 0 0, L_0x7fe1c673de40;  1 drivers
v0x7fe1c6737200_0 .net "c_out", 0 0, L_0x7fe1c673db40;  1 drivers
v0x7fe1c67372e0_0 .net "s1", 0 0, L_0x7fe1c673d780;  1 drivers
v0x7fe1c6737380_0 .net "s2", 0 0, L_0x7fe1c673da50;  1 drivers
v0x7fe1c6737420_0 .net "sum", 0 0, L_0x7fe1c673d980;  1 drivers
S_0x7fe1c6737540 .scope module, "fa10" "Full_adder_1bit" 2 24, 3 4 0, S_0x7fe1c67299f0;
 .timescale 0 0;
    .port_info 0 /OUTPUT 1 "sum"
    .port_info 1 /OUTPUT 1 "c_out"
    .port_info 2 /INPUT 1 "a"
    .port_info 3 /INPUT 1 "b"
    .port_info 4 /INPUT 1 "c_in"
L_0x7fe1c6740e50 .functor XOR 1, L_0x7fe1c6741af0, L_0x7fe1c6741b90, C4<0>, C4<0>;
L_0x7fe1c67414e0 .functor AND 1, L_0x7fe1c6741af0, L_0x7fe1c6741b90, C4<1>, C4<1>;
L_0x7fe1c6741830 .functor XOR 1, L_0x7fe1c6740e50, L_0x7fe1c6741d30, C4<0>, C4<0>;
L_0x7fe1c67418e0 .functor AND 1, L_0x7fe1c6740e50, L_0x7fe1c6741d30, C4<1>, C4<1>;
L_0x7fe1c67419b0 .functor XOR 1, L_0x7fe1c67418e0, L_0x7fe1c67414e0, C4<0>, C4<0>;
v0x7fe1c6737770_0 .net "a", 0 0, L_0x7fe1c6741af0;  1 drivers
v0x7fe1c6737810_0 .net "b", 0 0, L_0x7fe1c6741b90;  1 drivers
v0x7fe1c67378b0_0 .net "c1", 0 0, L_0x7fe1c67414e0;  1 drivers
v0x7fe1c6737960_0 .net "c_in", 0 0, L_0x7fe1c6741d30;  1 drivers
v0x7fe1c6737a00_0 .net "c_out", 0 0, L_0x7fe1c67419b0;  1 drivers
v0x7fe1c6737ae0_0 .net "s1", 0 0, L_0x7fe1c6740e50;  1 drivers
v0x7fe1c6737b80_0 .net "s2", 0 0, L_0x7fe1c67418e0;  1 drivers
v0x7fe1c6737c20_0 .net "sum", 0 0, L_0x7fe1c6741830;  1 drivers
S_0x7fe1c6737d40 .scope module, "fa11" "Full_adder_1bit" 2 25, 3 4 0, S_0x7fe1c67299f0;
 .timescale 0 0;
    .port_info 0 /OUTPUT 1 "sum"
    .port_info 1 /OUTPUT 1 "c_out"
    .port_info 2 /INPUT 1 "a"
    .port_info 3 /INPUT 1 "b"
    .port_info 4 /INPUT 1 "c_in"
L_0x7fe1c6741dd0 .functor XOR 1, L_0x7fe1c6742180, L_0x7fe1c6741c30, C4<0>, C4<0>;
L_0x7fe1c6741720 .functor AND 1, L_0x7fe1c6742180, L_0x7fe1c6741c30, C4<1>, C4<1>;
L_0x7fe1c6741ec0 .functor XOR 1, L_0x7fe1c6741dd0, L_0x7fe1c6742330, C4<0>, C4<0>;
L_0x7fe1c6741f70 .functor AND 1, L_0x7fe1c6741dd0, L_0x7fe1c6742330, C4<1>, C4<1>;
L_0x7fe1c6742040 .functor XOR 1, L_0x7fe1c6741f70, L_0x7fe1c6741720, C4<0>, C4<0>;
v0x7fe1c6737f70_0 .net "a", 0 0, L_0x7fe1c6742180;  1 drivers
v0x7fe1c6738000_0 .net "b", 0 0, L_0x7fe1c6741c30;  1 drivers
v0x7fe1c67380a0_0 .net "c1", 0 0, L_0x7fe1c6741720;  1 drivers
v0x7fe1c6738150_0 .net "c_in", 0 0, L_0x7fe1c6742330;  1 drivers
v0x7fe1c67381f0_0 .net "c_out", 0 0, L_0x7fe1c6742040;  1 drivers
v0x7fe1c67382d0_0 .net "s1", 0 0, L_0x7fe1c6741dd0;  1 drivers
v0x7fe1c6738370_0 .net "s2", 0 0, L_0x7fe1c6741f70;  1 drivers
v0x7fe1c6738410_0 .net "sum", 0 0, L_0x7fe1c6741ec0;  1 drivers
S_0x7fe1c6738530 .scope module, "fa12" "Full_adder_1bit" 2 27, 3 4 0, S_0x7fe1c67299f0;
 .timescale 0 0;
    .port_info 0 /OUTPUT 1 "sum"
    .port_info 1 /OUTPUT 1 "c_out"
    .port_info 2 /INPUT 1 "a"
    .port_info 3 /INPUT 1 "b"
    .port_info 4 /INPUT 1 "c_in"
L_0x7fe1c6742220 .functor XOR 1, L_0x7fe1c6742cd0, L_0x7fe1c67423d0, C4<0>, C4<0>;
L_0x7fe1c6742290 .functor AND 1, L_0x7fe1c6742cd0, L_0x7fe1c67423d0, C4<1>, C4<1>;
L_0x7fe1c6742570 .functor XOR 1, L_0x7fe1c6742220, L_0x7fe1c6742ea0, C4<0>, C4<0>;
L_0x7fe1c6742620 .functor AND 1, L_0x7fe1c6742220, L_0x7fe1c6742ea0, C4<1>, C4<1>;
L_0x7fe1c67426f0 .functor XOR 1, L_0x7fe1c6742620, L_0x7fe1c6742290, C4<0>, C4<0>;
v0x7fe1c67387a0_0 .net "a", 0 0, L_0x7fe1c6742cd0;  1 drivers
v0x7fe1c6738830_0 .net "b", 0 0, L_0x7fe1c67423d0;  1 drivers
v0x7fe1c67388d0_0 .net "c1", 0 0, L_0x7fe1c6742290;  1 drivers
v0x7fe1c6738960_0 .net "c_in", 0 0, L_0x7fe1c6742ea0;  1 drivers
v0x7fe1c6738a00_0 .net "c_out", 0 0, L_0x7fe1c67426f0;  1 drivers
v0x7fe1c6738ae0_0 .net "s1", 0 0, L_0x7fe1c6742220;  1 drivers
v0x7fe1c6738b80_0 .net "s2", 0 0, L_0x7fe1c6742620;  1 drivers
v0x7fe1c6738c20_0 .net "sum", 0 0, L_0x7fe1c6742570;  1 drivers
S_0x7fe1c6738d40 .scope module, "fa2" "Full_adder_1bit" 2 14, 3 4 0, S_0x7fe1c67299f0;
 .timescale 0 0;
    .port_info 0 /OUTPUT 1 "sum"
    .port_info 1 /OUTPUT 1 "c_out"
    .port_info 2 /INPUT 1 "a"
    .port_info 3 /INPUT 1 "b"
    .port_info 4 /INPUT 1 "c_in"
L_0x7fe1c673dee0 .functor XOR 1, L_0x7fe1c673e380, L_0x7fe1c673e420, C4<0>, C4<0>;
L_0x7fe1c673df70 .functor AND 1, L_0x7fe1c673e380, L_0x7fe1c673e420, C4<1>, C4<1>;
L_0x7fe1c673e0a0 .functor XOR 1, L_0x7fe1c673dee0, L_0x7fe1c673e500, C4<0>, C4<0>;
L_0x7fe1c673e150 .functor AND 1, L_0x7fe1c673dee0, L_0x7fe1c673e500, C4<1>, C4<1>;
L_0x7fe1c673e240 .functor XOR 1, L_0x7fe1c673e150, L_0x7fe1c673df70, C4<0>, C4<0>;
v0x7fe1c6738f70_0 .net "a", 0 0, L_0x7fe1c673e380;  1 drivers
v0x7fe1c6739000_0 .net "b", 0 0, L_0x7fe1c673e420;  1 drivers
v0x7fe1c67390a0_0 .net "c1", 0 0, L_0x7fe1c673df70;  1 drivers
v0x7fe1c6739150_0 .net "c_in", 0 0, L_0x7fe1c673e500;  1 drivers
v0x7fe1c67391f0_0 .net "c_out", 0 0, L_0x7fe1c673e240;  1 drivers
v0x7fe1c67392d0_0 .net "s1", 0 0, L_0x7fe1c673dee0;  1 drivers
v0x7fe1c6739370_0 .net "s2", 0 0, L_0x7fe1c673e150;  1 drivers
v0x7fe1c6739410_0 .net "sum", 0 0, L_0x7fe1c673e0a0;  1 drivers
S_0x7fe1c6739530 .scope module, "fa3" "Full_adder_1bit" 2 15, 3 4 0, S_0x7fe1c67299f0;
 .timescale 0 0;
    .port_info 0 /OUTPUT 1 "sum"
    .port_info 1 /OUTPUT 1 "c_out"
    .port_info 2 /INPUT 1 "a"
    .port_info 3 /INPUT 1 "b"
    .port_info 4 /INPUT 1 "c_in"
L_0x7fe1c673e5e0 .functor XOR 1, L_0x7fe1c673ea40, L_0x7fe1c673ebb0, C4<0>, C4<0>;
L_0x7fe1c673e650 .functor AND 1, L_0x7fe1c673ea40, L_0x7fe1c673ebb0, C4<1>, C4<1>;
L_0x7fe1c673e760 .functor XOR 1, L_0x7fe1c673e5e0, L_0x7fe1c673ecd0, C4<0>, C4<0>;
L_0x7fe1c673e810 .functor AND 1, L_0x7fe1c673e5e0, L_0x7fe1c673ecd0, C4<1>, C4<1>;
L_0x7fe1c673e900 .functor XOR 1, L_0x7fe1c673e810, L_0x7fe1c673e650, C4<0>, C4<0>;
v0x7fe1c6739760_0 .net "a", 0 0, L_0x7fe1c673ea40;  1 drivers
v0x7fe1c67397f0_0 .net "b", 0 0, L_0x7fe1c673ebb0;  1 drivers
v0x7fe1c6739890_0 .net "c1", 0 0, L_0x7fe1c673e650;  1 drivers
v0x7fe1c6739940_0 .net "c_in", 0 0, L_0x7fe1c673ecd0;  1 drivers
v0x7fe1c67399e0_0 .net "c_out", 0 0, L_0x7fe1c673e900;  1 drivers
v0x7fe1c6739ac0_0 .net "s1", 0 0, L_0x7fe1c673e5e0;  1 drivers
v0x7fe1c6739b60_0 .net "s2", 0 0, L_0x7fe1c673e810;  1 drivers
v0x7fe1c6739c00_0 .net "sum", 0 0, L_0x7fe1c673e760;  1 drivers
S_0x7fe1c6739d20 .scope module, "fa4" "Full_adder_1bit" 2 17, 3 4 0, S_0x7fe1c67299f0;
 .timescale 0 0;
    .port_info 0 /OUTPUT 1 "sum"
    .port_info 1 /OUTPUT 1 "c_out"
    .port_info 2 /INPUT 1 "a"
    .port_info 3 /INPUT 1 "b"
    .port_info 4 /INPUT 1 "c_in"
L_0x7fe1c673edd0 .functor XOR 1, L_0x7fe1c673f170, L_0x7fe1c673f210, C4<0>, C4<0>;
L_0x7fe1c673ee40 .functor AND 1, L_0x7fe1c673f170, L_0x7fe1c673f210, C4<1>, C4<1>;
L_0x7fe1c673eeb0 .functor XOR 1, L_0x7fe1c673edd0, L_0x7fe1c673f320, C4<0>, C4<0>;
L_0x7fe1c673ef60 .functor AND 1, L_0x7fe1c673edd0, L_0x7fe1c673f320, C4<1>, C4<1>;
L_0x7fe1c673f030 .functor XOR 1, L_0x7fe1c673ef60, L_0x7fe1c673ee40, C4<0>, C4<0>;
v0x7fe1c6739f50_0 .net "a", 0 0, L_0x7fe1c673f170;  1 drivers
v0x7fe1c6739fe0_0 .net "b", 0 0, L_0x7fe1c673f210;  1 drivers
v0x7fe1c673a080_0 .net "c1", 0 0, L_0x7fe1c673ee40;  1 drivers
v0x7fe1c673a130_0 .net "c_in", 0 0, L_0x7fe1c673f320;  1 drivers
v0x7fe1c673a1d0_0 .net "c_out", 0 0, L_0x7fe1c673f030;  1 drivers
v0x7fe1c673a2b0_0 .net "s1", 0 0, L_0x7fe1c673edd0;  1 drivers
v0x7fe1c673a350_0 .net "s2", 0 0, L_0x7fe1c673ef60;  1 drivers
v0x7fe1c673a3f0_0 .net "sum", 0 0, L_0x7fe1c673eeb0;  1 drivers
S_0x7fe1c673a510 .scope module, "fa5" "Full_adder_1bit" 2 18, 3 4 0, S_0x7fe1c67299f0;
 .timescale 0 0;
    .port_info 0 /OUTPUT 1 "sum"
    .port_info 1 /OUTPUT 1 "c_out"
    .port_info 2 /INPUT 1 "a"
    .port_info 3 /INPUT 1 "b"
    .port_info 4 /INPUT 1 "c_in"
L_0x7fe1c673f440 .functor XOR 1, L_0x7fe1c673f840, L_0x7fe1c673f960, C4<0>, C4<0>;
L_0x7fe1c673f4b0 .functor AND 1, L_0x7fe1c673f840, L_0x7fe1c673f960, C4<1>, C4<1>;
L_0x7fe1c673f560 .functor XOR 1, L_0x7fe1c673f440, L_0x7fe1c673fa00, C4<0>, C4<0>;
L_0x7fe1c673f610 .functor AND 1, L_0x7fe1c673f440, L_0x7fe1c673fa00, C4<1>, C4<1>;
L_0x7fe1c673f700 .functor XOR 1, L_0x7fe1c673f610, L_0x7fe1c673f4b0, C4<0>, C4<0>;
v0x7fe1c673a7c0_0 .net "a", 0 0, L_0x7fe1c673f840;  1 drivers
v0x7fe1c673a850_0 .net "b", 0 0, L_0x7fe1c673f960;  1 drivers
v0x7fe1c673a8f0_0 .net "c1", 0 0, L_0x7fe1c673f4b0;  1 drivers
v0x7fe1c673a980_0 .net "c_in", 0 0, L_0x7fe1c673fa00;  1 drivers
v0x7fe1c673aa10_0 .net "c_out", 0 0, L_0x7fe1c673f700;  1 drivers
v0x7fe1c673aae0_0 .net "s1", 0 0, L_0x7fe1c673f440;  1 drivers
v0x7fe1c673ab80_0 .net "s2", 0 0, L_0x7fe1c673f610;  1 drivers
v0x7fe1c673ac20_0 .net "sum", 0 0, L_0x7fe1c673f560;  1 drivers
S_0x7fe1c673ad40 .scope module, "fa6" "Full_adder_1bit" 2 19, 3 4 0, S_0x7fe1c67299f0;
 .timescale 0 0;
    .port_info 0 /OUTPUT 1 "sum"
    .port_info 1 /OUTPUT 1 "c_out"
    .port_info 2 /INPUT 1 "a"
    .port_info 3 /INPUT 1 "b"
    .port_info 4 /INPUT 1 "c_in"
L_0x7fe1c673f2b0 .functor XOR 1, L_0x7fe1c673fed0, L_0x7fe1c673ff70, C4<0>, C4<0>;
L_0x7fe1c673f8e0 .functor AND 1, L_0x7fe1c673fed0, L_0x7fe1c673ff70, C4<1>, C4<1>;
L_0x7fe1c673fbf0 .functor XOR 1, L_0x7fe1c673f2b0, L_0x7fe1c67400b0, C4<0>, C4<0>;
L_0x7fe1c673fca0 .functor AND 1, L_0x7fe1c673f2b0, L_0x7fe1c67400b0, C4<1>, C4<1>;
L_0x7fe1c673fd90 .functor XOR 1, L_0x7fe1c673fca0, L_0x7fe1c673f8e0, C4<0>, C4<0>;
v0x7fe1c673af70_0 .net "a", 0 0, L_0x7fe1c673fed0;  1 drivers
v0x7fe1c673b000_0 .net "b", 0 0, L_0x7fe1c673ff70;  1 drivers
v0x7fe1c673b0a0_0 .net "c1", 0 0, L_0x7fe1c673f8e0;  1 drivers
v0x7fe1c673b150_0 .net "c_in", 0 0, L_0x7fe1c67400b0;  1 drivers
v0x7fe1c673b1f0_0 .net "c_out", 0 0, L_0x7fe1c673fd90;  1 drivers
v0x7fe1c673b2d0_0 .net "s1", 0 0, L_0x7fe1c673f2b0;  1 drivers
v0x7fe1c673b370_0 .net "s2", 0 0, L_0x7fe1c673fca0;  1 drivers
v0x7fe1c673b410_0 .net "sum", 0 0, L_0x7fe1c673fbf0;  1 drivers
S_0x7fe1c673b530 .scope module, "fa7" "Full_adder_1bit" 2 20, 3 4 0, S_0x7fe1c67299f0;
 .timescale 0 0;
    .port_info 0 /OUTPUT 1 "sum"
    .port_info 1 /OUTPUT 1 "c_out"
    .port_info 2 /INPUT 1 "a"
    .port_info 3 /INPUT 1 "b"
    .port_info 4 /INPUT 1 "c_in"
L_0x7fe1c6740150 .functor XOR 1, L_0x7fe1c6740560, L_0x7fe1c6740010, C4<0>, C4<0>;
L_0x7fe1c673fac0 .functor AND 1, L_0x7fe1c6740560, L_0x7fe1c6740010, C4<1>, C4<1>;
L_0x7fe1c6740280 .functor XOR 1, L_0x7fe1c6740150, L_0x7fe1c67408b0, C4<0>, C4<0>;
L_0x7fe1c6740330 .functor AND 1, L_0x7fe1c6740150, L_0x7fe1c67408b0, C4<1>, C4<1>;
L_0x7fe1c6740420 .functor XOR 1, L_0x7fe1c6740330, L_0x7fe1c673fac0, C4<0>, C4<0>;
v0x7fe1c673b760_0 .net "a", 0 0, L_0x7fe1c6740560;  1 drivers
v0x7fe1c673b7f0_0 .net "b", 0 0, L_0x7fe1c6740010;  1 drivers
v0x7fe1c673b890_0 .net "c1", 0 0, L_0x7fe1c673fac0;  1 drivers
v0x7fe1c673b940_0 .net "c_in", 0 0, L_0x7fe1c67408b0;  1 drivers
v0x7fe1c673b9e0_0 .net "c_out", 0 0, L_0x7fe1c6740420;  1 drivers
v0x7fe1c673bac0_0 .net "s1", 0 0, L_0x7fe1c6740150;  1 drivers
v0x7fe1c673bb60_0 .net "s2", 0 0, L_0x7fe1c6740330;  1 drivers
v0x7fe1c673bc00_0 .net "sum", 0 0, L_0x7fe1c6740280;  1 drivers
S_0x7fe1c673bd20 .scope module, "fa8" "Full_adder_1bit" 2 22, 3 4 0, S_0x7fe1c67299f0;
 .timescale 0 0;
    .port_info 0 /OUTPUT 1 "sum"
    .port_info 1 /OUTPUT 1 "c_out"
    .port_info 2 /INPUT 1 "a"
    .port_info 3 /INPUT 1 "b"
    .port_info 4 /INPUT 1 "c_in"
L_0x7fe1c673ec50 .functor XOR 1, L_0x7fe1c6740d10, L_0x7fe1c6740db0, C4<0>, C4<0>;
L_0x7fe1c6740700 .functor AND 1, L_0x7fe1c6740d10, L_0x7fe1c6740db0, C4<1>, C4<1>;
L_0x7fe1c6740a50 .functor XOR 1, L_0x7fe1c673ec50, L_0x7fe1c6740f20, C4<0>, C4<0>;
L_0x7fe1c6740b00 .functor AND 1, L_0x7fe1c673ec50, L_0x7fe1c6740f20, C4<1>, C4<1>;
L_0x7fe1c6740bd0 .functor XOR 1, L_0x7fe1c6740b00, L_0x7fe1c6740700, C4<0>, C4<0>;
v0x7fe1c673bf50_0 .net "a", 0 0, L_0x7fe1c6740d10;  1 drivers
v0x7fe1c673bfe0_0 .net "b", 0 0, L_0x7fe1c6740db0;  1 drivers
v0x7fe1c673c080_0 .net "c1", 0 0, L_0x7fe1c6740700;  1 drivers
v0x7fe1c673c130_0 .net "c_in", 0 0, L_0x7fe1c6740f20;  1 drivers
v0x7fe1c673c1d0_0 .net "c_out", 0 0, L_0x7fe1c6740bd0;  1 drivers
v0x7fe1c673c2b0_0 .net "s1", 0 0, L_0x7fe1c673ec50;  1 drivers
v0x7fe1c673c350_0 .net "s2", 0 0, L_0x7fe1c6740b00;  1 drivers
v0x7fe1c673c3f0_0 .net "sum", 0 0, L_0x7fe1c6740a50;  1 drivers
S_0x7fe1c673c510 .scope module, "fa9" "Full_adder_1bit" 2 23, 3 4 0, S_0x7fe1c67299f0;
 .timescale 0 0;
    .port_info 0 /OUTPUT 1 "sum"
    .port_info 1 /OUTPUT 1 "c_out"
    .port_info 2 /INPUT 1 "a"
    .port_info 3 /INPUT 1 "b"
    .port_info 4 /INPUT 1 "c_in"
L_0x7fe1c6740950 .functor XOR 1, L_0x7fe1c6741440, L_0x7fe1c67415c0, C4<0>, C4<0>;
L_0x7fe1c673f3c0 .functor AND 1, L_0x7fe1c6741440, L_0x7fe1c67415c0, C4<1>, C4<1>;
L_0x7fe1c6741160 .functor XOR 1, L_0x7fe1c6740950, L_0x7fe1c6741660, C4<0>, C4<0>;
L_0x7fe1c6741210 .functor AND 1, L_0x7fe1c6740950, L_0x7fe1c6741660, C4<1>, C4<1>;
L_0x7fe1c6741300 .functor XOR 1, L_0x7fe1c6741210, L_0x7fe1c673f3c0, C4<0>, C4<0>;
v0x7fe1c673c740_0 .net "a", 0 0, L_0x7fe1c6741440;  1 drivers
v0x7fe1c673c7d0_0 .net "b", 0 0, L_0x7fe1c67415c0;  1 drivers
v0x7fe1c673c870_0 .net "c1", 0 0, L_0x7fe1c673f3c0;  1 drivers
v0x7fe1c673c920_0 .net "c_in", 0 0, L_0x7fe1c6741660;  1 drivers
v0x7fe1c673c9c0_0 .net "c_out", 0 0, L_0x7fe1c6741300;  1 drivers
v0x7fe1c673caa0_0 .net "s1", 0 0, L_0x7fe1c6740950;  1 drivers
v0x7fe1c673cb40_0 .net "s2", 0 0, L_0x7fe1c6741210;  1 drivers
v0x7fe1c673cbe0_0 .net "sum", 0 0, L_0x7fe1c6741160;  1 drivers
# The file index is used to find the file name in the following table.
:file_names 4;
    "N/A";
    "<interactive>";
    "Full_adder_13bits.v";
    "./Full_adder_1bit.v";
