#! /opt/local/bin/vvp
:ivl_version "10.1 (stable)" "(v10_1_1)";
:ivl_delay_selection "TYPICAL";
:vpi_time_precision - 11;
:vpi_module "system";
:vpi_module "vhdl_sys";
:vpi_module "v2005_math";
:vpi_module "va_math";
S_0x7fe9c8f05db0 .scope module, "stimulus_Top_MBIST" "stimulus_Top_MBIST" 2 3;
 .timescale -9 -11;
v0x7fe9c9922bc0_0 .var "MBIST_start", 0 0;
v0x7fe9c9922c80_0 .var "clk", 0 0;
o0x7fe9b000b698 .functor BUFZ 52, C4<zzzzzzzzzzzzzzzzzzzzzzzzzzzzzzzzzzzzzzzzzzzzzzzzzzzz>; HiZ drive
v0x7fe9c9922d10_0 .net "out", 51 0, o0x7fe9b000b698;  0 drivers
o0x7fe9b000b6c8 .functor BUFZ 1, C4<z>; HiZ drive
v0x7fe9c9922dc0_0 .net "out_done", 0 0, o0x7fe9b000b6c8;  0 drivers
v0x7fe9c9922e70_0 .var "rstn", 0 0;
S_0x7fe9c99054f0 .scope module, "MBIST_TEST" "Top_MBIST" 2 12, 3 4 0, S_0x7fe9c8f05db0;
 .timescale -9 -11;
    .port_info 0 /OUTPUT 52 "DATA_out"
    .port_info 1 /OUTPUT 1 "MBIST_done"
    .port_info 2 /INPUT 1 "MBIST_start"
    .port_info 3 /INPUT 1 "clk"
    .port_info 4 /INPUT 1 "rstn"
v0x7fe9c99222e0_0 .net "ADDR", 6 0, L_0x7fe9c9923020;  1 drivers
v0x7fe9c9922370_0 .var "CA", 1 0;
v0x7fe9c9922400_0 .net "DATA_out", 51 0, o0x7fe9b000b698;  alias, 0 drivers
v0x7fe9c9922490_0 .var "Data_IN", 51 0;
v0x7fe9c9922520_0 .net "Data_Out", 51 0, L_0x7fe9c992e1b0;  1 drivers
v0x7fe9c99225f0_0 .net "MBIST_done", 0 0, o0x7fe9b000b6c8;  alias, 0 drivers
v0x7fe9c9922680_0 .net "MBIST_start", 0 0, v0x7fe9c9922bc0_0;  1 drivers
v0x7fe9c9922710_0 .var "NCE", 0 0;
v0x7fe9c99227c0_0 .var "NWRT", 0 0;
v0x7fe9c99228f0_0 .var "RA", 4 0;
v0x7fe9c9922980_0 .net "State_counter", 2 0, L_0x7fe9c9922f80;  1 drivers
v0x7fe9c9922a10_0 .net "clk", 0 0, v0x7fe9c9922c80_0;  1 drivers
v0x7fe9c9922ae0_0 .net "rstn", 0 0, v0x7fe9c9922e70_0;  1 drivers
L_0x7fe9c9922f80 .part v0x7fe9c9915780_0, 7, 3;
L_0x7fe9c9923020 .part v0x7fe9c9915780_0, 0, 7;
S_0x7fe9c9905650 .scope module, "count" "counter_10b" 3 18, 3 55 0, S_0x7fe9c99054f0;
 .timescale -9 -11;
    .port_info 0 /OUTPUT 10 "cnt"
    .port_info 1 /INPUT 1 "clk"
    .port_info 2 /INPUT 1 "rstn"
v0x7fe9c99057b0_0 .net "clk", 0 0, v0x7fe9c9922c80_0;  alias, 1 drivers
v0x7fe9c9915780_0 .var "cnt", 9 0;
v0x7fe9c9915830_0 .net "rstn", 0 0, v0x7fe9c9922e70_0;  alias, 1 drivers
E_0x7fe9c9905400/0 .event edge, v0x7fe9c9915830_0;
E_0x7fe9c9905400/1 .event posedge, v0x7fe9c99057b0_0;
E_0x7fe9c9905400 .event/or E_0x7fe9c9905400/0, E_0x7fe9c9905400/1;
S_0x7fe9c9915930 .scope module, "sram" "rflp128x52mx4" 3 20, 4 2 0, S_0x7fe9c99054f0;
 .timescale -9 -11;
    .port_info 0 /OUTPUT 52 "DO"
    .port_info 1 /INPUT 52 "DIN"
    .port_info 2 /INPUT 5 "RA"
    .port_info 3 /INPUT 2 "CA"
    .port_info 4 /INPUT 1 "NWRT"
    .port_info 5 /INPUT 1 "NCE"
    .port_info 6 /INPUT 1 "CLK"
P_0x7fe9c9915af0 .param/real "tAH" 0 4 183, Cr<m0gfc1>; value=0.00000
P_0x7fe9c9915b30 .param/real "tAS" 0 4 184, Cr<m4ccccccccccccc00gfc1>; value=0.600000
P_0x7fe9c9915b70 .param/real "tCH" 0 4 179, Cr<m4cccccccccccd000gfc2>; value=1.20000
P_0x7fe9c9915bb0 .param/real "tCL" 0 4 180, Cr<m4cccccccccccd000gfc2>; value=1.20000
P_0x7fe9c9915bf0 .param/l "tCLK" 0 4 178, +C4<00000000000000000000000000000011>;
P_0x7fe9c9915c30 .param/real "tDH" 0 4 181, Cr<m0gfc1>; value=0.00000
P_0x7fe9c9915c70 .param/real "tDS" 0 4 182, Cr<m6666666666666800gfc0>; value=0.400000
P_0x7fe9c9915cb0 .param/real "tEH" 0 4 187, Cr<m0gfc1>; value=0.00000
P_0x7fe9c9915cf0 .param/real "tES" 0 4 188, Cr<m6666666666666800gfc0>; value=0.400000
P_0x7fe9c9915d30 .param/real "tPHL" 0 4 185, Cr<m6666666666666800gfc1>; value=0.800000
P_0x7fe9c9915d70 .param/real "tPLH" 0 4 186, Cr<m6666666666666800gfc1>; value=0.800000
L_0x7fe9c9923120 .functor BUF 1, L_0x7fe9c99231b0, C4<0>, C4<0>, C4<0>;
L_0x7fe9c9923290 .functor BUF 1, L_0x7fe9c9923340, C4<0>, C4<0>, C4<0>;
L_0x7fe9c9923460 .functor BUF 1, L_0x7fe9c99234f0, C4<0>, C4<0>, C4<0>;
L_0x7fe9c99235d0 .functor BUF 1, L_0x7fe9c9923680, C4<0>, C4<0>, C4<0>;
L_0x7fe9c99237e0 .functor BUF 1, L_0x7fe9c9923880, C4<0>, C4<0>, C4<0>;
L_0x7fe9c9923990 .functor BUF 1, L_0x7fe9c9923a00, C4<0>, C4<0>, C4<0>;
L_0x7fe9c9923aa0 .functor BUF 1, L_0x7fe9c9923b70, C4<0>, C4<0>, C4<0>;
L_0x7fe9c9923c90 .functor BUF 1, L_0x7fe9c9923d00, C4<0>, C4<0>, C4<0>;
L_0x7fe9c9923ee0 .functor BUF 1, L_0x7fe9c9923f50, C4<0>, C4<0>, C4<0>;
L_0x7fe9c9924040 .functor BUF 1, L_0x7fe9c99240b0, C4<0>, C4<0>, C4<0>;
L_0x7fe9c9924150 .functor BUF 1, L_0x7fe9c9924240, C4<0>, C4<0>, C4<0>;
L_0x7fe9c9924380 .functor BUF 1, L_0x7fe9c99243f0, C4<0>, C4<0>, C4<0>;
L_0x7fe9c9924490 .functor BUF 1, L_0x7fe9c9924570, C4<0>, C4<0>, C4<0>;
L_0x7fe9c99246c0 .functor BUF 1, L_0x7fe9c9924730, C4<0>, C4<0>, C4<0>;
L_0x7fe9c99247d0 .functor BUF 1, L_0x7fe9c99248c0, C4<0>, C4<0>, C4<0>;
L_0x7fe9c9924650 .functor BUF 1, L_0x7fe9c99249e0, C4<0>, C4<0>, C4<0>;
L_0x7fe9c9923de0 .functor BUF 1, L_0x7fe9c9924d10, C4<0>, C4<0>, C4<0>;
L_0x7fe9c9924840 .functor BUF 1, L_0x7fe9c9924e40, C4<0>, C4<0>, C4<0>;
L_0x7fe9c9924ee0 .functor BUF 1, L_0x7fe9c9924ff0, C4<0>, C4<0>, C4<0>;
L_0x7fe9c9924c80 .functor BUF 1, L_0x7fe9c9925170, C4<0>, C4<0>, C4<0>;
L_0x7fe9c9925210 .functor BUF 1, L_0x7fe9c9924f50, C4<0>, C4<0>, C4<0>;
L_0x7fe9c99253e0 .functor BUF 1, L_0x7fe9c9925450, C4<0>, C4<0>, C4<0>;
L_0x7fe9c99254f0 .functor BUF 1, L_0x7fe9c9925620, C4<0>, C4<0>, C4<0>;
L_0x7fe9c9925280 .functor BUF 1, L_0x7fe9c9925310, C4<0>, C4<0>, C4<0>;
L_0x7fe9c9925800 .functor BUF 1, L_0x7fe9c9925940, C4<0>, C4<0>, C4<0>;
L_0x7fe9c9925560 .functor BUF 1, L_0x7fe9c9925700, C4<0>, C4<0>, C4<0>;
L_0x7fe9c9925af0 .functor BUF 1, L_0x7fe9c9925c40, C4<0>, C4<0>, C4<0>;
L_0x7fe9c9925870 .functor BUF 1, L_0x7fe9c9925a20, C4<0>, C4<0>, C4<0>;
L_0x7fe9c9925e00 .functor BUF 1, L_0x7fe9c9925f60, C4<0>, C4<0>, C4<0>;
L_0x7fe9c9925b60 .functor BUF 1, L_0x7fe9c9925d20, C4<0>, C4<0>, C4<0>;
L_0x7fe9c9926130 .functor BUF 1, L_0x7fe9c99262a0, C4<0>, C4<0>, C4<0>;
L_0x7fe9c9925e70 .functor BUF 1, L_0x7fe9c9926040, C4<0>, C4<0>, C4<0>;
L_0x7fe9c9925ee0 .functor BUF 1, L_0x7fe9c9924bb0, C4<0>, C4<0>, C4<0>;
L_0x7fe9c99261e0 .functor BUF 1, L_0x7fe9c9926490, C4<0>, C4<0>, C4<0>;
L_0x7fe9c9926530 .functor BUF 1, L_0x7fe9c9924aa0, C4<0>, C4<0>, C4<0>;
L_0x7fe9c9926380 .functor BUF 1, L_0x7fe9c99263f0, C4<0>, C4<0>, C4<0>;
L_0x7fe9c9926840 .functor BUF 1, L_0x7fe9c99265c0, C4<0>, C4<0>, C4<0>;
L_0x7fe9c99266a0 .functor BUF 1, L_0x7fe9c9926730, C4<0>, C4<0>, C4<0>;
L_0x7fe9c9926b70 .functor BUF 1, L_0x7fe9c99268d0, C4<0>, C4<0>, C4<0>;
L_0x7fe9c99269b0 .functor BUF 1, L_0x7fe9c9926a40, C4<0>, C4<0>, C4<0>;
L_0x7fe9c9926e60 .functor BUF 1, L_0x7fe9c9926be0, C4<0>, C4<0>, C4<0>;
L_0x7fe9c9926cc0 .functor BUF 1, L_0x7fe9c9926d50, C4<0>, C4<0>, C4<0>;
L_0x7fe9c9927190 .functor BUF 1, L_0x7fe9c9926ef0, C4<0>, C4<0>, C4<0>;
L_0x7fe9c9926fd0 .functor BUF 1, L_0x7fe9c9927060, C4<0>, C4<0>, C4<0>;
L_0x7fe9c99274c0 .functor BUF 1, L_0x7fe9c9927200, C4<0>, C4<0>, C4<0>;
L_0x7fe9c99272e0 .functor BUF 1, L_0x7fe9c9927350, C4<0>, C4<0>, C4<0>;
L_0x7fe9c9927430 .functor BUF 1, L_0x7fe9c9927530, C4<0>, C4<0>, C4<0>;
L_0x7fe9c9927610 .functor BUF 1, L_0x7fe9c99276a0, C4<0>, C4<0>, C4<0>;
L_0x7fe9c9927780 .functor BUF 1, L_0x7fe9c9927810, C4<0>, C4<0>, C4<0>;
L_0x7fe9c99278f0 .functor BUF 1, L_0x7fe9c9927980, C4<0>, C4<0>, C4<0>;
L_0x7fe9c9927a60 .functor BUF 1, L_0x7fe9c9927af0, C4<0>, C4<0>, C4<0>;
L_0x7fe9c9928bf0 .functor BUF 1, L_0x7fe9c9928ca0, C4<0>, C4<0>, C4<0>;
L_0x7fe9b0040008 .functor BUFT 1, C4<1>, C4<0>, C4<0>, C4<0>;
L_0x7fe9c9927fd0 .functor BUFIF1 1, L_0x7fe9c9928040, L_0x7fe9b0040008, C4<0>, C4<0>;
L_0x7fe9b0040050 .functor BUFT 1, C4<1>, C4<0>, C4<0>, C4<0>;
L_0x7fe9c9927e60 .functor BUFIF1 1, L_0x7fe9c9927ed0, L_0x7fe9b0040050, C4<0>, C4<0>;
L_0x7fe9b0040098 .functor BUFT 1, C4<1>, C4<0>, C4<0>, C4<0>;
L_0x7fe9c9928dc0 .functor BUFIF1 1, L_0x7fe9c9928e30, L_0x7fe9b0040098, C4<0>, C4<0>;
L_0x7fe9b00400e0 .functor BUFT 1, C4<1>, C4<0>, C4<0>, C4<0>;
L_0x7fe9c9928f90 .functor BUFIF1 1, L_0x7fe9c9929000, L_0x7fe9b00400e0, C4<0>, C4<0>;
L_0x7fe9b0040128 .functor BUFT 1, C4<1>, C4<0>, C4<0>, C4<0>;
L_0x7fe9c9929120 .functor BUFIF1 1, L_0x7fe9c9929190, L_0x7fe9b0040128, C4<0>, C4<0>;
L_0x7fe9b0040170 .functor BUFT 1, C4<1>, C4<0>, C4<0>, C4<0>;
L_0x7fe9c99292f0 .functor BUFIF1 1, L_0x7fe9c9929360, L_0x7fe9b0040170, C4<0>, C4<0>;
L_0x7fe9b00401b8 .functor BUFT 1, C4<1>, C4<0>, C4<0>, C4<0>;
L_0x7fe9c9929480 .functor BUFIF1 1, L_0x7fe9c99294f0, L_0x7fe9b00401b8, C4<0>, C4<0>;
L_0x7fe9b0040200 .functor BUFT 1, C4<1>, C4<0>, C4<0>, C4<0>;
L_0x7fe9c9928f10 .functor BUFIF1 1, L_0x7fe9c9929710, L_0x7fe9b0040200, C4<0>, C4<0>;
L_0x7fe9b0040248 .functor BUFT 1, C4<1>, C4<0>, C4<0>, C4<0>;
L_0x7fe9c9929830 .functor BUFIF1 1, L_0x7fe9c99298a0, L_0x7fe9b0040248, C4<0>, C4<0>;
L_0x7fe9b0040290 .functor BUFT 1, C4<1>, C4<0>, C4<0>, C4<0>;
L_0x7fe9c9929a40 .functor BUFIF1 1, L_0x7fe9c9929ab0, L_0x7fe9b0040290, C4<0>, C4<0>;
L_0x7fe9b00402d8 .functor BUFT 1, C4<1>, C4<0>, C4<0>, C4<0>;
L_0x7fe9c9929b90 .functor BUFIF1 1, L_0x7fe9c9929c00, L_0x7fe9b00402d8, C4<0>, C4<0>;
L_0x7fe9b0040320 .functor BUFT 1, C4<1>, C4<0>, C4<0>, C4<0>;
L_0x7fe9c9929d20 .functor BUFIF1 1, L_0x7fe9c9929d90, L_0x7fe9b0040320, C4<0>, C4<0>;
L_0x7fe9b0040368 .functor BUFT 1, C4<1>, C4<0>, C4<0>, C4<0>;
L_0x7fe9c9929eb0 .functor BUFIF1 1, L_0x7fe9c992a130, L_0x7fe9b0040368, C4<0>, C4<0>;
L_0x7fe9b00403b0 .functor BUFT 1, C4<1>, C4<0>, C4<0>, C4<0>;
L_0x7fe9c992a250 .functor BUFIF1 1, L_0x7fe9c992a2c0, L_0x7fe9b00403b0, C4<0>, C4<0>;
L_0x7fe9b00403f8 .functor BUFT 1, C4<1>, C4<0>, C4<0>, C4<0>;
L_0x7fe9c992a600 .functor BUFIF1 1, L_0x7fe9c9929f20, L_0x7fe9b00403f8, C4<0>, C4<0>;
L_0x7fe9b0040440 .functor BUFT 1, C4<1>, C4<0>, C4<0>, C4<0>;
L_0x7fe9c9929610 .functor BUFIF1 1, L_0x7fe9c992a000, L_0x7fe9b0040440, C4<0>, C4<0>;
L_0x7fe9b0040488 .functor BUFT 1, C4<1>, C4<0>, C4<0>, C4<0>;
L_0x7fe9c992a3a0 .functor BUFIF1 1, L_0x7fe9c992a410, L_0x7fe9b0040488, C4<0>, C4<0>;
L_0x7fe9b00404d0 .functor BUFT 1, C4<1>, C4<0>, C4<0>, C4<0>;
L_0x7fe9c992a4f0 .functor BUFIF1 1, L_0x7fe9c992a770, L_0x7fe9b00404d0, C4<0>, C4<0>;
L_0x7fe9b0040518 .functor BUFT 1, C4<1>, C4<0>, C4<0>, C4<0>;
L_0x7fe9c99299c0 .functor BUFIF1 1, L_0x7fe9c992aa90, L_0x7fe9b0040518, C4<0>, C4<0>;
L_0x7fe9b0040560 .functor BUFT 1, C4<1>, C4<0>, C4<0>, C4<0>;
L_0x7fe9c992abb0 .functor BUFIF1 1, L_0x7fe9c992ac60, L_0x7fe9b0040560, C4<0>, C4<0>;
L_0x7fe9b00405a8 .functor BUFT 1, C4<1>, C4<0>, C4<0>, C4<0>;
L_0x7fe9c992ad80 .functor BUFIF1 1, L_0x7fe9c992b080, L_0x7fe9b00405a8, C4<0>, C4<0>;
L_0x7fe9b00405f0 .functor BUFT 1, C4<1>, C4<0>, C4<0>, C4<0>;
L_0x7fe9c992b1a0 .functor BUFIF1 1, L_0x7fe9c992b250, L_0x7fe9b00405f0, C4<0>, C4<0>;
L_0x7fe9b0040638 .functor BUFT 1, C4<1>, C4<0>, C4<0>, C4<0>;
L_0x7fe9c992b5d0 .functor BUFIF1 1, L_0x7fe9c992ae30, L_0x7fe9b0040638, C4<0>, C4<0>;
L_0x7fe9b0040680 .functor BUFT 1, C4<1>, C4<0>, C4<0>, C4<0>;
L_0x7fe9c992af50 .functor BUFIF1 1, L_0x7fe9c992b8e0, L_0x7fe9b0040680, C4<0>, C4<0>;
L_0x7fe9b00406c8 .functor BUFT 1, C4<1>, C4<0>, C4<0>, C4<0>;
L_0x7fe9c992b370 .functor BUFIF1 1, L_0x7fe9c992b420, L_0x7fe9b00406c8, C4<0>, C4<0>;
L_0x7fe9b0040710 .functor BUFT 1, C4<1>, C4<0>, C4<0>, C4<0>;
L_0x7fe9c992b540 .functor BUFIF1 1, L_0x7fe9c992b6a0, L_0x7fe9b0040710, C4<0>, C4<0>;
L_0x7fe9b0040758 .functor BUFT 1, C4<1>, C4<0>, C4<0>, C4<0>;
L_0x7fe9c992b7c0 .functor BUFIF1 1, L_0x7fe9c992b980, L_0x7fe9b0040758, C4<0>, C4<0>;
L_0x7fe9b00407a0 .functor BUFT 1, C4<1>, C4<0>, C4<0>, C4<0>;
L_0x7fe9c992ba60 .functor BUFIF1 1, L_0x7fe9c992baf0, L_0x7fe9b00407a0, C4<0>, C4<0>;
L_0x7fe9b00407e8 .functor BUFT 1, C4<1>, C4<0>, C4<0>, C4<0>;
L_0x7fe9c992bea0 .functor BUFIF1 1, L_0x7fe9c992bf50, L_0x7fe9b00407e8, C4<0>, C4<0>;
L_0x7fe9b0040830 .functor BUFT 1, C4<1>, C4<0>, C4<0>, C4<0>;
L_0x7fe9c992c070 .functor BUFIF1 1, L_0x7fe9c992c3b0, L_0x7fe9b0040830, C4<0>, C4<0>;
L_0x7fe9b0040878 .functor BUFT 1, C4<1>, C4<0>, C4<0>, C4<0>;
L_0x7fe9c992bc10 .functor BUFIF1 1, L_0x7fe9c992bcc0, L_0x7fe9b0040878, C4<0>, C4<0>;
L_0x7fe9b00408c0 .functor BUFT 1, C4<1>, C4<0>, C4<0>, C4<0>;
L_0x7fe9c992bde0 .functor BUFIF1 1, L_0x7fe9c992a8d0, L_0x7fe9b00408c0, C4<0>, C4<0>;
L_0x7fe9b0040908 .functor BUFT 1, C4<1>, C4<0>, C4<0>, C4<0>;
L_0x7fe9c992a9f0 .functor BUFIF1 1, L_0x7fe9c992c100, L_0x7fe9b0040908, C4<0>, C4<0>;
L_0x7fe9b0040950 .functor BUFT 1, C4<1>, C4<0>, C4<0>, C4<0>;
L_0x7fe9c992a670 .functor BUFIF1 1, L_0x7fe9c992c220, L_0x7fe9b0040950, C4<0>, C4<0>;
L_0x7fe9b0040998 .functor BUFT 1, C4<1>, C4<0>, C4<0>, C4<0>;
L_0x7fe9c992c300 .functor BUFIF1 1, L_0x7fe9c992c990, L_0x7fe9b0040998, C4<0>, C4<0>;
L_0x7fe9b00409e0 .functor BUFT 1, C4<1>, C4<0>, C4<0>, C4<0>;
L_0x7fe9c992cab0 .functor BUFIF1 1, L_0x7fe9c992cb60, L_0x7fe9b00409e0, C4<0>, C4<0>;
L_0x7fe9b0040a28 .functor BUFT 1, C4<1>, C4<0>, C4<0>, C4<0>;
L_0x7fe9c992c690 .functor BUFIF1 1, L_0x7fe9c992c740, L_0x7fe9b0040a28, C4<0>, C4<0>;
L_0x7fe9b0040a70 .functor BUFT 1, C4<1>, C4<0>, C4<0>, C4<0>;
L_0x7fe9c992c860 .functor BUFIF1 1, L_0x7fe9c992cc80, L_0x7fe9b0040a70, C4<0>, C4<0>;
L_0x7fe9b0040ab8 .functor BUFT 1, C4<1>, C4<0>, C4<0>, C4<0>;
L_0x7fe9c992cd60 .functor BUFIF1 1, L_0x7fe9c992d0f0, L_0x7fe9b0040ab8, C4<0>, C4<0>;
L_0x7fe9b0040b00 .functor BUFT 1, C4<1>, C4<0>, C4<0>, C4<0>;
L_0x7fe9c992d210 .functor BUFIF1 1, L_0x7fe9c992d2c0, L_0x7fe9b0040b00, C4<0>, C4<0>;
L_0x7fe9b0040b48 .functor BUFT 1, C4<1>, C4<0>, C4<0>, C4<0>;
L_0x7fe9c992d3e0 .functor BUFIF1 1, L_0x7fe9c992ce10, L_0x7fe9b0040b48, C4<0>, C4<0>;
L_0x7fe9b0040b90 .functor BUFT 1, C4<1>, C4<0>, C4<0>, C4<0>;
L_0x7fe9c992cef0 .functor BUFIF1 1, L_0x7fe9c992cfa0, L_0x7fe9b0040b90, C4<0>, C4<0>;
L_0x7fe9b0040bd8 .functor BUFT 1, C4<1>, C4<0>, C4<0>, C4<0>;
L_0x7fe9c992d4d0 .functor BUFIF1 1, L_0x7fe9c992d560, L_0x7fe9b0040bd8, C4<0>, C4<0>;
L_0x7fe9b0040c20 .functor BUFT 1, C4<1>, C4<0>, C4<0>, C4<0>;
L_0x7fe9c992d680 .functor BUFIF1 1, L_0x7fe9c992d730, L_0x7fe9b0040c20, C4<0>, C4<0>;
L_0x7fe9b0040c68 .functor BUFT 1, C4<1>, C4<0>, C4<0>, C4<0>;
L_0x7fe9c992d850 .functor BUFIF1 1, L_0x7fe9c992dc10, L_0x7fe9b0040c68, C4<0>, C4<0>;
L_0x7fe9b0040cb0 .functor BUFT 1, C4<1>, C4<0>, C4<0>, C4<0>;
L_0x7fe9c992dd30 .functor BUFIF1 1, L_0x7fe9c992dde0, L_0x7fe9b0040cb0, C4<0>, C4<0>;
L_0x7fe9b0040cf8 .functor BUFT 1, C4<1>, C4<0>, C4<0>, C4<0>;
L_0x7fe9c992df00 .functor BUFIF1 1, L_0x7fe9c992dfb0, L_0x7fe9b0040cf8, C4<0>, C4<0>;
L_0x7fe9b0040d40 .functor BUFT 1, C4<1>, C4<0>, C4<0>, C4<0>;
L_0x7fe9c992d940 .functor BUFIF1 1, L_0x7fe9c992d9d0, L_0x7fe9b0040d40, C4<0>, C4<0>;
L_0x7fe9b0040d88 .functor BUFT 1, C4<1>, C4<0>, C4<0>, C4<0>;
L_0x7fe9c992daf0 .functor BUFIF1 1, L_0x7fe9c992e3c0, L_0x7fe9b0040d88, C4<0>, C4<0>;
L_0x7fe9b0040dd0 .functor BUFT 1, C4<1>, C4<0>, C4<0>, C4<0>;
L_0x7fe9c992e4a0 .functor BUFIF1 1, L_0x7fe9c992e550, L_0x7fe9b0040dd0, C4<0>, C4<0>;
L_0x7fe9b0040e18 .functor BUFT 1, C4<1>, C4<0>, C4<0>, C4<0>;
L_0x7fe9c992e670 .functor BUFIF1 1, L_0x7fe9c992e090, L_0x7fe9b0040e18, C4<0>, C4<0>;
L_0x7fe9b0040e60 .functor BUFT 1, C4<1>, C4<0>, C4<0>, C4<0>;
L_0x7fe9c992fb10 .functor BUFIF1 1, L_0x7fe9c992fb80, L_0x7fe9b0040e60, C4<0>, C4<0>;
v0x7fe9c99162b0_0 .net "A", 6 0, L_0x7fe9c992fca0;  1 drivers
v0x7fe9c9916340_0 .net "BDO", 51 0, L_0x7fe9c9927bd0;  1 drivers
v0x7fe9c99163d0_0 .net "CA", 1 0, v0x7fe9c9922370_0;  1 drivers
v0x7fe9c9916480_0 .net "CLK", 0 0, v0x7fe9c9922c80_0;  alias, 1 drivers
v0x7fe9c9916530_0 .net "DIN", 51 0, v0x7fe9c9922490_0;  1 drivers
v0x7fe9c9916610_0 .net "DO", 51 0, L_0x7fe9c992e1b0;  alias, 1 drivers
v0x7fe9c99166c0_0 .var "FLAG_X", 0 0;
v0x7fe9c9916760_0 .net "NCE", 0 0, v0x7fe9c9922710_0;  1 drivers
v0x7fe9c9916800_0 .net "NWRT", 0 0, v0x7fe9c99227c0_0;  1 drivers
v0x7fe9c9916910_0 .net "RA", 4 0, v0x7fe9c99228f0_0;  1 drivers
v0x7fe9c99169b0_0 .net *"_s1", 0 0, L_0x7fe9c9923120;  1 drivers
v0x7fe9c9916a60_0 .net *"_s101", 0 0, L_0x7fe9c9925210;  1 drivers
v0x7fe9c9916b10_0 .net *"_s104", 0 0, L_0x7fe9c9924f50;  1 drivers
v0x7fe9c9916bc0_0 .net *"_s106", 0 0, L_0x7fe9c99253e0;  1 drivers
v0x7fe9c9916c70_0 .net *"_s109", 0 0, L_0x7fe9c9925450;  1 drivers
v0x7fe9c9916d20_0 .net *"_s11", 0 0, L_0x7fe9c9923460;  1 drivers
v0x7fe9c9916dd0_0 .net *"_s111", 0 0, L_0x7fe9c99254f0;  1 drivers
v0x7fe9c9916f60_0 .net *"_s114", 0 0, L_0x7fe9c9925620;  1 drivers
v0x7fe9c9916ff0_0 .net *"_s116", 0 0, L_0x7fe9c9925280;  1 drivers
v0x7fe9c99170a0_0 .net *"_s119", 0 0, L_0x7fe9c9925310;  1 drivers
v0x7fe9c9917150_0 .net *"_s121", 0 0, L_0x7fe9c9925800;  1 drivers
v0x7fe9c9917200_0 .net *"_s124", 0 0, L_0x7fe9c9925940;  1 drivers
v0x7fe9c99172b0_0 .net *"_s126", 0 0, L_0x7fe9c9925560;  1 drivers
v0x7fe9c9917360_0 .net *"_s129", 0 0, L_0x7fe9c9925700;  1 drivers
v0x7fe9c9917410_0 .net *"_s131", 0 0, L_0x7fe9c9925af0;  1 drivers
v0x7fe9c99174c0_0 .net *"_s134", 0 0, L_0x7fe9c9925c40;  1 drivers
v0x7fe9c9917570_0 .net *"_s136", 0 0, L_0x7fe9c9925870;  1 drivers
v0x7fe9c9917620_0 .net *"_s139", 0 0, L_0x7fe9c9925a20;  1 drivers
v0x7fe9c99176d0_0 .net *"_s14", 0 0, L_0x7fe9c99234f0;  1 drivers
v0x7fe9c9917780_0 .net *"_s141", 0 0, L_0x7fe9c9925e00;  1 drivers
v0x7fe9c9917830_0 .net *"_s144", 0 0, L_0x7fe9c9925f60;  1 drivers
v0x7fe9c99178e0_0 .net *"_s146", 0 0, L_0x7fe9c9925b60;  1 drivers
v0x7fe9c9917990_0 .net *"_s149", 0 0, L_0x7fe9c9925d20;  1 drivers
v0x7fe9c9916e80_0 .net *"_s151", 0 0, L_0x7fe9c9926130;  1 drivers
v0x7fe9c9917c20_0 .net *"_s154", 0 0, L_0x7fe9c99262a0;  1 drivers
v0x7fe9c9917cb0_0 .net *"_s156", 0 0, L_0x7fe9c9925e70;  1 drivers
v0x7fe9c9917d50_0 .net *"_s159", 0 0, L_0x7fe9c9926040;  1 drivers
v0x7fe9c9917e00_0 .net *"_s16", 0 0, L_0x7fe9c99235d0;  1 drivers
v0x7fe9c9917eb0_0 .net *"_s161", 0 0, L_0x7fe9c9925ee0;  1 drivers
v0x7fe9c9917f60_0 .net *"_s164", 0 0, L_0x7fe9c9924bb0;  1 drivers
v0x7fe9c9918010_0 .net *"_s166", 0 0, L_0x7fe9c99261e0;  1 drivers
v0x7fe9c99180c0_0 .net *"_s169", 0 0, L_0x7fe9c9926490;  1 drivers
v0x7fe9c9918170_0 .net *"_s171", 0 0, L_0x7fe9c9926530;  1 drivers
v0x7fe9c9918220_0 .net *"_s174", 0 0, L_0x7fe9c9924aa0;  1 drivers
v0x7fe9c99182d0_0 .net *"_s176", 0 0, L_0x7fe9c9926380;  1 drivers
v0x7fe9c9918380_0 .net *"_s179", 0 0, L_0x7fe9c99263f0;  1 drivers
v0x7fe9c9918430_0 .net *"_s181", 0 0, L_0x7fe9c9926840;  1 drivers
v0x7fe9c99184e0_0 .net *"_s184", 0 0, L_0x7fe9c99265c0;  1 drivers
v0x7fe9c9918590_0 .net *"_s186", 0 0, L_0x7fe9c99266a0;  1 drivers
v0x7fe9c9918640_0 .net *"_s189", 0 0, L_0x7fe9c9926730;  1 drivers
v0x7fe9c99186f0_0 .net *"_s19", 0 0, L_0x7fe9c9923680;  1 drivers
v0x7fe9c99187a0_0 .net *"_s191", 0 0, L_0x7fe9c9926b70;  1 drivers
v0x7fe9c9918850_0 .net *"_s194", 0 0, L_0x7fe9c99268d0;  1 drivers
v0x7fe9c9918900_0 .net *"_s196", 0 0, L_0x7fe9c99269b0;  1 drivers
v0x7fe9c99189b0_0 .net *"_s199", 0 0, L_0x7fe9c9926a40;  1 drivers
v0x7fe9c9918a60_0 .net *"_s201", 0 0, L_0x7fe9c9926e60;  1 drivers
v0x7fe9c9918b10_0 .net *"_s204", 0 0, L_0x7fe9c9926be0;  1 drivers
v0x7fe9c9918bc0_0 .net *"_s206", 0 0, L_0x7fe9c9926cc0;  1 drivers
v0x7fe9c9918c70_0 .net *"_s209", 0 0, L_0x7fe9c9926d50;  1 drivers
v0x7fe9c9918d20_0 .net *"_s21", 0 0, L_0x7fe9c99237e0;  1 drivers
v0x7fe9c9918dd0_0 .net *"_s211", 0 0, L_0x7fe9c9927190;  1 drivers
v0x7fe9c9918e80_0 .net *"_s214", 0 0, L_0x7fe9c9926ef0;  1 drivers
v0x7fe9c9918f30_0 .net *"_s216", 0 0, L_0x7fe9c9926fd0;  1 drivers
v0x7fe9c9918fe0_0 .net *"_s219", 0 0, L_0x7fe9c9927060;  1 drivers
v0x7fe9c9919090_0 .net *"_s221", 0 0, L_0x7fe9c99274c0;  1 drivers
v0x7fe9c9917a40_0 .net *"_s224", 0 0, L_0x7fe9c9927200;  1 drivers
v0x7fe9c9917af0_0 .net *"_s226", 0 0, L_0x7fe9c99272e0;  1 drivers
v0x7fe9c9919120_0 .net *"_s229", 0 0, L_0x7fe9c9927350;  1 drivers
v0x7fe9c99191b0_0 .net *"_s231", 0 0, L_0x7fe9c9927430;  1 drivers
v0x7fe9c9919240_0 .net *"_s234", 0 0, L_0x7fe9c9927530;  1 drivers
v0x7fe9c99192d0_0 .net *"_s236", 0 0, L_0x7fe9c9927610;  1 drivers
v0x7fe9c9919360_0 .net *"_s239", 0 0, L_0x7fe9c99276a0;  1 drivers
v0x7fe9c9919410_0 .net *"_s24", 0 0, L_0x7fe9c9923880;  1 drivers
v0x7fe9c99194c0_0 .net *"_s241", 0 0, L_0x7fe9c9927780;  1 drivers
v0x7fe9c9919570_0 .net *"_s244", 0 0, L_0x7fe9c9927810;  1 drivers
v0x7fe9c9919620_0 .net *"_s246", 0 0, L_0x7fe9c99278f0;  1 drivers
v0x7fe9c99196d0_0 .net *"_s249", 0 0, L_0x7fe9c9927980;  1 drivers
v0x7fe9c9919780_0 .net *"_s251", 0 0, L_0x7fe9c9927a60;  1 drivers
v0x7fe9c9919830_0 .net *"_s254", 0 0, L_0x7fe9c9927af0;  1 drivers
v0x7fe9c99198e0_0 .net *"_s256", 0 0, L_0x7fe9c9928bf0;  1 drivers
v0x7fe9c9919990_0 .net *"_s26", 0 0, L_0x7fe9c9923990;  1 drivers
v0x7fe9c9919a40_0 .net *"_s260", 0 0, L_0x7fe9c9928ca0;  1 drivers
v0x7fe9c9919af0_0 .net8 *"_s262", 0 0, L_0x7fe9c9927fd0;  1 drivers, strength-aware
v0x7fe9c9919ba0_0 .net *"_s265", 0 0, L_0x7fe9c9928040;  1 drivers
v0x7fe9c9919c50_0 .net/2u *"_s266", 0 0, L_0x7fe9b0040008;  1 drivers
v0x7fe9c9919d00_0 .net8 *"_s269", 0 0, L_0x7fe9c9927e60;  1 drivers, strength-aware
v0x7fe9c9919db0_0 .net *"_s272", 0 0, L_0x7fe9c9927ed0;  1 drivers
v0x7fe9c9919e60_0 .net/2u *"_s273", 0 0, L_0x7fe9b0040050;  1 drivers
v0x7fe9c9919f10_0 .net8 *"_s276", 0 0, L_0x7fe9c9928dc0;  1 drivers, strength-aware
v0x7fe9c9919fc0_0 .net *"_s279", 0 0, L_0x7fe9c9928e30;  1 drivers
v0x7fe9c991a070_0 .net/2u *"_s280", 0 0, L_0x7fe9b0040098;  1 drivers
v0x7fe9c991a120_0 .net8 *"_s283", 0 0, L_0x7fe9c9928f90;  1 drivers, strength-aware
v0x7fe9c991a1d0_0 .net *"_s286", 0 0, L_0x7fe9c9929000;  1 drivers
v0x7fe9c991a280_0 .net/2u *"_s287", 0 0, L_0x7fe9b00400e0;  1 drivers
v0x7fe9c991a330_0 .net *"_s29", 0 0, L_0x7fe9c9923a00;  1 drivers
v0x7fe9c991a3e0_0 .net8 *"_s290", 0 0, L_0x7fe9c9929120;  1 drivers, strength-aware
v0x7fe9c991a490_0 .net *"_s293", 0 0, L_0x7fe9c9929190;  1 drivers
v0x7fe9c991a540_0 .net/2u *"_s294", 0 0, L_0x7fe9b0040128;  1 drivers
v0x7fe9c991a5f0_0 .net8 *"_s297", 0 0, L_0x7fe9c99292f0;  1 drivers, strength-aware
v0x7fe9c991a6a0_0 .net *"_s300", 0 0, L_0x7fe9c9929360;  1 drivers
v0x7fe9c991a750_0 .net/2u *"_s301", 0 0, L_0x7fe9b0040170;  1 drivers
v0x7fe9c991a800_0 .net8 *"_s304", 0 0, L_0x7fe9c9929480;  1 drivers, strength-aware
v0x7fe9c991a8b0_0 .net *"_s307", 0 0, L_0x7fe9c99294f0;  1 drivers
v0x7fe9c991a960_0 .net/2u *"_s308", 0 0, L_0x7fe9b00401b8;  1 drivers
v0x7fe9c991aa10_0 .net *"_s31", 0 0, L_0x7fe9c9923aa0;  1 drivers
v0x7fe9c991aac0_0 .net8 *"_s311", 0 0, L_0x7fe9c9928f10;  1 drivers, strength-aware
v0x7fe9c991ab70_0 .net *"_s314", 0 0, L_0x7fe9c9929710;  1 drivers
v0x7fe9c991ac20_0 .net/2u *"_s315", 0 0, L_0x7fe9b0040200;  1 drivers
v0x7fe9c991acd0_0 .net8 *"_s318", 0 0, L_0x7fe9c9929830;  1 drivers, strength-aware
v0x7fe9c991ad80_0 .net *"_s321", 0 0, L_0x7fe9c99298a0;  1 drivers
v0x7fe9c991ae30_0 .net/2u *"_s322", 0 0, L_0x7fe9b0040248;  1 drivers
v0x7fe9c991aee0_0 .net8 *"_s325", 0 0, L_0x7fe9c9929a40;  1 drivers, strength-aware
v0x7fe9c991af90_0 .net *"_s328", 0 0, L_0x7fe9c9929ab0;  1 drivers
v0x7fe9c991b040_0 .net/2u *"_s329", 0 0, L_0x7fe9b0040290;  1 drivers
v0x7fe9c991b0f0_0 .net8 *"_s332", 0 0, L_0x7fe9c9929b90;  1 drivers, strength-aware
v0x7fe9c991b1a0_0 .net *"_s335", 0 0, L_0x7fe9c9929c00;  1 drivers
v0x7fe9c991b250_0 .net/2u *"_s336", 0 0, L_0x7fe9b00402d8;  1 drivers
v0x7fe9c991b300_0 .net8 *"_s339", 0 0, L_0x7fe9c9929d20;  1 drivers, strength-aware
v0x7fe9c991b3b0_0 .net *"_s34", 0 0, L_0x7fe9c9923b70;  1 drivers
v0x7fe9c991b460_0 .net *"_s342", 0 0, L_0x7fe9c9929d90;  1 drivers
v0x7fe9c991b510_0 .net/2u *"_s343", 0 0, L_0x7fe9b0040320;  1 drivers
v0x7fe9c991b5c0_0 .net8 *"_s346", 0 0, L_0x7fe9c9929eb0;  1 drivers, strength-aware
v0x7fe9c991b670_0 .net *"_s349", 0 0, L_0x7fe9c992a130;  1 drivers
v0x7fe9c991b720_0 .net/2u *"_s350", 0 0, L_0x7fe9b0040368;  1 drivers
v0x7fe9c991b7d0_0 .net8 *"_s353", 0 0, L_0x7fe9c992a250;  1 drivers, strength-aware
v0x7fe9c991b880_0 .net *"_s356", 0 0, L_0x7fe9c992a2c0;  1 drivers
v0x7fe9c991b930_0 .net/2u *"_s357", 0 0, L_0x7fe9b00403b0;  1 drivers
v0x7fe9c991b9e0_0 .net *"_s36", 0 0, L_0x7fe9c9923c90;  1 drivers
v0x7fe9c991ba90_0 .net8 *"_s360", 0 0, L_0x7fe9c992a600;  1 drivers, strength-aware
v0x7fe9c991bb40_0 .net *"_s363", 0 0, L_0x7fe9c9929f20;  1 drivers
v0x7fe9c991bbf0_0 .net/2u *"_s364", 0 0, L_0x7fe9b00403f8;  1 drivers
v0x7fe9c991bca0_0 .net8 *"_s367", 0 0, L_0x7fe9c9929610;  1 drivers, strength-aware
v0x7fe9c991bd50_0 .net *"_s370", 0 0, L_0x7fe9c992a000;  1 drivers
v0x7fe9c991be00_0 .net/2u *"_s371", 0 0, L_0x7fe9b0040440;  1 drivers
v0x7fe9c991beb0_0 .net8 *"_s374", 0 0, L_0x7fe9c992a3a0;  1 drivers, strength-aware
v0x7fe9c991bf60_0 .net *"_s377", 0 0, L_0x7fe9c992a410;  1 drivers
v0x7fe9c991c010_0 .net/2u *"_s378", 0 0, L_0x7fe9b0040488;  1 drivers
v0x7fe9c991c0c0_0 .net8 *"_s381", 0 0, L_0x7fe9c992a4f0;  1 drivers, strength-aware
v0x7fe9c991c170_0 .net *"_s384", 0 0, L_0x7fe9c992a770;  1 drivers
v0x7fe9c991c220_0 .net/2u *"_s385", 0 0, L_0x7fe9b00404d0;  1 drivers
v0x7fe9c991c2d0_0 .net8 *"_s388", 0 0, L_0x7fe9c99299c0;  1 drivers, strength-aware
v0x7fe9c991c380_0 .net *"_s39", 0 0, L_0x7fe9c9923d00;  1 drivers
v0x7fe9c991c430_0 .net *"_s391", 0 0, L_0x7fe9c992aa90;  1 drivers
v0x7fe9c991c4e0_0 .net/2u *"_s392", 0 0, L_0x7fe9b0040518;  1 drivers
v0x7fe9c991c590_0 .net8 *"_s395", 0 0, L_0x7fe9c992abb0;  1 drivers, strength-aware
v0x7fe9c991c640_0 .net *"_s398", 0 0, L_0x7fe9c992ac60;  1 drivers
v0x7fe9c991c6f0_0 .net/2u *"_s399", 0 0, L_0x7fe9b0040560;  1 drivers
v0x7fe9c991c7a0_0 .net *"_s4", 0 0, L_0x7fe9c99231b0;  1 drivers
v0x7fe9c991c850_0 .net8 *"_s402", 0 0, L_0x7fe9c992ad80;  1 drivers, strength-aware
v0x7fe9c991c900_0 .net *"_s405", 0 0, L_0x7fe9c992b080;  1 drivers
v0x7fe9c991c9b0_0 .net/2u *"_s406", 0 0, L_0x7fe9b00405a8;  1 drivers
v0x7fe9c991ca60_0 .net8 *"_s409", 0 0, L_0x7fe9c992b1a0;  1 drivers, strength-aware
v0x7fe9c991cb10_0 .net *"_s41", 0 0, L_0x7fe9c9923ee0;  1 drivers
v0x7fe9c991cbc0_0 .net *"_s412", 0 0, L_0x7fe9c992b250;  1 drivers
v0x7fe9c991cc70_0 .net/2u *"_s413", 0 0, L_0x7fe9b00405f0;  1 drivers
v0x7fe9c991cd20_0 .net8 *"_s416", 0 0, L_0x7fe9c992b5d0;  1 drivers, strength-aware
v0x7fe9c991cdd0_0 .net *"_s419", 0 0, L_0x7fe9c992ae30;  1 drivers
v0x7fe9c991ce80_0 .net/2u *"_s420", 0 0, L_0x7fe9b0040638;  1 drivers
v0x7fe9c991cf30_0 .net8 *"_s423", 0 0, L_0x7fe9c992af50;  1 drivers, strength-aware
v0x7fe9c991cfe0_0 .net *"_s426", 0 0, L_0x7fe9c992b8e0;  1 drivers
v0x7fe9c991d090_0 .net/2u *"_s427", 0 0, L_0x7fe9b0040680;  1 drivers
v0x7fe9c991d140_0 .net8 *"_s430", 0 0, L_0x7fe9c992b370;  1 drivers, strength-aware
v0x7fe9c991d1f0_0 .net *"_s433", 0 0, L_0x7fe9c992b420;  1 drivers
v0x7fe9c991d2a0_0 .net/2u *"_s434", 0 0, L_0x7fe9b00406c8;  1 drivers
v0x7fe9c991d350_0 .net8 *"_s437", 0 0, L_0x7fe9c992b540;  1 drivers, strength-aware
v0x7fe9c991d400_0 .net *"_s44", 0 0, L_0x7fe9c9923f50;  1 drivers
v0x7fe9c991d4b0_0 .net *"_s440", 0 0, L_0x7fe9c992b6a0;  1 drivers
v0x7fe9c991d560_0 .net/2u *"_s441", 0 0, L_0x7fe9b0040710;  1 drivers
v0x7fe9c991d610_0 .net8 *"_s444", 0 0, L_0x7fe9c992b7c0;  1 drivers, strength-aware
v0x7fe9c991d6c0_0 .net *"_s447", 0 0, L_0x7fe9c992b980;  1 drivers
v0x7fe9c991d770_0 .net/2u *"_s448", 0 0, L_0x7fe9b0040758;  1 drivers
v0x7fe9c991d820_0 .net8 *"_s451", 0 0, L_0x7fe9c992ba60;  1 drivers, strength-aware
v0x7fe9c991d8d0_0 .net *"_s454", 0 0, L_0x7fe9c992baf0;  1 drivers
v0x7fe9c991d980_0 .net/2u *"_s455", 0 0, L_0x7fe9b00407a0;  1 drivers
v0x7fe9c991da30_0 .net8 *"_s458", 0 0, L_0x7fe9c992bea0;  1 drivers, strength-aware
v0x7fe9c991dae0_0 .net *"_s46", 0 0, L_0x7fe9c9924040;  1 drivers
v0x7fe9c991db90_0 .net *"_s461", 0 0, L_0x7fe9c992bf50;  1 drivers
v0x7fe9c991dc40_0 .net/2u *"_s462", 0 0, L_0x7fe9b00407e8;  1 drivers
v0x7fe9c991dcf0_0 .net8 *"_s465", 0 0, L_0x7fe9c992c070;  1 drivers, strength-aware
v0x7fe9c991dda0_0 .net *"_s468", 0 0, L_0x7fe9c992c3b0;  1 drivers
v0x7fe9c991de50_0 .net/2u *"_s469", 0 0, L_0x7fe9b0040830;  1 drivers
v0x7fe9c991df00_0 .net8 *"_s472", 0 0, L_0x7fe9c992bc10;  1 drivers, strength-aware
v0x7fe9c991dfb0_0 .net *"_s475", 0 0, L_0x7fe9c992bcc0;  1 drivers
v0x7fe9c991e060_0 .net/2u *"_s476", 0 0, L_0x7fe9b0040878;  1 drivers
v0x7fe9c991e110_0 .net8 *"_s479", 0 0, L_0x7fe9c992bde0;  1 drivers, strength-aware
v0x7fe9c991e1c0_0 .net *"_s482", 0 0, L_0x7fe9c992a8d0;  1 drivers
v0x7fe9c991e270_0 .net/2u *"_s483", 0 0, L_0x7fe9b00408c0;  1 drivers
v0x7fe9c991e320_0 .net8 *"_s486", 0 0, L_0x7fe9c992a9f0;  1 drivers, strength-aware
v0x7fe9c991e3d0_0 .net *"_s489", 0 0, L_0x7fe9c992c100;  1 drivers
v0x7fe9c991e480_0 .net *"_s49", 0 0, L_0x7fe9c99240b0;  1 drivers
v0x7fe9c991e530_0 .net/2u *"_s490", 0 0, L_0x7fe9b0040908;  1 drivers
v0x7fe9c991e5e0_0 .net8 *"_s493", 0 0, L_0x7fe9c992a670;  1 drivers, strength-aware
v0x7fe9c991e690_0 .net *"_s496", 0 0, L_0x7fe9c992c220;  1 drivers
v0x7fe9c991e740_0 .net/2u *"_s497", 0 0, L_0x7fe9b0040950;  1 drivers
v0x7fe9c991e7f0_0 .net8 *"_s500", 0 0, L_0x7fe9c992c300;  1 drivers, strength-aware
v0x7fe9c991e8a0_0 .net *"_s503", 0 0, L_0x7fe9c992c990;  1 drivers
v0x7fe9c991e950_0 .net/2u *"_s504", 0 0, L_0x7fe9b0040998;  1 drivers
v0x7fe9c991ea00_0 .net8 *"_s507", 0 0, L_0x7fe9c992cab0;  1 drivers, strength-aware
v0x7fe9c991eab0_0 .net *"_s51", 0 0, L_0x7fe9c9924150;  1 drivers
v0x7fe9c991eb60_0 .net *"_s510", 0 0, L_0x7fe9c992cb60;  1 drivers
v0x7fe9c991ec10_0 .net/2u *"_s511", 0 0, L_0x7fe9b00409e0;  1 drivers
v0x7fe9c991ecc0_0 .net8 *"_s514", 0 0, L_0x7fe9c992c690;  1 drivers, strength-aware
v0x7fe9c991ed70_0 .net *"_s517", 0 0, L_0x7fe9c992c740;  1 drivers
v0x7fe9c991ee20_0 .net/2u *"_s518", 0 0, L_0x7fe9b0040a28;  1 drivers
v0x7fe9c991eed0_0 .net8 *"_s521", 0 0, L_0x7fe9c992c860;  1 drivers, strength-aware
v0x7fe9c991ef80_0 .net *"_s524", 0 0, L_0x7fe9c992cc80;  1 drivers
v0x7fe9c991f030_0 .net/2u *"_s525", 0 0, L_0x7fe9b0040a70;  1 drivers
v0x7fe9c991f0e0_0 .net8 *"_s528", 0 0, L_0x7fe9c992cd60;  1 drivers, strength-aware
v0x7fe9c991f190_0 .net *"_s531", 0 0, L_0x7fe9c992d0f0;  1 drivers
v0x7fe9c991f240_0 .net/2u *"_s532", 0 0, L_0x7fe9b0040ab8;  1 drivers
v0x7fe9c991f2f0_0 .net8 *"_s535", 0 0, L_0x7fe9c992d210;  1 drivers, strength-aware
v0x7fe9c991f3a0_0 .net *"_s538", 0 0, L_0x7fe9c992d2c0;  1 drivers
v0x7fe9c991f450_0 .net/2u *"_s539", 0 0, L_0x7fe9b0040b00;  1 drivers
v0x7fe9c991f500_0 .net *"_s54", 0 0, L_0x7fe9c9924240;  1 drivers
v0x7fe9c991f5b0_0 .net8 *"_s542", 0 0, L_0x7fe9c992d3e0;  1 drivers, strength-aware
v0x7fe9c991f660_0 .net *"_s545", 0 0, L_0x7fe9c992ce10;  1 drivers
v0x7fe9c991f710_0 .net/2u *"_s546", 0 0, L_0x7fe9b0040b48;  1 drivers
v0x7fe9c991f7c0_0 .net8 *"_s549", 0 0, L_0x7fe9c992cef0;  1 drivers, strength-aware
v0x7fe9c991f870_0 .net *"_s552", 0 0, L_0x7fe9c992cfa0;  1 drivers
v0x7fe9c991f920_0 .net/2u *"_s553", 0 0, L_0x7fe9b0040b90;  1 drivers
v0x7fe9c991f9d0_0 .net8 *"_s556", 0 0, L_0x7fe9c992d4d0;  1 drivers, strength-aware
v0x7fe9c991fa80_0 .net *"_s559", 0 0, L_0x7fe9c992d560;  1 drivers
v0x7fe9c991fb30_0 .net *"_s56", 0 0, L_0x7fe9c9924380;  1 drivers
v0x7fe9c991fbe0_0 .net/2u *"_s560", 0 0, L_0x7fe9b0040bd8;  1 drivers
v0x7fe9c991fc90_0 .net8 *"_s563", 0 0, L_0x7fe9c992d680;  1 drivers, strength-aware
v0x7fe9c991fd40_0 .net *"_s566", 0 0, L_0x7fe9c992d730;  1 drivers
v0x7fe9c991fdf0_0 .net/2u *"_s567", 0 0, L_0x7fe9b0040c20;  1 drivers
v0x7fe9c991fea0_0 .net8 *"_s570", 0 0, L_0x7fe9c992d850;  1 drivers, strength-aware
v0x7fe9c991ff50_0 .net *"_s573", 0 0, L_0x7fe9c992dc10;  1 drivers
v0x7fe9c9920000_0 .net/2u *"_s574", 0 0, L_0x7fe9b0040c68;  1 drivers
v0x7fe9c99200b0_0 .net8 *"_s577", 0 0, L_0x7fe9c992dd30;  1 drivers, strength-aware
v0x7fe9c9920160_0 .net *"_s580", 0 0, L_0x7fe9c992dde0;  1 drivers
v0x7fe9c9920210_0 .net/2u *"_s581", 0 0, L_0x7fe9b0040cb0;  1 drivers
v0x7fe9c99202c0_0 .net8 *"_s584", 0 0, L_0x7fe9c992df00;  1 drivers, strength-aware
v0x7fe9c9920370_0 .net *"_s587", 0 0, L_0x7fe9c992dfb0;  1 drivers
v0x7fe9c9920420_0 .net/2u *"_s588", 0 0, L_0x7fe9b0040cf8;  1 drivers
v0x7fe9c99204d0_0 .net *"_s59", 0 0, L_0x7fe9c99243f0;  1 drivers
v0x7fe9c9920580_0 .net8 *"_s591", 0 0, L_0x7fe9c992d940;  1 drivers, strength-aware
v0x7fe9c9920630_0 .net *"_s594", 0 0, L_0x7fe9c992d9d0;  1 drivers
v0x7fe9c99206e0_0 .net/2u *"_s595", 0 0, L_0x7fe9b0040d40;  1 drivers
v0x7fe9c9920790_0 .net8 *"_s598", 0 0, L_0x7fe9c992daf0;  1 drivers, strength-aware
v0x7fe9c9920840_0 .net *"_s6", 0 0, L_0x7fe9c9923290;  1 drivers
v0x7fe9c99208f0_0 .net *"_s601", 0 0, L_0x7fe9c992e3c0;  1 drivers
v0x7fe9c99209a0_0 .net/2u *"_s602", 0 0, L_0x7fe9b0040d88;  1 drivers
v0x7fe9c9920a50_0 .net8 *"_s605", 0 0, L_0x7fe9c992e4a0;  1 drivers, strength-aware
v0x7fe9c9920b00_0 .net *"_s608", 0 0, L_0x7fe9c992e550;  1 drivers
v0x7fe9c9920bb0_0 .net/2u *"_s609", 0 0, L_0x7fe9b0040dd0;  1 drivers
v0x7fe9c9920c60_0 .net *"_s61", 0 0, L_0x7fe9c9924490;  1 drivers
v0x7fe9c9920d10_0 .net8 *"_s612", 0 0, L_0x7fe9c992e670;  1 drivers, strength-aware
v0x7fe9c9920dc0_0 .net *"_s615", 0 0, L_0x7fe9c992e090;  1 drivers
v0x7fe9c9920e70_0 .net/2u *"_s616", 0 0, L_0x7fe9b0040e18;  1 drivers
v0x7fe9c9920f20_0 .net8 *"_s619", 0 0, L_0x7fe9c992fb10;  1 drivers, strength-aware
v0x7fe9c9920fd0_0 .net *"_s623", 0 0, L_0x7fe9c992fb80;  1 drivers
v0x7fe9c9921080_0 .net/2u *"_s624", 0 0, L_0x7fe9b0040e60;  1 drivers
v0x7fe9c9921130_0 .net *"_s64", 0 0, L_0x7fe9c9924570;  1 drivers
v0x7fe9c99211e0_0 .net *"_s66", 0 0, L_0x7fe9c99246c0;  1 drivers
v0x7fe9c9921290_0 .net *"_s69", 0 0, L_0x7fe9c9924730;  1 drivers
v0x7fe9c9921340_0 .net *"_s71", 0 0, L_0x7fe9c99247d0;  1 drivers
v0x7fe9c99213f0_0 .net *"_s74", 0 0, L_0x7fe9c99248c0;  1 drivers
v0x7fe9c99214a0_0 .net *"_s76", 0 0, L_0x7fe9c9924650;  1 drivers
v0x7fe9c9921550_0 .net *"_s79", 0 0, L_0x7fe9c99249e0;  1 drivers
v0x7fe9c9921600_0 .net *"_s81", 0 0, L_0x7fe9c9923de0;  1 drivers
v0x7fe9c99216b0_0 .net *"_s84", 0 0, L_0x7fe9c9924d10;  1 drivers
v0x7fe9c9921760_0 .net *"_s86", 0 0, L_0x7fe9c9924840;  1 drivers
v0x7fe9c9921810_0 .net *"_s89", 0 0, L_0x7fe9c9924e40;  1 drivers
v0x7fe9c99218c0_0 .net *"_s9", 0 0, L_0x7fe9c9923340;  1 drivers
v0x7fe9c9921970_0 .net *"_s91", 0 0, L_0x7fe9c9924ee0;  1 drivers
v0x7fe9c9921a20_0 .net *"_s94", 0 0, L_0x7fe9c9924ff0;  1 drivers
v0x7fe9c9921ad0_0 .net *"_s96", 0 0, L_0x7fe9c9924c80;  1 drivers
v0x7fe9c9921b80_0 .net *"_s99", 0 0, L_0x7fe9c9925170;  1 drivers
v0x7fe9c9921c30 .array "array", 0 127, 51 0;
v0x7fe9c9921cd0_0 .var "do_reg", 51 0;
v0x7fe9c9921d80_0 .var/i "i", 31 0;
v0x7fe9c9921e30_0 .var "r_addr", 6 0;
v0x7fe9c9921ee0_0 .var "r_din", 51 0;
v0x7fe9c9921f90_0 .var "r_nce", 0 0;
v0x7fe9c9922030_0 .var "r_nwrt", 0 0;
v0x7fe9c99220d0_0 .var "temp_reg", 51 0;
v0x7fe9c9922180_0 .var "write_data", 51 0;
E_0x7fe9c99161e0 .event edge, v0x7fe9c99166c0_0;
E_0x7fe9c9916220 .event posedge, v0x7fe9c99057b0_0;
E_0x7fe9c9916260 .event "write";
E_0x7fe9c9915ef0 .event "read";
L_0x7fe9c99231b0 .part v0x7fe9c9921cd0_0, 0, 1;
L_0x7fe9c9923340 .part v0x7fe9c9921cd0_0, 1, 1;
L_0x7fe9c99234f0 .part v0x7fe9c9921cd0_0, 2, 1;
L_0x7fe9c9923680 .part v0x7fe9c9921cd0_0, 3, 1;
L_0x7fe9c9923880 .part v0x7fe9c9921cd0_0, 4, 1;
L_0x7fe9c9923a00 .part v0x7fe9c9921cd0_0, 5, 1;
L_0x7fe9c9923b70 .part v0x7fe9c9921cd0_0, 6, 1;
L_0x7fe9c9923d00 .part v0x7fe9c9921cd0_0, 7, 1;
L_0x7fe9c9923f50 .part v0x7fe9c9921cd0_0, 8, 1;
L_0x7fe9c99240b0 .part v0x7fe9c9921cd0_0, 9, 1;
L_0x7fe9c9924240 .part v0x7fe9c9921cd0_0, 10, 1;
L_0x7fe9c99243f0 .part v0x7fe9c9921cd0_0, 11, 1;
L_0x7fe9c9924570 .part v0x7fe9c9921cd0_0, 12, 1;
L_0x7fe9c9924730 .part v0x7fe9c9921cd0_0, 13, 1;
L_0x7fe9c99248c0 .part v0x7fe9c9921cd0_0, 14, 1;
L_0x7fe9c99249e0 .part v0x7fe9c9921cd0_0, 15, 1;
L_0x7fe9c9924d10 .part v0x7fe9c9921cd0_0, 16, 1;
L_0x7fe9c9924e40 .part v0x7fe9c9921cd0_0, 17, 1;
L_0x7fe9c9924ff0 .part v0x7fe9c9921cd0_0, 18, 1;
L_0x7fe9c9925170 .part v0x7fe9c9921cd0_0, 19, 1;
L_0x7fe9c9924f50 .part v0x7fe9c9921cd0_0, 20, 1;
L_0x7fe9c9925450 .part v0x7fe9c9921cd0_0, 21, 1;
L_0x7fe9c9925620 .part v0x7fe9c9921cd0_0, 22, 1;
L_0x7fe9c9925310 .part v0x7fe9c9921cd0_0, 23, 1;
L_0x7fe9c9925940 .part v0x7fe9c9921cd0_0, 24, 1;
L_0x7fe9c9925700 .part v0x7fe9c9921cd0_0, 25, 1;
L_0x7fe9c9925c40 .part v0x7fe9c9921cd0_0, 26, 1;
L_0x7fe9c9925a20 .part v0x7fe9c9921cd0_0, 27, 1;
L_0x7fe9c9925f60 .part v0x7fe9c9921cd0_0, 28, 1;
L_0x7fe9c9925d20 .part v0x7fe9c9921cd0_0, 29, 1;
L_0x7fe9c99262a0 .part v0x7fe9c9921cd0_0, 30, 1;
L_0x7fe9c9926040 .part v0x7fe9c9921cd0_0, 31, 1;
L_0x7fe9c9924bb0 .part v0x7fe9c9921cd0_0, 32, 1;
L_0x7fe9c9926490 .part v0x7fe9c9921cd0_0, 33, 1;
L_0x7fe9c9924aa0 .part v0x7fe9c9921cd0_0, 34, 1;
L_0x7fe9c99263f0 .part v0x7fe9c9921cd0_0, 35, 1;
L_0x7fe9c99265c0 .part v0x7fe9c9921cd0_0, 36, 1;
L_0x7fe9c9926730 .part v0x7fe9c9921cd0_0, 37, 1;
L_0x7fe9c99268d0 .part v0x7fe9c9921cd0_0, 38, 1;
L_0x7fe9c9926a40 .part v0x7fe9c9921cd0_0, 39, 1;
L_0x7fe9c9926be0 .part v0x7fe9c9921cd0_0, 40, 1;
L_0x7fe9c9926d50 .part v0x7fe9c9921cd0_0, 41, 1;
L_0x7fe9c9926ef0 .part v0x7fe9c9921cd0_0, 42, 1;
L_0x7fe9c9927060 .part v0x7fe9c9921cd0_0, 43, 1;
L_0x7fe9c9927200 .part v0x7fe9c9921cd0_0, 44, 1;
L_0x7fe9c9927350 .part v0x7fe9c9921cd0_0, 45, 1;
L_0x7fe9c9927530 .part v0x7fe9c9921cd0_0, 46, 1;
L_0x7fe9c99276a0 .part v0x7fe9c9921cd0_0, 47, 1;
L_0x7fe9c9927810 .part v0x7fe9c9921cd0_0, 48, 1;
L_0x7fe9c9927980 .part v0x7fe9c9921cd0_0, 49, 1;
L_0x7fe9c9927af0 .part v0x7fe9c9921cd0_0, 50, 1;
LS_0x7fe9c9927bd0_0_0 .concat8 [ 1 1 1 1], L_0x7fe9c9923120, L_0x7fe9c9923290, L_0x7fe9c9923460, L_0x7fe9c99235d0;
LS_0x7fe9c9927bd0_0_4 .concat8 [ 1 1 1 1], L_0x7fe9c99237e0, L_0x7fe9c9923990, L_0x7fe9c9923aa0, L_0x7fe9c9923c90;
LS_0x7fe9c9927bd0_0_8 .concat8 [ 1 1 1 1], L_0x7fe9c9923ee0, L_0x7fe9c9924040, L_0x7fe9c9924150, L_0x7fe9c9924380;
LS_0x7fe9c9927bd0_0_12 .concat8 [ 1 1 1 1], L_0x7fe9c9924490, L_0x7fe9c99246c0, L_0x7fe9c99247d0, L_0x7fe9c9924650;
LS_0x7fe9c9927bd0_0_16 .concat8 [ 1 1 1 1], L_0x7fe9c9923de0, L_0x7fe9c9924840, L_0x7fe9c9924ee0, L_0x7fe9c9924c80;
LS_0x7fe9c9927bd0_0_20 .concat8 [ 1 1 1 1], L_0x7fe9c9925210, L_0x7fe9c99253e0, L_0x7fe9c99254f0, L_0x7fe9c9925280;
LS_0x7fe9c9927bd0_0_24 .concat8 [ 1 1 1 1], L_0x7fe9c9925800, L_0x7fe9c9925560, L_0x7fe9c9925af0, L_0x7fe9c9925870;
LS_0x7fe9c9927bd0_0_28 .concat8 [ 1 1 1 1], L_0x7fe9c9925e00, L_0x7fe9c9925b60, L_0x7fe9c9926130, L_0x7fe9c9925e70;
LS_0x7fe9c9927bd0_0_32 .concat8 [ 1 1 1 1], L_0x7fe9c9925ee0, L_0x7fe9c99261e0, L_0x7fe9c9926530, L_0x7fe9c9926380;
LS_0x7fe9c9927bd0_0_36 .concat8 [ 1 1 1 1], L_0x7fe9c9926840, L_0x7fe9c99266a0, L_0x7fe9c9926b70, L_0x7fe9c99269b0;
LS_0x7fe9c9927bd0_0_40 .concat8 [ 1 1 1 1], L_0x7fe9c9926e60, L_0x7fe9c9926cc0, L_0x7fe9c9927190, L_0x7fe9c9926fd0;
LS_0x7fe9c9927bd0_0_44 .concat8 [ 1 1 1 1], L_0x7fe9c99274c0, L_0x7fe9c99272e0, L_0x7fe9c9927430, L_0x7fe9c9927610;
LS_0x7fe9c9927bd0_0_48 .concat8 [ 1 1 1 1], L_0x7fe9c9927780, L_0x7fe9c99278f0, L_0x7fe9c9927a60, L_0x7fe9c9928bf0;
LS_0x7fe9c9927bd0_1_0 .concat8 [ 4 4 4 4], LS_0x7fe9c9927bd0_0_0, LS_0x7fe9c9927bd0_0_4, LS_0x7fe9c9927bd0_0_8, LS_0x7fe9c9927bd0_0_12;
LS_0x7fe9c9927bd0_1_4 .concat8 [ 4 4 4 4], LS_0x7fe9c9927bd0_0_16, LS_0x7fe9c9927bd0_0_20, LS_0x7fe9c9927bd0_0_24, LS_0x7fe9c9927bd0_0_28;
LS_0x7fe9c9927bd0_1_8 .concat8 [ 4 4 4 4], LS_0x7fe9c9927bd0_0_32, LS_0x7fe9c9927bd0_0_36, LS_0x7fe9c9927bd0_0_40, LS_0x7fe9c9927bd0_0_44;
LS_0x7fe9c9927bd0_1_12 .concat8 [ 4 0 0 0], LS_0x7fe9c9927bd0_0_48;
L_0x7fe9c9927bd0 .concat8 [ 16 16 16 4], LS_0x7fe9c9927bd0_1_0, LS_0x7fe9c9927bd0_1_4, LS_0x7fe9c9927bd0_1_8, LS_0x7fe9c9927bd0_1_12;
L_0x7fe9c9928ca0 .part v0x7fe9c9921cd0_0, 51, 1;
L_0x7fe9c9928040 .part L_0x7fe9c9927bd0, 0, 1;
L_0x7fe9c9927ed0 .part L_0x7fe9c9927bd0, 1, 1;
L_0x7fe9c9928e30 .part L_0x7fe9c9927bd0, 2, 1;
L_0x7fe9c9929000 .part L_0x7fe9c9927bd0, 3, 1;
L_0x7fe9c9929190 .part L_0x7fe9c9927bd0, 4, 1;
L_0x7fe9c9929360 .part L_0x7fe9c9927bd0, 5, 1;
L_0x7fe9c99294f0 .part L_0x7fe9c9927bd0, 6, 1;
L_0x7fe9c9929710 .part L_0x7fe9c9927bd0, 7, 1;
L_0x7fe9c99298a0 .part L_0x7fe9c9927bd0, 8, 1;
L_0x7fe9c9929ab0 .part L_0x7fe9c9927bd0, 9, 1;
L_0x7fe9c9929c00 .part L_0x7fe9c9927bd0, 10, 1;
L_0x7fe9c9929d90 .part L_0x7fe9c9927bd0, 11, 1;
L_0x7fe9c992a130 .part L_0x7fe9c9927bd0, 12, 1;
L_0x7fe9c992a2c0 .part L_0x7fe9c9927bd0, 13, 1;
L_0x7fe9c9929f20 .part L_0x7fe9c9927bd0, 14, 1;
L_0x7fe9c992a000 .part L_0x7fe9c9927bd0, 15, 1;
L_0x7fe9c992a410 .part L_0x7fe9c9927bd0, 16, 1;
L_0x7fe9c992a770 .part L_0x7fe9c9927bd0, 17, 1;
L_0x7fe9c992aa90 .part L_0x7fe9c9927bd0, 18, 1;
L_0x7fe9c992ac60 .part L_0x7fe9c9927bd0, 19, 1;
L_0x7fe9c992b080 .part L_0x7fe9c9927bd0, 20, 1;
L_0x7fe9c992b250 .part L_0x7fe9c9927bd0, 21, 1;
L_0x7fe9c992ae30 .part L_0x7fe9c9927bd0, 22, 1;
L_0x7fe9c992b8e0 .part L_0x7fe9c9927bd0, 23, 1;
L_0x7fe9c992b420 .part L_0x7fe9c9927bd0, 24, 1;
L_0x7fe9c992b6a0 .part L_0x7fe9c9927bd0, 25, 1;
L_0x7fe9c992b980 .part L_0x7fe9c9927bd0, 26, 1;
L_0x7fe9c992baf0 .part L_0x7fe9c9927bd0, 27, 1;
L_0x7fe9c992bf50 .part L_0x7fe9c9927bd0, 28, 1;
L_0x7fe9c992c3b0 .part L_0x7fe9c9927bd0, 29, 1;
L_0x7fe9c992bcc0 .part L_0x7fe9c9927bd0, 30, 1;
L_0x7fe9c992a8d0 .part L_0x7fe9c9927bd0, 31, 1;
L_0x7fe9c992c100 .part L_0x7fe9c9927bd0, 32, 1;
L_0x7fe9c992c220 .part L_0x7fe9c9927bd0, 33, 1;
L_0x7fe9c992c990 .part L_0x7fe9c9927bd0, 34, 1;
L_0x7fe9c992cb60 .part L_0x7fe9c9927bd0, 35, 1;
L_0x7fe9c992c740 .part L_0x7fe9c9927bd0, 36, 1;
L_0x7fe9c992cc80 .part L_0x7fe9c9927bd0, 37, 1;
L_0x7fe9c992d0f0 .part L_0x7fe9c9927bd0, 38, 1;
L_0x7fe9c992d2c0 .part L_0x7fe9c9927bd0, 39, 1;
L_0x7fe9c992ce10 .part L_0x7fe9c9927bd0, 40, 1;
L_0x7fe9c992cfa0 .part L_0x7fe9c9927bd0, 41, 1;
L_0x7fe9c992d560 .part L_0x7fe9c9927bd0, 42, 1;
L_0x7fe9c992d730 .part L_0x7fe9c9927bd0, 43, 1;
L_0x7fe9c992dc10 .part L_0x7fe9c9927bd0, 44, 1;
L_0x7fe9c992dde0 .part L_0x7fe9c9927bd0, 45, 1;
L_0x7fe9c992dfb0 .part L_0x7fe9c9927bd0, 46, 1;
L_0x7fe9c992d9d0 .part L_0x7fe9c9927bd0, 47, 1;
L_0x7fe9c992e3c0 .part L_0x7fe9c9927bd0, 48, 1;
L_0x7fe9c992e550 .part L_0x7fe9c9927bd0, 49, 1;
L_0x7fe9c992e090 .part L_0x7fe9c9927bd0, 50, 1;
LS_0x7fe9c992e1b0_0_0 .concat8 [ 1 1 1 1], L_0x7fe9c9927fd0, L_0x7fe9c9927e60, L_0x7fe9c9928dc0, L_0x7fe9c9928f90;
LS_0x7fe9c992e1b0_0_4 .concat8 [ 1 1 1 1], L_0x7fe9c9929120, L_0x7fe9c99292f0, L_0x7fe9c9929480, L_0x7fe9c9928f10;
LS_0x7fe9c992e1b0_0_8 .concat8 [ 1 1 1 1], L_0x7fe9c9929830, L_0x7fe9c9929a40, L_0x7fe9c9929b90, L_0x7fe9c9929d20;
LS_0x7fe9c992e1b0_0_12 .concat8 [ 1 1 1 1], L_0x7fe9c9929eb0, L_0x7fe9c992a250, L_0x7fe9c992a600, L_0x7fe9c9929610;
LS_0x7fe9c992e1b0_0_16 .concat8 [ 1 1 1 1], L_0x7fe9c992a3a0, L_0x7fe9c992a4f0, L_0x7fe9c99299c0, L_0x7fe9c992abb0;
LS_0x7fe9c992e1b0_0_20 .concat8 [ 1 1 1 1], L_0x7fe9c992ad80, L_0x7fe9c992b1a0, L_0x7fe9c992b5d0, L_0x7fe9c992af50;
LS_0x7fe9c992e1b0_0_24 .concat8 [ 1 1 1 1], L_0x7fe9c992b370, L_0x7fe9c992b540, L_0x7fe9c992b7c0, L_0x7fe9c992ba60;
LS_0x7fe9c992e1b0_0_28 .concat8 [ 1 1 1 1], L_0x7fe9c992bea0, L_0x7fe9c992c070, L_0x7fe9c992bc10, L_0x7fe9c992bde0;
LS_0x7fe9c992e1b0_0_32 .concat8 [ 1 1 1 1], L_0x7fe9c992a9f0, L_0x7fe9c992a670, L_0x7fe9c992c300, L_0x7fe9c992cab0;
LS_0x7fe9c992e1b0_0_36 .concat8 [ 1 1 1 1], L_0x7fe9c992c690, L_0x7fe9c992c860, L_0x7fe9c992cd60, L_0x7fe9c992d210;
LS_0x7fe9c992e1b0_0_40 .concat8 [ 1 1 1 1], L_0x7fe9c992d3e0, L_0x7fe9c992cef0, L_0x7fe9c992d4d0, L_0x7fe9c992d680;
LS_0x7fe9c992e1b0_0_44 .concat8 [ 1 1 1 1], L_0x7fe9c992d850, L_0x7fe9c992dd30, L_0x7fe9c992df00, L_0x7fe9c992d940;
LS_0x7fe9c992e1b0_0_48 .concat8 [ 1 1 1 1], L_0x7fe9c992daf0, L_0x7fe9c992e4a0, L_0x7fe9c992e670, L_0x7fe9c992fb10;
LS_0x7fe9c992e1b0_1_0 .concat8 [ 4 4 4 4], LS_0x7fe9c992e1b0_0_0, LS_0x7fe9c992e1b0_0_4, LS_0x7fe9c992e1b0_0_8, LS_0x7fe9c992e1b0_0_12;
LS_0x7fe9c992e1b0_1_4 .concat8 [ 4 4 4 4], LS_0x7fe9c992e1b0_0_16, LS_0x7fe9c992e1b0_0_20, LS_0x7fe9c992e1b0_0_24, LS_0x7fe9c992e1b0_0_28;
LS_0x7fe9c992e1b0_1_8 .concat8 [ 4 4 4 4], LS_0x7fe9c992e1b0_0_32, LS_0x7fe9c992e1b0_0_36, LS_0x7fe9c992e1b0_0_40, LS_0x7fe9c992e1b0_0_44;
LS_0x7fe9c992e1b0_1_12 .concat8 [ 4 0 0 0], LS_0x7fe9c992e1b0_0_48;
L_0x7fe9c992e1b0 .concat8 [ 16 16 16 4], LS_0x7fe9c992e1b0_1_0, LS_0x7fe9c992e1b0_1_4, LS_0x7fe9c992e1b0_1_8, LS_0x7fe9c992e1b0_1_12;
L_0x7fe9c992fb80 .part L_0x7fe9c9927bd0, 51, 1;
L_0x7fe9c992fca0 .concat [ 2 5 0 0], v0x7fe9c9922370_0, v0x7fe9c99228f0_0;
    .scope S_0x7fe9c9905650;
T_0 ;
    %wait E_0x7fe9c9905400;
    %load/vec4 v0x7fe9c9915830_0;
    %flag_set/vec4 8;
    %jmp/0xz  T_0.0, 8;
    %pushi/vec4 0, 0, 10;
    %assign/vec4 v0x7fe9c9915780_0, 0;
    %jmp T_0.1;
T_0.0 ;
    %load/vec4 v0x7fe9c9915780_0;
    %cmpi/e 1, 0, 10;
    %jmp/0xz  T_0.2, 4;
    %pushi/vec4 0, 0, 10;
    %assign/vec4 v0x7fe9c9915780_0, 0;
    %jmp T_0.3;
T_0.2 ;
    %load/vec4 v0x7fe9c9915780_0;
    %addi 1, 0, 10;
    %assign/vec4 v0x7fe9c9915780_0, 0;
T_0.3 ;
T_0.1 ;
    %jmp T_0;
    .thread T_0;
    .scope S_0x7fe9c9915930;
T_1 ;
    %wait E_0x7fe9c9916220;
    %load/vec4 v0x7fe9c9916800_0;
    %assign/vec4 v0x7fe9c9922030_0, 0;
    %load/vec4 v0x7fe9c9916760_0;
    %assign/vec4 v0x7fe9c9921f90_0, 0;
    %load/vec4 v0x7fe9c9916530_0;
    %assign/vec4 v0x7fe9c9921ee0_0, 0;
    %load/vec4 v0x7fe9c99162b0_0;
    %assign/vec4 v0x7fe9c9921e30_0, 0;
    %delay 10, 0;
    %load/vec4 v0x7fe9c9921f90_0;
    %nor/r;
    %load/vec4 v0x7fe9c9922030_0;
    %nor/r;
    %and;
    %flag_set/vec4 8;
    %jmp/0xz  T_1.0, 8;
    %event E_0x7fe9c9916260;
T_1.0 ;
    %load/vec4 v0x7fe9c9921f90_0;
    %nor/r;
    %load/vec4 v0x7fe9c9922030_0;
    %and;
    %flag_set/vec4 8;
    %jmp/0xz  T_1.2, 8;
    %event E_0x7fe9c9915ef0;
T_1.2 ;
    %jmp T_1;
    .thread T_1;
    .scope S_0x7fe9c9915930;
T_2 ;
    %wait E_0x7fe9c9916260;
    %load/vec4 v0x7fe9c9921e30_0;
    %pad/u 9;
    %ix/vec4 4;
    %load/vec4a v0x7fe9c9921c30, 4;
    %store/vec4 v0x7fe9c99220d0_0, 0, 52;
    %load/vec4 v0x7fe9c9921ee0_0;
    %store/vec4 v0x7fe9c9922180_0, 0, 52;
    %load/vec4 v0x7fe9c9922180_0;
    %load/vec4 v0x7fe9c9921e30_0;
    %pad/u 9;
    %ix/vec4 4;
    %store/vec4a v0x7fe9c9921c30, 4, 0;
    %jmp T_2;
    .thread T_2;
    .scope S_0x7fe9c9915930;
T_3 ;
    %wait E_0x7fe9c9915ef0;
    %delay 10, 0;
    %load/vec4 v0x7fe9c9921e30_0;
    %pad/u 9;
    %ix/vec4 4;
    %load/vec4a v0x7fe9c9921c30, 4;
    %store/vec4 v0x7fe9c9921cd0_0, 0, 52;
    %jmp T_3;
    .thread T_3;
    .scope S_0x7fe9c9915930;
T_4 ;
    %pushi/vec4 0, 0, 1;
    %store/vec4 v0x7fe9c99166c0_0, 0, 1;
    %end;
    .thread T_4;
    .scope S_0x7fe9c9915930;
T_5 ;
    %wait E_0x7fe9c99161e0;
    %pushi/vec4 0, 0, 32;
    %store/vec4 v0x7fe9c9921d80_0, 0, 32;
T_5.0 ;
    %load/vec4 v0x7fe9c9921d80_0;
    %cmpi/s 128, 0, 32;
    %jmp/0xz T_5.1, 5;
    %load/vec4 v0x7fe9c9921d80_0;
    %addi 1, 0, 32;
    %store/vec4 v0x7fe9c9921d80_0, 0, 32;
    %jmp T_5.0;
T_5.1 ;
    %vpi_call 4 172 "$display", "INSUFFICIENT SETUP/HOLD TIME - POTENTIAL MEMORY DATA CORRUPTION" {0 0 0};
    %jmp T_5;
    .thread T_5, $push;
    .scope S_0x7fe9c99054f0;
T_6 ;
    %wait E_0x7fe9c9916220;
    %load/vec4 v0x7fe9c9922680_0;
    %cmpi/e 1, 0, 1;
    %jmp/0xz  T_6.0, 4;
    %pushi/vec4 0, 0, 1;
    %assign/vec4 v0x7fe9c9922710_0, 0;
    %jmp T_6.1;
T_6.0 ;
    %load/vec4 v0x7fe9c9922980_0;
    %parti/s 1, 0, 2;
    %cmpi/e 0, 0, 1;
    %jmp/0xz  T_6.2, 4;
    %pushi/vec4 0, 0, 1;
    %assign/vec4 v0x7fe9c99227c0_0, 0;
    %load/vec4 v0x7fe9c9922980_0;
    %parti/s 2, 1, 2;
    %dup/vec4;
    %pushi/vec4 0, 0, 2;
    %cmp/u;
    %jmp/1 T_6.4, 6;
    %dup/vec4;
    %pushi/vec4 1, 0, 2;
    %cmp/u;
    %jmp/1 T_6.5, 6;
    %dup/vec4;
    %pushi/vec4 2, 0, 2;
    %cmp/u;
    %jmp/1 T_6.6, 6;
    %dup/vec4;
    %pushi/vec4 3, 0, 2;
    %cmp/u;
    %jmp/1 T_6.7, 6;
    %jmp T_6.8;
T_6.4 ;
    %pushi/vec4 0, 0, 52;
    %assign/vec4 v0x7fe9c9922490_0, 0;
    %jmp T_6.8;
T_6.5 ;
    %pushi/vec4 4294967295, 0, 32;
    %concati/vec4 1048575, 0, 20;
    %assign/vec4 v0x7fe9c9922490_0, 0;
    %jmp T_6.8;
T_6.6 ;
    %pushi/vec4 2863311530, 0, 33;
    %concati/vec4 349525, 0, 19;
    %assign/vec4 v0x7fe9c9922490_0, 0;
    %jmp T_6.8;
T_6.7 ;
    %pushi/vec4 2863311530, 0, 32;
    %concati/vec4 699050, 0, 20;
    %assign/vec4 v0x7fe9c9922490_0, 0;
    %jmp T_6.8;
T_6.8 ;
    %pop/vec4 1;
    %load/vec4 v0x7fe9c99222e0_0;
    %split/vec4 2;
    %assign/vec4 v0x7fe9c9922370_0, 0;
    %assign/vec4 v0x7fe9c99228f0_0, 0;
    %jmp T_6.3;
T_6.2 ;
    %pushi/vec4 1, 0, 1;
    %assign/vec4 v0x7fe9c99227c0_0, 0;
    %load/vec4 v0x7fe9c99222e0_0;
    %split/vec4 2;
    %assign/vec4 v0x7fe9c9922370_0, 0;
    %assign/vec4 v0x7fe9c99228f0_0, 0;
T_6.3 ;
T_6.1 ;
    %jmp T_6;
    .thread T_6;
    .scope S_0x7fe9c8f05db0;
T_7 ;
    %delay 500, 0;
    %load/vec4 v0x7fe9c9922c80_0;
    %inv;
    %assign/vec4 v0x7fe9c9922c80_0, 0;
    %jmp T_7;
    .thread T_7;
    .scope S_0x7fe9c8f05db0;
T_8 ;
    %pushi/vec4 1, 0, 1;
    %assign/vec4 v0x7fe9c9922c80_0, 0;
    %pushi/vec4 0, 0, 1;
    %assign/vec4 v0x7fe9c9922e70_0, 0;
    %pushi/vec4 0, 0, 1;
    %assign/vec4 v0x7fe9c9922bc0_0, 0;
    %delay 2000, 0;
    %pushi/vec4 1, 0, 1;
    %assign/vec4 v0x7fe9c9922e70_0, 0;
    %pushi/vec4 1, 0, 1;
    %assign/vec4 v0x7fe9c9922bc0_0, 0;
    %delay 1000, 0;
    %pushi/vec4 0, 0, 1;
    %assign/vec4 v0x7fe9c9922bc0_0, 0;
    %delay 1030000, 0;
    %vpi_call 2 22 "$stop" {0 0 0};
    %end;
    .thread T_8;
# The file index is used to find the file name in the following table.
:file_names 5;
    "N/A";
    "<interactive>";
    "stimulus_Top_MBIST.v";
    "./Top_MBIST.v";
    "./rflp128x52mx4.v";
