#! /opt/local/bin/vvp
:ivl_version "10.1 (stable)" "(v10_1_1)";
:ivl_delay_selection "TYPICAL";
:vpi_time_precision + 0;
:vpi_module "system";
:vpi_module "vhdl_sys";
:vpi_module "v2005_math";
:vpi_module "va_math";
S_0x7fe0a5106d90 .scope module, "full_adder_1bit" "full_adder_1bit" 2 3;
 .timescale 0 0;
    .port_info 0 /OUTPUT 1 "sum"
    .port_info 1 /OUTPUT 1 "c_out"
    .port_info 2 /INPUT 1 "a"
    .port_info 3 /INPUT 1 "b"
    .port_info 4 /INPUT 1 "c_in"
o0x7fe098008008 .functor BUFZ 1, C4<z>; HiZ drive
o0x7fe098008038 .functor BUFZ 1, C4<z>; HiZ drive
L_0x7fe0a5117340 .functor XOR 1, o0x7fe098008008, o0x7fe098008038, C4<0>, C4<0>;
L_0x7fe0a51173f0 .functor AND 1, o0x7fe098008008, o0x7fe098008038, C4<1>, C4<1>;
o0x7fe098008098 .functor BUFZ 1, C4<z>; HiZ drive
L_0x7fe0a5117520 .functor XOR 1, L_0x7fe0a5117340, o0x7fe098008098, C4<0>, C4<0>;
L_0x7fe0a51175f0 .functor AND 1, L_0x7fe0a5117340, o0x7fe098008098, C4<1>, C4<1>;
L_0x7fe0a51176e0 .functor XOR 1, L_0x7fe0a51175f0, L_0x7fe0a51173f0, C4<0>, C4<0>;
v0x7fe0a5106f70_0 .net "a", 0 0, o0x7fe098008008;  0 drivers
v0x7fe0a5116e30_0 .net "b", 0 0, o0x7fe098008038;  0 drivers
v0x7fe0a5116ed0_0 .net "c1", 0 0, L_0x7fe0a51173f0;  1 drivers
v0x7fe0a5116f60_0 .net "c_in", 0 0, o0x7fe098008098;  0 drivers
v0x7fe0a5117000_0 .net "c_out", 0 0, L_0x7fe0a51176e0;  1 drivers
v0x7fe0a51170e0_0 .net "s1", 0 0, L_0x7fe0a5117340;  1 drivers
v0x7fe0a5117180_0 .net "s2", 0 0, L_0x7fe0a51175f0;  1 drivers
v0x7fe0a5117220_0 .net "sum", 0 0, L_0x7fe0a5117520;  1 drivers
# The file index is used to find the file name in the following table.
:file_names 3;
    "N/A";
    "<interactive>";
    "full_adder_1bit.v";
