#! /opt/local/bin/vvp
:ivl_version "10.1 (stable)" "(v10_1_1)";
:ivl_delay_selection "TYPICAL";
:vpi_time_precision + 0;
:vpi_module "system";
:vpi_module "vhdl_sys";
:vpi_module "v2005_math";
:vpi_module "va_math";
S_0x7f9343804170 .scope module, "MUX_4to1" "MUX_4to1" 2 3;
 .timescale 0 0;
    .port_info 0 /OUTPUT 1 "out"
    .port_info 1 /INPUT 4 "unnamed"
    .port_info 2 /INPUT 2 "unnamed"
L_0x7f9343814980 .functor AND 1, L_0x7f9332f040d0, L_0x7f9332f042b0, L_0x7f9332f043b0, C4<1>;
L_0x7f9332f040d0 .functor NOT 1, L_0x7f9343815350, C4<0>, C4<0>, C4<0>;
L_0x7f9332f042b0 .functor NOT 1, L_0x7f9332f041d0, C4<0>, C4<0>, C4<0>;
L_0x7f9332f044b0 .functor AND 1, L_0x7f9332f04680, L_0x7f9332f047a0, L_0x7f9332f04900, C4<1>;
L_0x7f9332f04680 .functor NOT 1, L_0x7f9332f045c0, C4<0>, C4<0>, C4<0>;
L_0x7f9332f049e0 .functor AND 1, L_0x7f9332f04a50, L_0x7f9332f04c10, L_0x7f9332f04d40, C4<1>;
L_0x7f9332f04c10 .functor NOT 1, L_0x7f9332f04b70, C4<0>, C4<0>, C4<0>;
L_0x7f9332f04e70 .functor AND 1, L_0x7f9332f04ee0, L_0x7f9332f04f80, L_0x7f9332f051c0, C4<1>;
L_0x7f9332f052e0 .functor OR 1, L_0x7f9343814980, L_0x7f9332f044b0, L_0x7f9332f049e0, L_0x7f9332f04e70;
v0x7f9343804330_0 .net *"_s10", 0 0, L_0x7f9332f043b0;  1 drivers
v0x7f93438143f0_0 .net *"_s13", 0 0, L_0x7f9332f045c0;  1 drivers
v0x7f9343814490_0 .net *"_s14", 0 0, L_0x7f9332f04680;  1 drivers
v0x7f9343814540_0 .net *"_s17", 0 0, L_0x7f9332f047a0;  1 drivers
v0x7f93438145f0_0 .net *"_s19", 0 0, L_0x7f9332f04900;  1 drivers
v0x7f93438146e0_0 .net *"_s2", 0 0, L_0x7f9343815350;  1 drivers
v0x7f9343814790_0 .net *"_s22", 0 0, L_0x7f9332f04a50;  1 drivers
v0x7f9343814840_0 .net *"_s24", 0 0, L_0x7f9332f04b70;  1 drivers
v0x7f93438148f0_0 .net *"_s25", 0 0, L_0x7f9332f04c10;  1 drivers
v0x7f9343814a00_0 .net *"_s28", 0 0, L_0x7f9332f04d40;  1 drivers
v0x7f9343814ab0_0 .net *"_s3", 0 0, L_0x7f9332f040d0;  1 drivers
v0x7f9343814b60_0 .net *"_s31", 0 0, L_0x7f9332f04ee0;  1 drivers
v0x7f9343814c10_0 .net *"_s33", 0 0, L_0x7f9332f04f80;  1 drivers
v0x7f9343814cc0_0 .net *"_s35", 0 0, L_0x7f9332f051c0;  1 drivers
v0x7f9343814d70_0 .net *"_s6", 0 0, L_0x7f9332f041d0;  1 drivers
v0x7f9343814e20_0 .net *"_s7", 0 0, L_0x7f9332f042b0;  1 drivers
o0x7f9338008308 .functor BUFZ 4, C4<zzzz>; HiZ drive
v0x7f9343814ed0_0 .net "a", 3 0, o0x7f9338008308;  0 drivers
v0x7f9343815060 .array "andout", 0 3;
v0x7f9343815060_0 .net v0x7f9343815060 0, 0 0, L_0x7f9343814980; 1 drivers
v0x7f9343815060_1 .net v0x7f9343815060 1, 0 0, L_0x7f9332f044b0; 1 drivers
v0x7f9343815060_2 .net v0x7f9343815060 2, 0 0, L_0x7f9332f049e0; 1 drivers
v0x7f9343815060_3 .net v0x7f9343815060 3, 0 0, L_0x7f9332f04e70; 1 drivers
v0x7f9343815130_0 .net "out", 0 0, L_0x7f9332f052e0;  1 drivers
o0x7f9338008428 .functor BUFZ 2, C4<zz>; HiZ drive
v0x7f93438151d0_0 .net "s", 1 0, o0x7f9338008428;  0 drivers
L_0x7f9343815350 .part o0x7f9338008428, 1, 1;
L_0x7f9332f041d0 .part o0x7f9338008428, 0, 1;
L_0x7f9332f043b0 .part o0x7f9338008308, 0, 1;
L_0x7f9332f045c0 .part o0x7f9338008428, 1, 1;
L_0x7f9332f047a0 .part o0x7f9338008428, 0, 1;
L_0x7f9332f04900 .part o0x7f9338008308, 1, 1;
L_0x7f9332f04a50 .part o0x7f9338008428, 1, 1;
L_0x7f9332f04b70 .part o0x7f9338008428, 0, 1;
L_0x7f9332f04d40 .part o0x7f9338008308, 2, 1;
L_0x7f9332f04ee0 .part o0x7f9338008428, 1, 1;
L_0x7f9332f04f80 .part o0x7f9338008428, 0, 1;
L_0x7f9332f051c0 .part o0x7f9338008308, 3, 1;
# The file index is used to find the file name in the following table.
:file_names 3;
    "N/A";
    "<interactive>";
    "MUX_4to1.v";
