#! /opt/local/bin/vvp
:ivl_version "10.1 (stable)" "(v10_1_1)";
:ivl_delay_selection "TYPICAL";
:vpi_time_precision + 0;
:vpi_module "system";
:vpi_module "vhdl_sys";
:vpi_module "v2005_math";
:vpi_module "va_math";
S_0x7fcc0a7042c0 .scope module, "MUX_8to1_behav" "MUX_8to1_behav" 2 3;
 .timescale 0 0;
    .port_info 0 /OUTPUT 1 "out"
    .port_info 1 /INPUT 8 "unnamed"
    .port_info 2 /INPUT 3 "unnamed"
o0x7fcc00008008 .functor BUFZ 8, C4<zzzzzzzz>; HiZ drive
v0x7fcc0a7044b0_0 .net "a", 7 0, o0x7fcc00008008;  0 drivers
v0x7fcc0a714570_0 .var "out", 0 0;
o0x7fcc00008068 .functor BUFZ 3, C4<zzz>; HiZ drive
v0x7fcc0a714610_0 .net "s", 2 0, o0x7fcc00008068;  0 drivers
E_0x7fcc0a704470 .event edge, v0x7fcc0a714610_0, v0x7fcc0a7044b0_0;
    .scope S_0x7fcc0a7042c0;
T_0 ;
    %wait E_0x7fcc0a704470;
    %load/vec4 v0x7fcc0a714610_0;
    %dup/vec4;
    %pushi/vec4 0, 0, 3;
    %cmp/u;
    %jmp/1 T_0.0, 6;
    %dup/vec4;
    %pushi/vec4 1, 0, 3;
    %cmp/u;
    %jmp/1 T_0.1, 6;
    %dup/vec4;
    %pushi/vec4 2, 0, 3;
    %cmp/u;
    %jmp/1 T_0.2, 6;
    %dup/vec4;
    %pushi/vec4 3, 0, 3;
    %cmp/u;
    %jmp/1 T_0.3, 6;
    %dup/vec4;
    %pushi/vec4 4, 0, 3;
    %cmp/u;
    %jmp/1 T_0.4, 6;
    %dup/vec4;
    %pushi/vec4 5, 0, 3;
    %cmp/u;
    %jmp/1 T_0.5, 6;
    %dup/vec4;
    %pushi/vec4 6, 0, 3;
    %cmp/u;
    %jmp/1 T_0.6, 6;
    %dup/vec4;
    %pushi/vec4 7, 0, 3;
    %cmp/u;
    %jmp/1 T_0.7, 6;
    %pushi/vec4 0, 0, 1;
    %store/vec4 v0x7fcc0a714570_0, 0, 1;
    %jmp T_0.9;
T_0.0 ;
    %load/vec4 v0x7fcc0a7044b0_0;
    %parti/s 1, 0, 2;
    %store/vec4 v0x7fcc0a714570_0, 0, 1;
    %jmp T_0.9;
T_0.1 ;
    %load/vec4 v0x7fcc0a7044b0_0;
    %parti/s 1, 1, 2;
    %store/vec4 v0x7fcc0a714570_0, 0, 1;
    %jmp T_0.9;
T_0.2 ;
    %load/vec4 v0x7fcc0a7044b0_0;
    %parti/s 1, 2, 3;
    %store/vec4 v0x7fcc0a714570_0, 0, 1;
    %jmp T_0.9;
T_0.3 ;
    %load/vec4 v0x7fcc0a7044b0_0;
    %parti/s 1, 3, 3;
    %store/vec4 v0x7fcc0a714570_0, 0, 1;
    %jmp T_0.9;
T_0.4 ;
    %load/vec4 v0x7fcc0a7044b0_0;
    %parti/s 1, 4, 4;
    %store/vec4 v0x7fcc0a714570_0, 0, 1;
    %jmp T_0.9;
T_0.5 ;
    %load/vec4 v0x7fcc0a7044b0_0;
    %parti/s 1, 5, 4;
    %store/vec4 v0x7fcc0a714570_0, 0, 1;
    %jmp T_0.9;
T_0.6 ;
    %load/vec4 v0x7fcc0a7044b0_0;
    %parti/s 1, 6, 4;
    %store/vec4 v0x7fcc0a714570_0, 0, 1;
    %jmp T_0.9;
T_0.7 ;
    %load/vec4 v0x7fcc0a7044b0_0;
    %parti/s 1, 7, 4;
    %store/vec4 v0x7fcc0a714570_0, 0, 1;
    %jmp T_0.9;
T_0.9 ;
    %pop/vec4 1;
    %jmp T_0;
    .thread T_0, $push;
# The file index is used to find the file name in the following table.
:file_names 3;
    "N/A";
    "<interactive>";
    "MUX_8to1_behav.v";
