#! /opt/local/bin/vvp
:ivl_version "10.1 (stable)" "(v10_1_1)";
:ivl_delay_selection "TYPICAL";
:vpi_time_precision - 11;
:vpi_module "system";
:vpi_module "vhdl_sys";
:vpi_module "v2005_math";
:vpi_module "va_math";
S_0x7fd831725320 .scope module, "MUX_tb" "MUX_tb" 2 6;
 .timescale -9 -11;
v0x7fd8317372e0_0 .net "behav_out", 0 0, v0x7fd831731c80_0;  1 drivers
v0x7fd831737370_0 .net "gate_out", 0 0, L_0x7fd83173a310;  1 drivers
v0x7fd831737420_0 .net "hierarchy_out", 0 0, L_0x7fd83173d310;  1 drivers
v0x7fd831737510_0 .var/i "i", 31 0;
v0x7fd8317375a0_0 .var "in", 7 0;
v0x7fd831737670_0 .var "s", 2 0;
S_0x7fd831724f50 .scope module, "mux_behav" "MUX_8to1_behav" 2 14, 3 3 0, S_0x7fd831725320;
 .timescale 0 0;
    .port_info 0 /OUTPUT 1 "out"
    .port_info 1 /INPUT 8 "unnamed"
    .port_info 2 /INPUT 3 "unnamed"
v0x7fd831723790_0 .net "a", 7 0, v0x7fd8317375a0_0;  1 drivers
v0x7fd831731c80_0 .var "out", 0 0;
v0x7fd831731d20_0 .net "s", 2 0, v0x7fd831737670_0;  1 drivers
E_0x7fd831723140 .event edge, v0x7fd831731d20_0, v0x7fd831723790_0;
S_0x7fd831731e30 .scope module, "mux_gate" "MUX_8to1_gate" 2 13, 4 3 0, S_0x7fd831725320;
 .timescale 0 0;
    .port_info 0 /OUTPUT 1 "out"
    .port_info 1 /INPUT 8 "unnamed"
    .port_info 2 /INPUT 3 "unnamed"
L_0x7fd831737700 .functor AND 1, L_0x7fd831737820, L_0x7fd831737a20, L_0x7fd831737b70, L_0x7fd831737c60;
L_0x7fd831737a20 .functor NOT 1, L_0x7fd831737980, C4<0>, C4<0>, C4<0>;
L_0x7fd831737b70 .functor NOT 1, L_0x7fd831737ad0, C4<0>, C4<0>, C4<0>;
L_0x7fd831737dc0 .functor AND 1, L_0x7fd831737e90, L_0x7fd831738140, L_0x7fd8317381f0, L_0x7fd831738290;
L_0x7fd831738140 .functor NOT 1, L_0x7fd831737fa0, C4<0>, C4<0>, C4<0>;
L_0x7fd831738370 .functor AND 1, L_0x7fd831738420, L_0x7fd831738550, L_0x7fd8317386f0, L_0x7fd8317387a0;
L_0x7fd8317386f0 .functor NOT 1, L_0x7fd8317385f0, C4<0>, C4<0>, C4<0>;
L_0x7fd831738880 .functor AND 1, L_0x7fd831738940, L_0x7fd831738a90, L_0x7fd831738b70, L_0x7fd831738c90;
L_0x7fd831738a20 .functor AND 1, L_0x7fd8317380d0, L_0x7fd831739140, L_0x7fd831739390, L_0x7fd831739400;
L_0x7fd8317380d0 .functor NOT 1, L_0x7fd831738de0, C4<0>, C4<0>, C4<0>;
L_0x7fd831739140 .functor NOT 1, L_0x7fd8317390a0, C4<0>, C4<0>, C4<0>;
L_0x7fd831739390 .functor NOT 1, L_0x7fd831739250, C4<0>, C4<0>, C4<0>;
L_0x7fd8317395a0 .functor AND 1, L_0x7fd8317397b0, L_0x7fd8317398c0, L_0x7fd831739970, L_0x7fd831739b10;
L_0x7fd8317397b0 .functor NOT 1, L_0x7fd831739640, C4<0>, C4<0>, C4<0>;
L_0x7fd8317398c0 .functor NOT 1, L_0x7fd831739820, C4<0>, C4<0>, C4<0>;
L_0x7fd8317396e0 .functor AND 1, L_0x7fd831739d60, L_0x7fd831739ea0, L_0x7fd831737d40, L_0x7fd83173a0c0;
L_0x7fd831739d60 .functor NOT 1, L_0x7fd831739bf0, C4<0>, C4<0>, C4<0>;
L_0x7fd831737d40 .functor NOT 1, L_0x7fd831739f40, C4<0>, C4<0>, C4<0>;
L_0x7fd83173a160 .functor AND 1, L_0x7fd831739e10, L_0x7fd83173a020, L_0x7fd83173a440, L_0x7fd83173a620;
L_0x7fd831739e10 .functor NOT 1, L_0x7fd83173a270, C4<0>, C4<0>, C4<0>;
L_0x7fd83173a310/0/0 .functor OR 1, L_0x7fd831737700, L_0x7fd831737dc0, L_0x7fd831738370, L_0x7fd831738880;
L_0x7fd83173a310/0/4 .functor OR 1, L_0x7fd831738a20, L_0x7fd8317395a0, L_0x7fd8317396e0, L_0x7fd83173a160;
L_0x7fd83173a310 .functor OR 1, L_0x7fd83173a310/0/0, L_0x7fd83173a310/0/4, C4<0>, C4<0>;
v0x7fd831732040_0 .net *"_s12", 0 0, L_0x7fd831737c60;  1 drivers
v0x7fd8317320f0_0 .net *"_s15", 0 0, L_0x7fd831737e90;  1 drivers
v0x7fd8317321a0_0 .net *"_s17", 0 0, L_0x7fd831737fa0;  1 drivers
v0x7fd831732260_0 .net *"_s18", 0 0, L_0x7fd831738140;  1 drivers
v0x7fd831732310_0 .net *"_s2", 0 0, L_0x7fd831737820;  1 drivers
v0x7fd831732400_0 .net *"_s21", 0 0, L_0x7fd8317381f0;  1 drivers
v0x7fd8317324b0_0 .net *"_s23", 0 0, L_0x7fd831738290;  1 drivers
v0x7fd831732560_0 .net *"_s26", 0 0, L_0x7fd831738420;  1 drivers
v0x7fd831732610_0 .net *"_s28", 0 0, L_0x7fd831738550;  1 drivers
v0x7fd831732720_0 .net *"_s30", 0 0, L_0x7fd8317385f0;  1 drivers
v0x7fd8317327d0_0 .net *"_s31", 0 0, L_0x7fd8317386f0;  1 drivers
v0x7fd831732880_0 .net *"_s34", 0 0, L_0x7fd8317387a0;  1 drivers
v0x7fd831732930_0 .net *"_s37", 0 0, L_0x7fd831738940;  1 drivers
v0x7fd8317329e0_0 .net *"_s39", 0 0, L_0x7fd831738a90;  1 drivers
v0x7fd831732a90_0 .net *"_s4", 0 0, L_0x7fd831737980;  1 drivers
v0x7fd831732b40_0 .net *"_s41", 0 0, L_0x7fd831738b70;  1 drivers
v0x7fd831732bf0_0 .net *"_s43", 0 0, L_0x7fd831738c90;  1 drivers
v0x7fd831732d80_0 .net *"_s46", 0 0, L_0x7fd831738de0;  1 drivers
v0x7fd831732e10_0 .net *"_s47", 0 0, L_0x7fd8317380d0;  1 drivers
v0x7fd831732ec0_0 .net *"_s5", 0 0, L_0x7fd831737a20;  1 drivers
v0x7fd831732f70_0 .net *"_s50", 0 0, L_0x7fd8317390a0;  1 drivers
v0x7fd831733020_0 .net *"_s51", 0 0, L_0x7fd831739140;  1 drivers
v0x7fd8317330d0_0 .net *"_s54", 0 0, L_0x7fd831739250;  1 drivers
v0x7fd831733180_0 .net *"_s55", 0 0, L_0x7fd831739390;  1 drivers
v0x7fd831733230_0 .net *"_s58", 0 0, L_0x7fd831739400;  1 drivers
v0x7fd8317332e0_0 .net *"_s61", 0 0, L_0x7fd831739640;  1 drivers
v0x7fd831733390_0 .net *"_s62", 0 0, L_0x7fd8317397b0;  1 drivers
v0x7fd831733440_0 .net *"_s65", 0 0, L_0x7fd831739820;  1 drivers
v0x7fd8317334f0_0 .net *"_s66", 0 0, L_0x7fd8317398c0;  1 drivers
v0x7fd8317335a0_0 .net *"_s69", 0 0, L_0x7fd831739970;  1 drivers
v0x7fd831733650_0 .net *"_s71", 0 0, L_0x7fd831739b10;  1 drivers
v0x7fd831733700_0 .net *"_s74", 0 0, L_0x7fd831739bf0;  1 drivers
v0x7fd8317337b0_0 .net *"_s75", 0 0, L_0x7fd831739d60;  1 drivers
v0x7fd831732ca0_0 .net *"_s78", 0 0, L_0x7fd831739ea0;  1 drivers
v0x7fd831733a40_0 .net *"_s8", 0 0, L_0x7fd831737ad0;  1 drivers
v0x7fd831733ad0_0 .net *"_s80", 0 0, L_0x7fd831739f40;  1 drivers
v0x7fd831733b70_0 .net *"_s81", 0 0, L_0x7fd831737d40;  1 drivers
v0x7fd831733c20_0 .net *"_s84", 0 0, L_0x7fd83173a0c0;  1 drivers
v0x7fd831733cd0_0 .net *"_s87", 0 0, L_0x7fd83173a270;  1 drivers
v0x7fd831733d80_0 .net *"_s88", 0 0, L_0x7fd831739e10;  1 drivers
v0x7fd831733e30_0 .net *"_s9", 0 0, L_0x7fd831737b70;  1 drivers
v0x7fd831733ee0_0 .net *"_s91", 0 0, L_0x7fd83173a020;  1 drivers
v0x7fd831733f90_0 .net *"_s93", 0 0, L_0x7fd83173a440;  1 drivers
v0x7fd831734040_0 .net *"_s95", 0 0, L_0x7fd83173a620;  1 drivers
v0x7fd8317340f0_0 .net "a", 7 0, v0x7fd8317375a0_0;  alias, 1 drivers
v0x7fd8317341b0 .array "andout", 0 7;
v0x7fd8317341b0_0 .net v0x7fd8317341b0 0, 0 0, L_0x7fd831737700; 1 drivers
v0x7fd8317341b0_1 .net v0x7fd8317341b0 1, 0 0, L_0x7fd831737dc0; 1 drivers
v0x7fd8317341b0_2 .net v0x7fd8317341b0 2, 0 0, L_0x7fd831738370; 1 drivers
v0x7fd8317341b0_3 .net v0x7fd8317341b0 3, 0 0, L_0x7fd831738880; 1 drivers
v0x7fd8317341b0_4 .net v0x7fd8317341b0 4, 0 0, L_0x7fd831738a20; 1 drivers
v0x7fd8317341b0_5 .net v0x7fd8317341b0 5, 0 0, L_0x7fd8317395a0; 1 drivers
v0x7fd8317341b0_6 .net v0x7fd8317341b0 6, 0 0, L_0x7fd8317396e0; 1 drivers
v0x7fd8317341b0_7 .net v0x7fd8317341b0 7, 0 0, L_0x7fd83173a160; 1 drivers
v0x7fd831734270_0 .net "out", 0 0, L_0x7fd83173a310;  alias, 1 drivers
v0x7fd831734310_0 .net "s", 2 0, v0x7fd831737670_0;  alias, 1 drivers
L_0x7fd831737820 .part v0x7fd831737670_0, 2, 1;
L_0x7fd831737980 .part v0x7fd831737670_0, 1, 1;
L_0x7fd831737ad0 .part v0x7fd831737670_0, 0, 1;
L_0x7fd831737c60 .part v0x7fd8317375a0_0, 0, 1;
L_0x7fd831737e90 .part v0x7fd831737670_0, 2, 1;
L_0x7fd831737fa0 .part v0x7fd831737670_0, 1, 1;
L_0x7fd8317381f0 .part v0x7fd831737670_0, 0, 1;
L_0x7fd831738290 .part v0x7fd8317375a0_0, 1, 1;
L_0x7fd831738420 .part v0x7fd831737670_0, 2, 1;
L_0x7fd831738550 .part v0x7fd831737670_0, 1, 1;
L_0x7fd8317385f0 .part v0x7fd831737670_0, 0, 1;
L_0x7fd8317387a0 .part v0x7fd8317375a0_0, 2, 1;
L_0x7fd831738940 .part v0x7fd831737670_0, 2, 1;
L_0x7fd831738a90 .part v0x7fd831737670_0, 1, 1;
L_0x7fd831738b70 .part v0x7fd831737670_0, 0, 1;
L_0x7fd831738c90 .part v0x7fd8317375a0_0, 3, 1;
L_0x7fd831738de0 .part v0x7fd831737670_0, 2, 1;
L_0x7fd8317390a0 .part v0x7fd831737670_0, 1, 1;
L_0x7fd831739250 .part v0x7fd831737670_0, 0, 1;
L_0x7fd831739400 .part v0x7fd8317375a0_0, 4, 1;
L_0x7fd831739640 .part v0x7fd831737670_0, 2, 1;
L_0x7fd831739820 .part v0x7fd831737670_0, 1, 1;
L_0x7fd831739970 .part v0x7fd831737670_0, 0, 1;
L_0x7fd831739b10 .part v0x7fd8317375a0_0, 5, 1;
L_0x7fd831739bf0 .part v0x7fd831737670_0, 2, 1;
L_0x7fd831739ea0 .part v0x7fd831737670_0, 1, 1;
L_0x7fd831739f40 .part v0x7fd831737670_0, 0, 1;
L_0x7fd83173a0c0 .part v0x7fd8317375a0_0, 6, 1;
L_0x7fd83173a270 .part v0x7fd831737670_0, 2, 1;
L_0x7fd83173a020 .part v0x7fd831737670_0, 1, 1;
L_0x7fd83173a440 .part v0x7fd831737670_0, 0, 1;
L_0x7fd83173a620 .part v0x7fd8317375a0_0, 7, 1;
S_0x7fd831734410 .scope module, "mux_hierarchy" "MUX_8to1_hierarchy" 2 15, 5 6 0, S_0x7fd831725320;
 .timescale 0 0;
    .port_info 0 /OUTPUT 1 "out"
    .port_info 1 /INPUT 8 "unnamed"
    .port_info 2 /INPUT 3 "unnamed"
v0x7fd831736fa0_0 .net "a", 7 0, v0x7fd8317375a0_0;  alias, 1 drivers
v0x7fd831737070 .array "mux_out", 0 1;
v0x7fd831737070_0 .net v0x7fd831737070 0, 0 0, L_0x7fd83173ba80; 1 drivers
v0x7fd831737070_1 .net v0x7fd831737070 1, 0 0, L_0x7fd83173ce40; 1 drivers
v0x7fd831737180_0 .net "out", 0 0, L_0x7fd83173d310;  alias, 1 drivers
v0x7fd831737210_0 .net "s", 2 0, v0x7fd831737670_0;  alias, 1 drivers
L_0x7fd83173bb80 .part v0x7fd8317375a0_0, 0, 4;
L_0x7fd83173bc20 .part v0x7fd831737670_0, 0, 2;
L_0x7fd83173cf80 .part v0x7fd8317375a0_0, 4, 4;
L_0x7fd83173d020 .part v0x7fd831737670_0, 0, 2;
L_0x7fd83173d400 .part v0x7fd831737670_0, 2, 1;
S_0x7fd831734630 .scope module, "mux2_1" "MUX_2to1" 5 16, 6 3 0, S_0x7fd831734410;
 .timescale 0 0;
    .port_info 0 /OUTPUT 1 "out"
    .port_info 1 /INPUT 1 "i1"
    .port_info 2 /INPUT 1 "i2"
    .port_info 3 /INPUT 1 "s"
L_0x7fd83173d0c0 .functor AND 1, L_0x7fd83173d1b0, L_0x7fd83173ba80, C4<1>, C4<1>;
L_0x7fd83173d1b0 .functor NOT 1, L_0x7fd83173d400, C4<0>, C4<0>, C4<0>;
L_0x7fd83173d220 .functor AND 1, L_0x7fd83173d400, L_0x7fd83173ce40, C4<1>, C4<1>;
L_0x7fd83173d310 .functor OR 1, L_0x7fd83173d0c0, L_0x7fd83173d220, C4<0>, C4<0>;
v0x7fd831734860_0 .net *"_s1", 0 0, L_0x7fd83173d1b0;  1 drivers
v0x7fd831734920 .array "andout", 0 1;
v0x7fd831734920_0 .net v0x7fd831734920 0, 0 0, L_0x7fd83173d0c0; 1 drivers
v0x7fd831734920_1 .net v0x7fd831734920 1, 0 0, L_0x7fd83173d220; 1 drivers
v0x7fd8317349e0_0 .net "i1", 0 0, L_0x7fd83173ba80;  alias, 1 drivers
v0x7fd831734a90_0 .net "i2", 0 0, L_0x7fd83173ce40;  alias, 1 drivers
v0x7fd831734b30_0 .net "out", 0 0, L_0x7fd83173d310;  alias, 1 drivers
v0x7fd831734c10_0 .net "s", 0 0, L_0x7fd83173d400;  1 drivers
S_0x7fd831734cf0 .scope module, "mux4_1" "MUX_4to1" 5 14, 7 3 0, S_0x7fd831734410;
 .timescale 0 0;
    .port_info 0 /OUTPUT 1 "out"
    .port_info 1 /INPUT 4 "unnamed"
    .port_info 2 /INPUT 2 "unnamed"
L_0x7fd83173a9b0 .functor AND 1, L_0x7fd83173aa20, L_0x7fd83173abb0, L_0x7fd83173aca0, C4<1>;
L_0x7fd83173aa20 .functor NOT 1, L_0x7fd83173a1d0, C4<0>, C4<0>, C4<0>;
L_0x7fd83173abb0 .functor NOT 1, L_0x7fd83173aad0, C4<0>, C4<0>, C4<0>;
L_0x7fd83173ad80 .functor AND 1, L_0x7fd83173ae90, L_0x7fd83173af80, L_0x7fd83173b0e0, C4<1>;
L_0x7fd83173ae90 .functor NOT 1, L_0x7fd83173adf0, C4<0>, C4<0>, C4<0>;
L_0x7fd83173b1c0 .functor AND 1, L_0x7fd83173b230, L_0x7fd83173b3f0, L_0x7fd83173b520, C4<1>;
L_0x7fd83173b3f0 .functor NOT 1, L_0x7fd83173b350, C4<0>, C4<0>, C4<0>;
L_0x7fd83173b650 .functor AND 1, L_0x7fd83173b6c0, L_0x7fd83173b760, L_0x7fd83173b960, C4<1>;
L_0x7fd83173ba80 .functor OR 1, L_0x7fd83173a9b0, L_0x7fd83173ad80, L_0x7fd83173b1c0, L_0x7fd83173b650;
v0x7fd831734f00_0 .net *"_s10", 0 0, L_0x7fd83173aca0;  1 drivers
v0x7fd831734fb0_0 .net *"_s13", 0 0, L_0x7fd83173adf0;  1 drivers
v0x7fd831735060_0 .net *"_s14", 0 0, L_0x7fd83173ae90;  1 drivers
v0x7fd831735120_0 .net *"_s17", 0 0, L_0x7fd83173af80;  1 drivers
v0x7fd8317351d0_0 .net *"_s19", 0 0, L_0x7fd83173b0e0;  1 drivers
v0x7fd8317352c0_0 .net *"_s2", 0 0, L_0x7fd83173a1d0;  1 drivers
v0x7fd831735370_0 .net *"_s22", 0 0, L_0x7fd83173b230;  1 drivers
v0x7fd831735420_0 .net *"_s24", 0 0, L_0x7fd83173b350;  1 drivers
v0x7fd8317354d0_0 .net *"_s25", 0 0, L_0x7fd83173b3f0;  1 drivers
v0x7fd8317355e0_0 .net *"_s28", 0 0, L_0x7fd83173b520;  1 drivers
v0x7fd831735690_0 .net *"_s3", 0 0, L_0x7fd83173aa20;  1 drivers
v0x7fd831735740_0 .net *"_s31", 0 0, L_0x7fd83173b6c0;  1 drivers
v0x7fd8317357f0_0 .net *"_s33", 0 0, L_0x7fd83173b760;  1 drivers
v0x7fd8317358a0_0 .net *"_s35", 0 0, L_0x7fd83173b960;  1 drivers
v0x7fd831735950_0 .net *"_s6", 0 0, L_0x7fd83173aad0;  1 drivers
v0x7fd831735a00_0 .net *"_s7", 0 0, L_0x7fd83173abb0;  1 drivers
v0x7fd831735ab0_0 .net "a", 3 0, L_0x7fd83173bb80;  1 drivers
v0x7fd831735c40 .array "andout", 0 3;
v0x7fd831735c40_0 .net v0x7fd831735c40 0, 0 0, L_0x7fd83173a9b0; 1 drivers
v0x7fd831735c40_1 .net v0x7fd831735c40 1, 0 0, L_0x7fd83173ad80; 1 drivers
v0x7fd831735c40_2 .net v0x7fd831735c40 2, 0 0, L_0x7fd83173b1c0; 1 drivers
v0x7fd831735c40_3 .net v0x7fd831735c40 3, 0 0, L_0x7fd83173b650; 1 drivers
v0x7fd831735d10_0 .net "out", 0 0, L_0x7fd83173ba80;  alias, 1 drivers
v0x7fd831735dc0_0 .net "s", 1 0, L_0x7fd83173bc20;  1 drivers
L_0x7fd83173a1d0 .part L_0x7fd83173bc20, 1, 1;
L_0x7fd83173aad0 .part L_0x7fd83173bc20, 0, 1;
L_0x7fd83173aca0 .part L_0x7fd83173bb80, 0, 1;
L_0x7fd83173adf0 .part L_0x7fd83173bc20, 1, 1;
L_0x7fd83173af80 .part L_0x7fd83173bc20, 0, 1;
L_0x7fd83173b0e0 .part L_0x7fd83173bb80, 1, 1;
L_0x7fd83173b230 .part L_0x7fd83173bc20, 1, 1;
L_0x7fd83173b350 .part L_0x7fd83173bc20, 0, 1;
L_0x7fd83173b520 .part L_0x7fd83173bb80, 2, 1;
L_0x7fd83173b6c0 .part L_0x7fd83173bc20, 1, 1;
L_0x7fd83173b760 .part L_0x7fd83173bc20, 0, 1;
L_0x7fd83173b960 .part L_0x7fd83173bb80, 3, 1;
S_0x7fd831735e50 .scope module, "mux4_2" "MUX_4to1" 5 15, 7 3 0, S_0x7fd831734410;
 .timescale 0 0;
    .port_info 0 /OUTPUT 1 "out"
    .port_info 1 /INPUT 4 "unnamed"
    .port_info 2 /INPUT 2 "unnamed"
L_0x7fd83173bcc0 .functor AND 1, L_0x7fd83173bdd0, L_0x7fd83173bf60, L_0x7fd83173c050, C4<1>;
L_0x7fd83173bdd0 .functor NOT 1, L_0x7fd83173bd30, C4<0>, C4<0>, C4<0>;
L_0x7fd83173bf60 .functor NOT 1, L_0x7fd83173be80, C4<0>, C4<0>, C4<0>;
L_0x7fd83173c130 .functor AND 1, L_0x7fd83173c280, L_0x7fd83173c370, L_0x7fd83173c500, C4<1>;
L_0x7fd83173c280 .functor NOT 1, L_0x7fd83173c1c0, C4<0>, C4<0>, C4<0>;
L_0x7fd83173c5e0 .functor AND 1, L_0x7fd83173c650, L_0x7fd83173c810, L_0x7fd83173c940, C4<1>;
L_0x7fd83173c810 .functor NOT 1, L_0x7fd83173c770, C4<0>, C4<0>, C4<0>;
L_0x7fd83173ca70 .functor AND 1, L_0x7fd83173cae0, L_0x7fd83173cb80, L_0x7fd83173c450, C4<1>;
L_0x7fd83173ce40 .functor OR 1, L_0x7fd83173bcc0, L_0x7fd83173c130, L_0x7fd83173c5e0, L_0x7fd83173ca70;
v0x7fd831736050_0 .net *"_s10", 0 0, L_0x7fd83173c050;  1 drivers
v0x7fd831736100_0 .net *"_s13", 0 0, L_0x7fd83173c1c0;  1 drivers
v0x7fd8317361b0_0 .net *"_s14", 0 0, L_0x7fd83173c280;  1 drivers
v0x7fd831736270_0 .net *"_s17", 0 0, L_0x7fd83173c370;  1 drivers
v0x7fd831736320_0 .net *"_s19", 0 0, L_0x7fd83173c500;  1 drivers
v0x7fd831736410_0 .net *"_s2", 0 0, L_0x7fd83173bd30;  1 drivers
v0x7fd8317364c0_0 .net *"_s22", 0 0, L_0x7fd83173c650;  1 drivers
v0x7fd831736570_0 .net *"_s24", 0 0, L_0x7fd83173c770;  1 drivers
v0x7fd831736620_0 .net *"_s25", 0 0, L_0x7fd83173c810;  1 drivers
v0x7fd831736730_0 .net *"_s28", 0 0, L_0x7fd83173c940;  1 drivers
v0x7fd8317367e0_0 .net *"_s3", 0 0, L_0x7fd83173bdd0;  1 drivers
v0x7fd831736890_0 .net *"_s31", 0 0, L_0x7fd83173cae0;  1 drivers
v0x7fd831736940_0 .net *"_s33", 0 0, L_0x7fd83173cb80;  1 drivers
v0x7fd8317369f0_0 .net *"_s35", 0 0, L_0x7fd83173c450;  1 drivers
v0x7fd831736aa0_0 .net *"_s6", 0 0, L_0x7fd83173be80;  1 drivers
v0x7fd831736b50_0 .net *"_s7", 0 0, L_0x7fd83173bf60;  1 drivers
v0x7fd831736c00_0 .net "a", 3 0, L_0x7fd83173cf80;  1 drivers
v0x7fd831736d90 .array "andout", 0 3;
v0x7fd831736d90_0 .net v0x7fd831736d90 0, 0 0, L_0x7fd83173bcc0; 1 drivers
v0x7fd831736d90_1 .net v0x7fd831736d90 1, 0 0, L_0x7fd83173c130; 1 drivers
v0x7fd831736d90_2 .net v0x7fd831736d90 2, 0 0, L_0x7fd83173c5e0; 1 drivers
v0x7fd831736d90_3 .net v0x7fd831736d90 3, 0 0, L_0x7fd83173ca70; 1 drivers
v0x7fd831736e60_0 .net "out", 0 0, L_0x7fd83173ce40;  alias, 1 drivers
v0x7fd831736f10_0 .net "s", 1 0, L_0x7fd83173d020;  1 drivers
L_0x7fd83173bd30 .part L_0x7fd83173d020, 1, 1;
L_0x7fd83173be80 .part L_0x7fd83173d020, 0, 1;
L_0x7fd83173c050 .part L_0x7fd83173cf80, 0, 1;
L_0x7fd83173c1c0 .part L_0x7fd83173d020, 1, 1;
L_0x7fd83173c370 .part L_0x7fd83173d020, 0, 1;
L_0x7fd83173c500 .part L_0x7fd83173cf80, 1, 1;
L_0x7fd83173c650 .part L_0x7fd83173d020, 1, 1;
L_0x7fd83173c770 .part L_0x7fd83173d020, 0, 1;
L_0x7fd83173c940 .part L_0x7fd83173cf80, 2, 1;
L_0x7fd83173cae0 .part L_0x7fd83173d020, 1, 1;
L_0x7fd83173cb80 .part L_0x7fd83173d020, 0, 1;
L_0x7fd83173c450 .part L_0x7fd83173cf80, 3, 1;
    .scope S_0x7fd831724f50;
T_0 ;
    %wait E_0x7fd831723140;
    %load/vec4 v0x7fd831731d20_0;
    %dup/vec4;
    %pushi/vec4 0, 0, 3;
    %cmp/u;
    %jmp/1 T_0.0, 6;
    %dup/vec4;
    %pushi/vec4 1, 0, 3;
    %cmp/u;
    %jmp/1 T_0.1, 6;
    %dup/vec4;
    %pushi/vec4 2, 0, 3;
    %cmp/u;
    %jmp/1 T_0.2, 6;
    %dup/vec4;
    %pushi/vec4 3, 0, 3;
    %cmp/u;
    %jmp/1 T_0.3, 6;
    %dup/vec4;
    %pushi/vec4 4, 0, 3;
    %cmp/u;
    %jmp/1 T_0.4, 6;
    %dup/vec4;
    %pushi/vec4 5, 0, 3;
    %cmp/u;
    %jmp/1 T_0.5, 6;
    %dup/vec4;
    %pushi/vec4 6, 0, 3;
    %cmp/u;
    %jmp/1 T_0.6, 6;
    %dup/vec4;
    %pushi/vec4 7, 0, 3;
    %cmp/u;
    %jmp/1 T_0.7, 6;
    %pushi/vec4 0, 0, 1;
    %store/vec4 v0x7fd831731c80_0, 0, 1;
    %jmp T_0.9;
T_0.0 ;
    %load/vec4 v0x7fd831723790_0;
    %parti/s 1, 0, 2;
    %store/vec4 v0x7fd831731c80_0, 0, 1;
    %jmp T_0.9;
T_0.1 ;
    %load/vec4 v0x7fd831723790_0;
    %parti/s 1, 1, 2;
    %store/vec4 v0x7fd831731c80_0, 0, 1;
    %jmp T_0.9;
T_0.2 ;
    %load/vec4 v0x7fd831723790_0;
    %parti/s 1, 2, 3;
    %store/vec4 v0x7fd831731c80_0, 0, 1;
    %jmp T_0.9;
T_0.3 ;
    %load/vec4 v0x7fd831723790_0;
    %parti/s 1, 3, 3;
    %store/vec4 v0x7fd831731c80_0, 0, 1;
    %jmp T_0.9;
T_0.4 ;
    %load/vec4 v0x7fd831723790_0;
    %parti/s 1, 4, 4;
    %store/vec4 v0x7fd831731c80_0, 0, 1;
    %jmp T_0.9;
T_0.5 ;
    %load/vec4 v0x7fd831723790_0;
    %parti/s 1, 5, 4;
    %store/vec4 v0x7fd831731c80_0, 0, 1;
    %jmp T_0.9;
T_0.6 ;
    %load/vec4 v0x7fd831723790_0;
    %parti/s 1, 6, 4;
    %store/vec4 v0x7fd831731c80_0, 0, 1;
    %jmp T_0.9;
T_0.7 ;
    %load/vec4 v0x7fd831723790_0;
    %parti/s 1, 7, 4;
    %store/vec4 v0x7fd831731c80_0, 0, 1;
    %jmp T_0.9;
T_0.9 ;
    %pop/vec4 1;
    %jmp T_0;
    .thread T_0, $push;
    .scope S_0x7fd831725320;
T_1 ;
    %pushi/vec4 0, 0, 32;
    %store/vec4 v0x7fd831737510_0, 0, 32;
    %end;
    .thread T_1;
    .scope S_0x7fd831725320;
T_2 ;
    %vpi_call 2 18 "$dumpfile", "MUX_tb.vcd" {0 0 0};
    %vpi_call 2 19 "$dumpvars", 32'sb00000000000000000000000000000000, S_0x7fd831725320 {0 0 0};
    %pushi/vec4 170, 0, 8;
    %store/vec4 v0x7fd8317375a0_0, 0, 8;
    %pushi/vec4 0, 0, 3;
    %store/vec4 v0x7fd831737670_0, 0, 3;
    %delay 1000, 0;
    %pushi/vec4 0, 0, 32;
    %store/vec4 v0x7fd831737510_0, 0, 32;
T_2.0 ;
    %load/vec4 v0x7fd831737510_0;
    %cmpi/s 7, 0, 32;
    %jmp/0xz T_2.1, 5;
    %load/vec4 v0x7fd831737670_0;
    %addi 1, 0, 3;
    %store/vec4 v0x7fd831737670_0, 0, 3;
    %delay 1000, 0;
    %load/vec4 v0x7fd831737510_0;
    %pushi/vec4 1, 0, 32;
    %add;
    %store/vec4 v0x7fd831737510_0, 0, 32;
    %jmp T_2.0;
T_2.1 ;
    %pushi/vec4 8, 0, 32;
    %store/vec4 v0x7fd831737510_0, 0, 32;
T_2.2 ;
    %pushi/vec4 1, 0, 32;
    %load/vec4 v0x7fd831737510_0;
    %cmp/s;
    %jmp/0xz T_2.3, 5;
    %load/vec4 v0x7fd831737670_0;
    %subi 1, 0, 3;
    %store/vec4 v0x7fd831737670_0, 0, 3;
    %delay 1000, 0;
    %load/vec4 v0x7fd831737510_0;
    %pushi/vec4 1, 0, 32;
    %sub;
    %store/vec4 v0x7fd831737510_0, 0, 32;
    %jmp T_2.2;
T_2.3 ;
    %vpi_call 2 33 "$finish" {0 0 0};
    %end;
    .thread T_2;
# The file index is used to find the file name in the following table.
:file_names 8;
    "N/A";
    "<interactive>";
    "MUX_tb.v";
    "./MUX_8to1_behav.v";
    "./MUX_8to1_gate.v";
    "./MUX_8to1_hierarchy.v";
    "./MUX_2to1.v";
    "./MUX_4to1.v";
