#! /opt/local/bin/vvp
:ivl_version "10.1 (stable)" "(v10_1_1)";
:ivl_delay_selection "TYPICAL";
:vpi_time_precision + 0;
:vpi_module "system";
:vpi_module "vhdl_sys";
:vpi_module "v2005_math";
:vpi_module "va_math";
S_0x7f806c804840 .scope module, "MUX_2to1" "MUX_2to1" 2 3;
 .timescale 0 0;
    .port_info 0 /OUTPUT 1 "out"
    .port_info 1 /INPUT 1 "i1"
    .port_info 2 /INPUT 1 "i2"
    .port_info 3 /INPUT 1 "s"
o0x7f8070040098 .functor BUFZ 1, C4<z>; HiZ drive
L_0x7f806c804d40 .functor AND 1, L_0x7f806c804e10, o0x7f8070040098, C4<1>, C4<1>;
o0x7f8070040128 .functor BUFZ 1, C4<z>; HiZ drive
L_0x7f806c804e10 .functor NOT 1, o0x7f8070040128, C4<0>, C4<0>, C4<0>;
o0x7f80700400c8 .functor BUFZ 1, C4<z>; HiZ drive
L_0x7f806c804ec0 .functor AND 1, o0x7f8070040128, o0x7f80700400c8, C4<1>, C4<1>;
L_0x7f806c804fd0 .functor OR 1, L_0x7f806c804d40, L_0x7f806c804ec0, C4<0>, C4<0>;
v0x7f806c8047b0_0 .net *"_s1", 0 0, L_0x7f806c804e10;  1 drivers
v0x7f806c8049a0 .array "andout", 0 1;
v0x7f806c8049a0_0 .net v0x7f806c8049a0 0, 0 0, L_0x7f806c804d40; 1 drivers
v0x7f806c8049a0_1 .net v0x7f806c8049a0 1, 0 0, L_0x7f806c804ec0; 1 drivers
v0x7f806c804a30_0 .net "i1", 0 0, o0x7f8070040098;  0 drivers
v0x7f806c804ae0_0 .net "i2", 0 0, o0x7f80700400c8;  0 drivers
v0x7f806c804b80_0 .net "out", 0 0, L_0x7f806c804fd0;  1 drivers
v0x7f806c804c60_0 .net "s", 0 0, o0x7f8070040128;  0 drivers
# The file index is used to find the file name in the following table.
:file_names 3;
    "N/A";
    "<interactive>";
    "MUX_2to1.v";
