#! /opt/local/bin/vvp
:ivl_version "10.1 (stable)" "(v10_1_1)";
:ivl_delay_selection "TYPICAL";
:vpi_time_precision + 0;
:vpi_module "system";
:vpi_module "vhdl_sys";
:vpi_module "v2005_math";
:vpi_module "va_math";
S_0x7fc809f06720 .scope module, "T_FF" "T_FF" 2 3;
 .timescale 0 0;
    .port_info 0 /OUTPUT 1 "q"
    .port_info 1 /INPUT 1 "clk"
    .port_info 2 /INPUT 1 "reset"
L_0x7fc809f1a680 .functor NOT 1, v0x7fc809f1a1e0_0, C4<0>, C4<0>, C4<0>;
o0x7fc810040008 .functor BUFZ 1, C4<z>; HiZ drive
v0x7fc809f1a390_0 .net "clk", 0 0, o0x7fc810040008;  0 drivers
v0x7fc809f1a430_0 .net "d", 0 0, L_0x7fc809f1a680;  1 drivers
v0x7fc809f1a4e0_0 .net "q", 0 0, v0x7fc809f1a1e0_0;  1 drivers
o0x7fc810040098 .functor BUFZ 1, C4<z>; HiZ drive
v0x7fc809f1a5b0_0 .net "reset", 0 0, o0x7fc810040098;  0 drivers
S_0x7fc809f0a260 .scope module, "dff0" "D_FF" 2 10, 3 1 0, S_0x7fc809f06720;
 .timescale 0 0;
    .port_info 0 /OUTPUT 1 "q"
    .port_info 1 /INPUT 1 "d"
    .port_info 2 /INPUT 1 "clk"
    .port_info 3 /INPUT 1 "reset"
v0x7fc809f068e0_0 .net "clk", 0 0, o0x7fc810040008;  alias, 0 drivers
v0x7fc809f1a140_0 .net "d", 0 0, L_0x7fc809f1a680;  alias, 1 drivers
v0x7fc809f1a1e0_0 .var "q", 0 0;
v0x7fc809f1a290_0 .net "reset", 0 0, o0x7fc810040098;  alias, 0 drivers
E_0x7fc809f07d30/0 .event negedge, v0x7fc809f068e0_0;
E_0x7fc809f07d30/1 .event posedge, v0x7fc809f1a290_0;
E_0x7fc809f07d30 .event/or E_0x7fc809f07d30/0, E_0x7fc809f07d30/1;
    .scope S_0x7fc809f0a260;
T_0 ;
    %wait E_0x7fc809f07d30;
    %load/vec4 v0x7fc809f1a290_0;
    %flag_set/vec4 8;
    %jmp/0xz  T_0.0, 8;
    %pushi/vec4 0, 0, 1;
    %assign/vec4 v0x7fc809f1a1e0_0, 0;
    %jmp T_0.1;
T_0.0 ;
    %load/vec4 v0x7fc809f1a140_0;
    %assign/vec4 v0x7fc809f1a1e0_0, 0;
T_0.1 ;
    %jmp T_0;
    .thread T_0;
# The file index is used to find the file name in the following table.
:file_names 4;
    "N/A";
    "<interactive>";
    "T_FF.v";
    "./D_FF.v";
