#! /opt/local/bin/vvp
:ivl_version "10.1 (stable)" "(v10_1_1)";
:ivl_delay_selection "TYPICAL";
:vpi_time_precision + 0;
:vpi_module "system";
:vpi_module "vhdl_sys";
:vpi_module "v2005_math";
:vpi_module "va_math";
S_0x7fb65b938e60 .scope module, "Full_adder_26bits" "Full_adder_26bits" 2 4;
 .timescale 0 0;
    .port_info 0 /OUTPUT 27 "sum"
    .port_info 1 /INPUT 26 "a"
    .port_info 2 /INPUT 26 "b"
    .port_info 3 /INPUT 1 "c_in"
o0x7fb64000bf68 .functor BUFZ 26, C4<zzzzzzzzzzzzzzzzzzzzzzzzzz>; HiZ drive
v0x7fb65b8210c0_0 .net "a", 25 0, o0x7fb64000bf68;  0 drivers
o0x7fb64000bf98 .functor BUFZ 26, C4<zzzzzzzzzzzzzzzzzzzzzzzzzz>; HiZ drive
v0x7fb65b821160_0 .net "b", 25 0, o0x7fb64000bf98;  0 drivers
v0x7fb65b821200_0 .net "c", 24 0, L_0x7fb65b82bdc0;  1 drivers
o0x7fb640008098 .functor BUFZ 1, C4<z>; HiZ drive
v0x7fb65b8212a0_0 .net "c_in", 0 0, o0x7fb640008098;  0 drivers
v0x7fb65b821350_0 .net "sum", 26 0, L_0x7fb65b82cb40;  1 drivers
L_0x7fb65b821950 .part o0x7fb64000bf68, 0, 1;
L_0x7fb65b8219f0 .part o0x7fb64000bf98, 0, 1;
L_0x7fb65b821f70 .part o0x7fb64000bf68, 1, 1;
L_0x7fb65b822050 .part o0x7fb64000bf98, 1, 1;
L_0x7fb65b822130 .part L_0x7fb65b82bdc0, 0, 1;
L_0x7fb65b822680 .part o0x7fb64000bf68, 2, 1;
L_0x7fb65b822720 .part o0x7fb64000bf98, 2, 1;
L_0x7fb65b822800 .part L_0x7fb65b82bdc0, 1, 1;
L_0x7fb65b822d40 .part o0x7fb64000bf68, 3, 1;
L_0x7fb65b822eb0 .part o0x7fb64000bf98, 3, 1;
L_0x7fb65b822fd0 .part L_0x7fb65b82bdc0, 2, 1;
L_0x7fb65b823470 .part o0x7fb64000bf68, 4, 1;
L_0x7fb65b823510 .part o0x7fb64000bf98, 4, 1;
L_0x7fb65b823620 .part L_0x7fb65b82bdc0, 3, 1;
L_0x7fb65b823b40 .part o0x7fb64000bf68, 5, 1;
L_0x7fb65b823c60 .part o0x7fb64000bf98, 5, 1;
L_0x7fb65b823d00 .part L_0x7fb65b82bdc0, 4, 1;
L_0x7fb65b8241e0 .part o0x7fb64000bf68, 6, 1;
L_0x7fb65b824280 .part o0x7fb64000bf98, 6, 1;
L_0x7fb65b8243c0 .part L_0x7fb65b82bdc0, 5, 1;
L_0x7fb65b824870 .part o0x7fb64000bf68, 7, 1;
L_0x7fb65b824320 .part o0x7fb64000bf98, 7, 1;
L_0x7fb65b824bc0 .part L_0x7fb65b82bdc0, 6, 1;
L_0x7fb65b825020 .part o0x7fb64000bf68, 8, 1;
L_0x7fb65b8250c0 .part o0x7fb64000bf98, 8, 1;
L_0x7fb65b825230 .part L_0x7fb65b82bdc0, 7, 1;
L_0x7fb65b825750 .part o0x7fb64000bf68, 9, 1;
L_0x7fb65b8258d0 .part o0x7fb64000bf98, 9, 1;
L_0x7fb65b825970 .part L_0x7fb65b82bdc0, 8, 1;
L_0x7fb65b825e00 .part o0x7fb64000bf68, 10, 1;
L_0x7fb65b825ea0 .part o0x7fb64000bf98, 10, 1;
L_0x7fb65b826040 .part L_0x7fb65b82bdc0, 9, 1;
L_0x7fb65b826490 .part o0x7fb64000bf68, 11, 1;
L_0x7fb65b825f40 .part o0x7fb64000bf98, 11, 1;
L_0x7fb65b826640 .part L_0x7fb65b82bdc0, 10, 1;
L_0x7fb65b826b40 .part o0x7fb64000bf68, 12, 1;
L_0x7fb65b826be0 .part o0x7fb64000bf98, 12, 1;
L_0x7fb65b8266e0 .part L_0x7fb65b82bdc0, 11, 1;
L_0x7fb65b8271e0 .part o0x7fb64000bf68, 13, 1;
L_0x7fb65b826c80 .part o0x7fb64000bf98, 13, 1;
L_0x7fb65b8273c0 .part L_0x7fb65b82bdc0, 12, 1;
L_0x7fb65b827890 .part o0x7fb64000bf68, 14, 1;
L_0x7fb65b827930 .part o0x7fb64000bf98, 14, 1;
L_0x7fb65b827460 .part L_0x7fb65b82bdc0, 13, 1;
L_0x7fb65b827f20 .part o0x7fb64000bf68, 15, 1;
L_0x7fb65b824910 .part o0x7fb64000bf98, 15, 1;
L_0x7fb65b824ac0 .part L_0x7fb65b82bdc0, 14, 1;
L_0x7fb65b8287d0 .part o0x7fb64000bf68, 16, 1;
L_0x7fb65b828870 .part o0x7fb64000bf98, 16, 1;
L_0x7fb65b828530 .part L_0x7fb65b82bdc0, 15, 1;
L_0x7fb65b828f40 .part o0x7fb64000bf68, 17, 1;
L_0x7fb65b828910 .part o0x7fb64000bf98, 17, 1;
L_0x7fb65b8289b0 .part L_0x7fb65b82bdc0, 16, 1;
L_0x7fb65b8295f0 .part o0x7fb64000bf68, 18, 1;
L_0x7fb65b829690 .part o0x7fb64000bf98, 18, 1;
L_0x7fb65b828fe0 .part L_0x7fb65b82bdc0, 17, 1;
L_0x7fb65b829c90 .part o0x7fb64000bf68, 19, 1;
L_0x7fb65b829730 .part o0x7fb64000bf98, 19, 1;
L_0x7fb65b8297d0 .part L_0x7fb65b82bdc0, 18, 1;
L_0x7fb65b82a340 .part o0x7fb64000bf68, 20, 1;
L_0x7fb65b82a3e0 .part o0x7fb64000bf98, 20, 1;
L_0x7fb65b829d30 .part L_0x7fb65b82bdc0, 19, 1;
L_0x7fb65b82a9d0 .part o0x7fb64000bf68, 21, 1;
L_0x7fb65b82a480 .part o0x7fb64000bf98, 21, 1;
L_0x7fb65b82a520 .part L_0x7fb65b82bdc0, 20, 1;
L_0x7fb65b82b070 .part o0x7fb64000bf68, 22, 1;
L_0x7fb65b82b110 .part o0x7fb64000bf98, 22, 1;
L_0x7fb65b82aa70 .part L_0x7fb65b82bdc0, 21, 1;
L_0x7fb65b82b710 .part o0x7fb64000bf68, 23, 1;
L_0x7fb65b82b1b0 .part o0x7fb64000bf98, 23, 1;
L_0x7fb65b82b250 .part L_0x7fb65b82bdc0, 22, 1;
LS_0x7fb65b82bdc0_0_0 .concat8 [ 1 1 1 1], L_0x7fb65b8217f0, L_0x7fb65b821e30, L_0x7fb65b822540, L_0x7fb65b822c00;
LS_0x7fb65b82bdc0_0_4 .concat8 [ 1 1 1 1], L_0x7fb65b823330, L_0x7fb65b823a00, L_0x7fb65b8240a0, L_0x7fb65b824730;
LS_0x7fb65b82bdc0_0_8 .concat8 [ 1 1 1 1], L_0x7fb65b824ee0, L_0x7fb65b825610, L_0x7fb65b825cc0, L_0x7fb65b826350;
LS_0x7fb65b82bdc0_0_12 .concat8 [ 1 1 1 1], L_0x7fb65b826a00, L_0x7fb65b8270a0, L_0x7fb65b827750, L_0x7fb65b827de0;
LS_0x7fb65b82bdc0_0_16 .concat8 [ 1 1 1 1], L_0x7fb65b8286b0, L_0x7fb65b828e00, L_0x7fb65b8294b0, L_0x7fb65b829b50;
LS_0x7fb65b82bdc0_0_20 .concat8 [ 1 1 1 1], L_0x7fb65b82a200, L_0x7fb65b82a890, L_0x7fb65b82af30, L_0x7fb65b82b5d0;
LS_0x7fb65b82bdc0_0_24 .concat8 [ 1 0 0 0], L_0x7fb65b82bc80;
LS_0x7fb65b82bdc0_1_0 .concat8 [ 4 4 4 4], LS_0x7fb65b82bdc0_0_0, LS_0x7fb65b82bdc0_0_4, LS_0x7fb65b82bdc0_0_8, LS_0x7fb65b82bdc0_0_12;
LS_0x7fb65b82bdc0_1_4 .concat8 [ 4 4 1 0], LS_0x7fb65b82bdc0_0_16, LS_0x7fb65b82bdc0_0_20, LS_0x7fb65b82bdc0_0_24;
L_0x7fb65b82bdc0 .concat8 [ 16 9 0 0], LS_0x7fb65b82bdc0_1_0, LS_0x7fb65b82bdc0_1_4;
L_0x7fb65b82c570 .part o0x7fb64000bf68, 24, 1;
L_0x7fb65b82b7b0 .part o0x7fb64000bf98, 24, 1;
L_0x7fb65b82b850 .part L_0x7fb65b82bdc0, 23, 1;
LS_0x7fb65b82cb40_0_0 .concat8 [ 1 1 1 1], L_0x7fb65b821670, L_0x7fb65b821c90, L_0x7fb65b8223a0, L_0x7fb65b822a60;
LS_0x7fb65b82cb40_0_4 .concat8 [ 1 1 1 1], L_0x7fb65b8231b0, L_0x7fb65b823860, L_0x7fb65b823f20, L_0x7fb65b824590;
LS_0x7fb65b82cb40_0_8 .concat8 [ 1 1 1 1], L_0x7fb65b824d60, L_0x7fb65b825470, L_0x7fb65b825b40, L_0x7fb65b8261d0;
LS_0x7fb65b82cb40_0_12 .concat8 [ 1 1 1 1], L_0x7fb65b826880, L_0x7fb65b826f00, L_0x7fb65b8275b0, L_0x7fb65b827c40;
LS_0x7fb65b82cb40_0_16 .concat8 [ 1 1 1 1], L_0x7fb65b8281c0, L_0x7fb65b828ca0, L_0x7fb65b829310, L_0x7fb65b8299b0;
LS_0x7fb65b82cb40_0_20 .concat8 [ 1 1 1 1], L_0x7fb65b82a060, L_0x7fb65b82a6f0, L_0x7fb65b82ad90, L_0x7fb65b82b450;
LS_0x7fb65b82cb40_0_24 .concat8 [ 1 1 1 0], L_0x7fb65b82bae0, L_0x7fb65b82c8f0, L_0x7fb65b82ca50;
LS_0x7fb65b82cb40_1_0 .concat8 [ 4 4 4 4], LS_0x7fb65b82cb40_0_0, LS_0x7fb65b82cb40_0_4, LS_0x7fb65b82cb40_0_8, LS_0x7fb65b82cb40_0_12;
LS_0x7fb65b82cb40_1_4 .concat8 [ 4 4 3 0], LS_0x7fb65b82cb40_0_16, LS_0x7fb65b82cb40_0_20, LS_0x7fb65b82cb40_0_24;
L_0x7fb65b82cb40 .concat8 [ 16 11 0 0], LS_0x7fb65b82cb40_1_0, LS_0x7fb65b82cb40_1_4;
L_0x7fb65b82d380 .part o0x7fb64000bf68, 25, 1;
L_0x7fb65b82c610 .part o0x7fb64000bf98, 25, 1;
L_0x7fb65b82c6b0 .part L_0x7fb65b82bdc0, 24, 1;
S_0x7fb65b804110 .scope module, "fa0" "Full_adder_1bit" 2 12, 3 4 0, S_0x7fb65b938e60;
 .timescale 0 0;
    .port_info 0 /OUTPUT 1 "sum"
    .port_info 1 /OUTPUT 1 "c_out"
    .port_info 2 /INPUT 1 "a"
    .port_info 3 /INPUT 1 "b"
    .port_info 4 /INPUT 1 "c_in"
L_0x7fb65b821470 .functor XOR 1, L_0x7fb65b821950, L_0x7fb65b8219f0, C4<0>, C4<0>;
L_0x7fb65b821540 .functor AND 1, L_0x7fb65b821950, L_0x7fb65b8219f0, C4<1>, C4<1>;
L_0x7fb65b821670 .functor XOR 1, L_0x7fb65b821470, o0x7fb640008098, C4<0>, C4<0>;
L_0x7fb65b821760 .functor AND 1, L_0x7fb65b821470, o0x7fb640008098, C4<1>, C4<1>;
L_0x7fb65b8217f0 .functor XOR 1, L_0x7fb65b821760, L_0x7fb65b821540, C4<0>, C4<0>;
v0x7fb65b804380_0 .net "a", 0 0, L_0x7fb65b821950;  1 drivers
v0x7fb65b814430_0 .net "b", 0 0, L_0x7fb65b8219f0;  1 drivers
v0x7fb65b8144d0_0 .net "c1", 0 0, L_0x7fb65b821540;  1 drivers
v0x7fb65b814580_0 .net "c_in", 0 0, o0x7fb640008098;  alias, 0 drivers
v0x7fb65b814620_0 .net "c_out", 0 0, L_0x7fb65b8217f0;  1 drivers
v0x7fb65b814700_0 .net "s1", 0 0, L_0x7fb65b821470;  1 drivers
v0x7fb65b8147a0_0 .net "s2", 0 0, L_0x7fb65b821760;  1 drivers
v0x7fb65b814840_0 .net "sum", 0 0, L_0x7fb65b821670;  1 drivers
S_0x7fb65b814960 .scope module, "fa1" "Full_adder_1bit" 2 13, 3 4 0, S_0x7fb65b938e60;
 .timescale 0 0;
    .port_info 0 /OUTPUT 1 "sum"
    .port_info 1 /OUTPUT 1 "c_out"
    .port_info 2 /INPUT 1 "a"
    .port_info 3 /INPUT 1 "b"
    .port_info 4 /INPUT 1 "c_in"
L_0x7fb65b821a90 .functor XOR 1, L_0x7fb65b821f70, L_0x7fb65b822050, C4<0>, C4<0>;
L_0x7fb65b821b60 .functor AND 1, L_0x7fb65b821f70, L_0x7fb65b822050, C4<1>, C4<1>;
L_0x7fb65b821c90 .functor XOR 1, L_0x7fb65b821a90, L_0x7fb65b822130, C4<0>, C4<0>;
L_0x7fb65b821d40 .functor AND 1, L_0x7fb65b821a90, L_0x7fb65b822130, C4<1>, C4<1>;
L_0x7fb65b821e30 .functor XOR 1, L_0x7fb65b821d40, L_0x7fb65b821b60, C4<0>, C4<0>;
v0x7fb65b814b90_0 .net "a", 0 0, L_0x7fb65b821f70;  1 drivers
v0x7fb65b814c20_0 .net "b", 0 0, L_0x7fb65b822050;  1 drivers
v0x7fb65b814cc0_0 .net "c1", 0 0, L_0x7fb65b821b60;  1 drivers
v0x7fb65b814d70_0 .net "c_in", 0 0, L_0x7fb65b822130;  1 drivers
v0x7fb65b814e10_0 .net "c_out", 0 0, L_0x7fb65b821e30;  1 drivers
v0x7fb65b814ef0_0 .net "s1", 0 0, L_0x7fb65b821a90;  1 drivers
v0x7fb65b814f90_0 .net "s2", 0 0, L_0x7fb65b821d40;  1 drivers
v0x7fb65b815030_0 .net "sum", 0 0, L_0x7fb65b821c90;  1 drivers
S_0x7fb65b815150 .scope module, "fa10" "Full_adder_1bit" 2 24, 3 4 0, S_0x7fb65b938e60;
 .timescale 0 0;
    .port_info 0 /OUTPUT 1 "sum"
    .port_info 1 /OUTPUT 1 "c_out"
    .port_info 2 /INPUT 1 "a"
    .port_info 3 /INPUT 1 "b"
    .port_info 4 /INPUT 1 "c_in"
L_0x7fb65b825160 .functor XOR 1, L_0x7fb65b825e00, L_0x7fb65b825ea0, C4<0>, C4<0>;
L_0x7fb65b8257f0 .functor AND 1, L_0x7fb65b825e00, L_0x7fb65b825ea0, C4<1>, C4<1>;
L_0x7fb65b825b40 .functor XOR 1, L_0x7fb65b825160, L_0x7fb65b826040, C4<0>, C4<0>;
L_0x7fb65b825bf0 .functor AND 1, L_0x7fb65b825160, L_0x7fb65b826040, C4<1>, C4<1>;
L_0x7fb65b825cc0 .functor XOR 1, L_0x7fb65b825bf0, L_0x7fb65b8257f0, C4<0>, C4<0>;
v0x7fb65b815380_0 .net "a", 0 0, L_0x7fb65b825e00;  1 drivers
v0x7fb65b815420_0 .net "b", 0 0, L_0x7fb65b825ea0;  1 drivers
v0x7fb65b8154c0_0 .net "c1", 0 0, L_0x7fb65b8257f0;  1 drivers
v0x7fb65b815570_0 .net "c_in", 0 0, L_0x7fb65b826040;  1 drivers
v0x7fb65b815610_0 .net "c_out", 0 0, L_0x7fb65b825cc0;  1 drivers
v0x7fb65b8156f0_0 .net "s1", 0 0, L_0x7fb65b825160;  1 drivers
v0x7fb65b815790_0 .net "s2", 0 0, L_0x7fb65b825bf0;  1 drivers
v0x7fb65b815830_0 .net "sum", 0 0, L_0x7fb65b825b40;  1 drivers
S_0x7fb65b815950 .scope module, "fa11" "Full_adder_1bit" 2 25, 3 4 0, S_0x7fb65b938e60;
 .timescale 0 0;
    .port_info 0 /OUTPUT 1 "sum"
    .port_info 1 /OUTPUT 1 "c_out"
    .port_info 2 /INPUT 1 "a"
    .port_info 3 /INPUT 1 "b"
    .port_info 4 /INPUT 1 "c_in"
L_0x7fb65b8260e0 .functor XOR 1, L_0x7fb65b826490, L_0x7fb65b825f40, C4<0>, C4<0>;
L_0x7fb65b825a30 .functor AND 1, L_0x7fb65b826490, L_0x7fb65b825f40, C4<1>, C4<1>;
L_0x7fb65b8261d0 .functor XOR 1, L_0x7fb65b8260e0, L_0x7fb65b826640, C4<0>, C4<0>;
L_0x7fb65b826280 .functor AND 1, L_0x7fb65b8260e0, L_0x7fb65b826640, C4<1>, C4<1>;
L_0x7fb65b826350 .functor XOR 1, L_0x7fb65b826280, L_0x7fb65b825a30, C4<0>, C4<0>;
v0x7fb65b815b80_0 .net "a", 0 0, L_0x7fb65b826490;  1 drivers
v0x7fb65b815c10_0 .net "b", 0 0, L_0x7fb65b825f40;  1 drivers
v0x7fb65b815cb0_0 .net "c1", 0 0, L_0x7fb65b825a30;  1 drivers
v0x7fb65b815d60_0 .net "c_in", 0 0, L_0x7fb65b826640;  1 drivers
v0x7fb65b815e00_0 .net "c_out", 0 0, L_0x7fb65b826350;  1 drivers
v0x7fb65b815ee0_0 .net "s1", 0 0, L_0x7fb65b8260e0;  1 drivers
v0x7fb65b815f80_0 .net "s2", 0 0, L_0x7fb65b826280;  1 drivers
v0x7fb65b816020_0 .net "sum", 0 0, L_0x7fb65b8261d0;  1 drivers
S_0x7fb65b816140 .scope module, "fa12" "Full_adder_1bit" 2 27, 3 4 0, S_0x7fb65b938e60;
 .timescale 0 0;
    .port_info 0 /OUTPUT 1 "sum"
    .port_info 1 /OUTPUT 1 "c_out"
    .port_info 2 /INPUT 1 "a"
    .port_info 3 /INPUT 1 "b"
    .port_info 4 /INPUT 1 "c_in"
L_0x7fb65b826530 .functor XOR 1, L_0x7fb65b826b40, L_0x7fb65b826be0, C4<0>, C4<0>;
L_0x7fb65b8265a0 .functor AND 1, L_0x7fb65b826b40, L_0x7fb65b826be0, C4<1>, C4<1>;
L_0x7fb65b826880 .functor XOR 1, L_0x7fb65b826530, L_0x7fb65b8266e0, C4<0>, C4<0>;
L_0x7fb65b826930 .functor AND 1, L_0x7fb65b826530, L_0x7fb65b8266e0, C4<1>, C4<1>;
L_0x7fb65b826a00 .functor XOR 1, L_0x7fb65b826930, L_0x7fb65b8265a0, C4<0>, C4<0>;
v0x7fb65b8163b0_0 .net "a", 0 0, L_0x7fb65b826b40;  1 drivers
v0x7fb65b816440_0 .net "b", 0 0, L_0x7fb65b826be0;  1 drivers
v0x7fb65b8164e0_0 .net "c1", 0 0, L_0x7fb65b8265a0;  1 drivers
v0x7fb65b816570_0 .net "c_in", 0 0, L_0x7fb65b8266e0;  1 drivers
v0x7fb65b816610_0 .net "c_out", 0 0, L_0x7fb65b826a00;  1 drivers
v0x7fb65b8166f0_0 .net "s1", 0 0, L_0x7fb65b826530;  1 drivers
v0x7fb65b816790_0 .net "s2", 0 0, L_0x7fb65b826930;  1 drivers
v0x7fb65b816830_0 .net "sum", 0 0, L_0x7fb65b826880;  1 drivers
S_0x7fb65b816950 .scope module, "fa13" "Full_adder_1bit" 2 28, 3 4 0, S_0x7fb65b938e60;
 .timescale 0 0;
    .port_info 0 /OUTPUT 1 "sum"
    .port_info 1 /OUTPUT 1 "c_out"
    .port_info 2 /INPUT 1 "a"
    .port_info 3 /INPUT 1 "b"
    .port_info 4 /INPUT 1 "c_in"
L_0x7fb65b826780 .functor XOR 1, L_0x7fb65b8271e0, L_0x7fb65b826c80, C4<0>, C4<0>;
L_0x7fb65b826dd0 .functor AND 1, L_0x7fb65b8271e0, L_0x7fb65b826c80, C4<1>, C4<1>;
L_0x7fb65b826f00 .functor XOR 1, L_0x7fb65b826780, L_0x7fb65b8273c0, C4<0>, C4<0>;
L_0x7fb65b826fb0 .functor AND 1, L_0x7fb65b826780, L_0x7fb65b8273c0, C4<1>, C4<1>;
L_0x7fb65b8270a0 .functor XOR 1, L_0x7fb65b826fb0, L_0x7fb65b826dd0, C4<0>, C4<0>;
v0x7fb65b816b80_0 .net "a", 0 0, L_0x7fb65b8271e0;  1 drivers
v0x7fb65b816c10_0 .net "b", 0 0, L_0x7fb65b826c80;  1 drivers
v0x7fb65b816cb0_0 .net "c1", 0 0, L_0x7fb65b826dd0;  1 drivers
v0x7fb65b816d60_0 .net "c_in", 0 0, L_0x7fb65b8273c0;  1 drivers
v0x7fb65b816e00_0 .net "c_out", 0 0, L_0x7fb65b8270a0;  1 drivers
v0x7fb65b816ee0_0 .net "s1", 0 0, L_0x7fb65b826780;  1 drivers
v0x7fb65b816f80_0 .net "s2", 0 0, L_0x7fb65b826fb0;  1 drivers
v0x7fb65b817020_0 .net "sum", 0 0, L_0x7fb65b826f00;  1 drivers
S_0x7fb65b817140 .scope module, "fa14" "Full_adder_1bit" 2 29, 3 4 0, S_0x7fb65b938e60;
 .timescale 0 0;
    .port_info 0 /OUTPUT 1 "sum"
    .port_info 1 /OUTPUT 1 "c_out"
    .port_info 2 /INPUT 1 "a"
    .port_info 3 /INPUT 1 "b"
    .port_info 4 /INPUT 1 "c_in"
L_0x7fb65b826d20 .functor XOR 1, L_0x7fb65b827890, L_0x7fb65b827930, C4<0>, C4<0>;
L_0x7fb65b827280 .functor AND 1, L_0x7fb65b827890, L_0x7fb65b827930, C4<1>, C4<1>;
L_0x7fb65b8275b0 .functor XOR 1, L_0x7fb65b826d20, L_0x7fb65b827460, C4<0>, C4<0>;
L_0x7fb65b827660 .functor AND 1, L_0x7fb65b826d20, L_0x7fb65b827460, C4<1>, C4<1>;
L_0x7fb65b827750 .functor XOR 1, L_0x7fb65b827660, L_0x7fb65b827280, C4<0>, C4<0>;
v0x7fb65b817370_0 .net "a", 0 0, L_0x7fb65b827890;  1 drivers
v0x7fb65b817400_0 .net "b", 0 0, L_0x7fb65b827930;  1 drivers
v0x7fb65b8174a0_0 .net "c1", 0 0, L_0x7fb65b827280;  1 drivers
v0x7fb65b817550_0 .net "c_in", 0 0, L_0x7fb65b827460;  1 drivers
v0x7fb65b8175f0_0 .net "c_out", 0 0, L_0x7fb65b827750;  1 drivers
v0x7fb65b8176d0_0 .net "s1", 0 0, L_0x7fb65b826d20;  1 drivers
v0x7fb65b817770_0 .net "s2", 0 0, L_0x7fb65b827660;  1 drivers
v0x7fb65b817810_0 .net "sum", 0 0, L_0x7fb65b8275b0;  1 drivers
S_0x7fb65b817930 .scope module, "fa15" "Full_adder_1bit" 2 30, 3 4 0, S_0x7fb65b938e60;
 .timescale 0 0;
    .port_info 0 /OUTPUT 1 "sum"
    .port_info 1 /OUTPUT 1 "c_out"
    .port_info 2 /INPUT 1 "a"
    .port_info 3 /INPUT 1 "b"
    .port_info 4 /INPUT 1 "c_in"
L_0x7fb65b827500 .functor XOR 1, L_0x7fb65b827f20, L_0x7fb65b824910, C4<0>, C4<0>;
L_0x7fb65b827b30 .functor AND 1, L_0x7fb65b827f20, L_0x7fb65b824910, C4<1>, C4<1>;
L_0x7fb65b827c40 .functor XOR 1, L_0x7fb65b827500, L_0x7fb65b824ac0, C4<0>, C4<0>;
L_0x7fb65b827cf0 .functor AND 1, L_0x7fb65b827500, L_0x7fb65b824ac0, C4<1>, C4<1>;
L_0x7fb65b827de0 .functor XOR 1, L_0x7fb65b827cf0, L_0x7fb65b827b30, C4<0>, C4<0>;
v0x7fb65b817b60_0 .net "a", 0 0, L_0x7fb65b827f20;  1 drivers
v0x7fb65b817bf0_0 .net "b", 0 0, L_0x7fb65b824910;  1 drivers
v0x7fb65b817c90_0 .net "c1", 0 0, L_0x7fb65b827b30;  1 drivers
v0x7fb65b817d40_0 .net "c_in", 0 0, L_0x7fb65b824ac0;  1 drivers
v0x7fb65b817de0_0 .net "c_out", 0 0, L_0x7fb65b827de0;  1 drivers
v0x7fb65b817ec0_0 .net "s1", 0 0, L_0x7fb65b827500;  1 drivers
v0x7fb65b817f60_0 .net "s2", 0 0, L_0x7fb65b827cf0;  1 drivers
v0x7fb65b818000_0 .net "sum", 0 0, L_0x7fb65b827c40;  1 drivers
S_0x7fb65b818120 .scope module, "fa16" "Full_adder_1bit" 2 32, 3 4 0, S_0x7fb65b938e60;
 .timescale 0 0;
    .port_info 0 /OUTPUT 1 "sum"
    .port_info 1 /OUTPUT 1 "c_out"
    .port_info 2 /INPUT 1 "a"
    .port_info 3 /INPUT 1 "b"
    .port_info 4 /INPUT 1 "c_in"
L_0x7fb65b8279d0 .functor XOR 1, L_0x7fb65b8287d0, L_0x7fb65b828870, C4<0>, C4<0>;
L_0x7fb65b827a40 .functor AND 1, L_0x7fb65b8287d0, L_0x7fb65b828870, C4<1>, C4<1>;
L_0x7fb65b8281c0 .functor XOR 1, L_0x7fb65b8279d0, L_0x7fb65b828530, C4<0>, C4<0>;
L_0x7fb65b828230 .functor AND 1, L_0x7fb65b8279d0, L_0x7fb65b828530, C4<1>, C4<1>;
L_0x7fb65b8286b0 .functor XOR 1, L_0x7fb65b828230, L_0x7fb65b827a40, C4<0>, C4<0>;
v0x7fb65b8183d0_0 .net "a", 0 0, L_0x7fb65b8287d0;  1 drivers
v0x7fb65b818460_0 .net "b", 0 0, L_0x7fb65b828870;  1 drivers
v0x7fb65b818500_0 .net "c1", 0 0, L_0x7fb65b827a40;  1 drivers
v0x7fb65b818590_0 .net "c_in", 0 0, L_0x7fb65b828530;  1 drivers
v0x7fb65b818620_0 .net "c_out", 0 0, L_0x7fb65b8286b0;  1 drivers
v0x7fb65b8186f0_0 .net "s1", 0 0, L_0x7fb65b8279d0;  1 drivers
v0x7fb65b818790_0 .net "s2", 0 0, L_0x7fb65b828230;  1 drivers
v0x7fb65b818830_0 .net "sum", 0 0, L_0x7fb65b8281c0;  1 drivers
S_0x7fb65b818950 .scope module, "fa17" "Full_adder_1bit" 2 33, 3 4 0, S_0x7fb65b938e60;
 .timescale 0 0;
    .port_info 0 /OUTPUT 1 "sum"
    .port_info 1 /OUTPUT 1 "c_out"
    .port_info 2 /INPUT 1 "a"
    .port_info 3 /INPUT 1 "b"
    .port_info 4 /INPUT 1 "c_in"
L_0x7fb65b8285d0 .functor XOR 1, L_0x7fb65b828f40, L_0x7fb65b828910, C4<0>, C4<0>;
L_0x7fb65b828640 .functor AND 1, L_0x7fb65b828f40, L_0x7fb65b828910, C4<1>, C4<1>;
L_0x7fb65b828ca0 .functor XOR 1, L_0x7fb65b8285d0, L_0x7fb65b8289b0, C4<0>, C4<0>;
L_0x7fb65b828d10 .functor AND 1, L_0x7fb65b8285d0, L_0x7fb65b8289b0, C4<1>, C4<1>;
L_0x7fb65b828e00 .functor XOR 1, L_0x7fb65b828d10, L_0x7fb65b828640, C4<0>, C4<0>;
v0x7fb65b818b80_0 .net "a", 0 0, L_0x7fb65b828f40;  1 drivers
v0x7fb65b818c10_0 .net "b", 0 0, L_0x7fb65b828910;  1 drivers
v0x7fb65b818cb0_0 .net "c1", 0 0, L_0x7fb65b828640;  1 drivers
v0x7fb65b818d60_0 .net "c_in", 0 0, L_0x7fb65b8289b0;  1 drivers
v0x7fb65b818e00_0 .net "c_out", 0 0, L_0x7fb65b828e00;  1 drivers
v0x7fb65b818ee0_0 .net "s1", 0 0, L_0x7fb65b8285d0;  1 drivers
v0x7fb65b818f80_0 .net "s2", 0 0, L_0x7fb65b828d10;  1 drivers
v0x7fb65b819020_0 .net "sum", 0 0, L_0x7fb65b828ca0;  1 drivers
S_0x7fb65b819140 .scope module, "fa18" "Full_adder_1bit" 2 34, 3 4 0, S_0x7fb65b938e60;
 .timescale 0 0;
    .port_info 0 /OUTPUT 1 "sum"
    .port_info 1 /OUTPUT 1 "c_out"
    .port_info 2 /INPUT 1 "a"
    .port_info 3 /INPUT 1 "b"
    .port_info 4 /INPUT 1 "c_in"
L_0x7fb65b829190 .functor XOR 1, L_0x7fb65b8295f0, L_0x7fb65b829690, C4<0>, C4<0>;
L_0x7fb65b829200 .functor AND 1, L_0x7fb65b8295f0, L_0x7fb65b829690, C4<1>, C4<1>;
L_0x7fb65b829310 .functor XOR 1, L_0x7fb65b829190, L_0x7fb65b828fe0, C4<0>, C4<0>;
L_0x7fb65b8293c0 .functor AND 1, L_0x7fb65b829190, L_0x7fb65b828fe0, C4<1>, C4<1>;
L_0x7fb65b8294b0 .functor XOR 1, L_0x7fb65b8293c0, L_0x7fb65b829200, C4<0>, C4<0>;
v0x7fb65b819370_0 .net "a", 0 0, L_0x7fb65b8295f0;  1 drivers
v0x7fb65b819400_0 .net "b", 0 0, L_0x7fb65b829690;  1 drivers
v0x7fb65b8194a0_0 .net "c1", 0 0, L_0x7fb65b829200;  1 drivers
v0x7fb65b819550_0 .net "c_in", 0 0, L_0x7fb65b828fe0;  1 drivers
v0x7fb65b8195f0_0 .net "c_out", 0 0, L_0x7fb65b8294b0;  1 drivers
v0x7fb65b8196d0_0 .net "s1", 0 0, L_0x7fb65b829190;  1 drivers
v0x7fb65b819770_0 .net "s2", 0 0, L_0x7fb65b8293c0;  1 drivers
v0x7fb65b819810_0 .net "sum", 0 0, L_0x7fb65b829310;  1 drivers
S_0x7fb65b819930 .scope module, "fa19" "Full_adder_1bit" 2 35, 3 4 0, S_0x7fb65b938e60;
 .timescale 0 0;
    .port_info 0 /OUTPUT 1 "sum"
    .port_info 1 /OUTPUT 1 "c_out"
    .port_info 2 /INPUT 1 "a"
    .port_info 3 /INPUT 1 "b"
    .port_info 4 /INPUT 1 "c_in"
L_0x7fb65b829080 .functor XOR 1, L_0x7fb65b829c90, L_0x7fb65b829730, C4<0>, C4<0>;
L_0x7fb65b829110 .functor AND 1, L_0x7fb65b829c90, L_0x7fb65b829730, C4<1>, C4<1>;
L_0x7fb65b8299b0 .functor XOR 1, L_0x7fb65b829080, L_0x7fb65b8297d0, C4<0>, C4<0>;
L_0x7fb65b829a60 .functor AND 1, L_0x7fb65b829080, L_0x7fb65b8297d0, C4<1>, C4<1>;
L_0x7fb65b829b50 .functor XOR 1, L_0x7fb65b829a60, L_0x7fb65b829110, C4<0>, C4<0>;
v0x7fb65b819b60_0 .net "a", 0 0, L_0x7fb65b829c90;  1 drivers
v0x7fb65b819bf0_0 .net "b", 0 0, L_0x7fb65b829730;  1 drivers
v0x7fb65b819c90_0 .net "c1", 0 0, L_0x7fb65b829110;  1 drivers
v0x7fb65b819d40_0 .net "c_in", 0 0, L_0x7fb65b8297d0;  1 drivers
v0x7fb65b819de0_0 .net "c_out", 0 0, L_0x7fb65b829b50;  1 drivers
v0x7fb65b819ec0_0 .net "s1", 0 0, L_0x7fb65b829080;  1 drivers
v0x7fb65b819f60_0 .net "s2", 0 0, L_0x7fb65b829a60;  1 drivers
v0x7fb65b81a000_0 .net "sum", 0 0, L_0x7fb65b8299b0;  1 drivers
S_0x7fb65b81a120 .scope module, "fa2" "Full_adder_1bit" 2 14, 3 4 0, S_0x7fb65b938e60;
 .timescale 0 0;
    .port_info 0 /OUTPUT 1 "sum"
    .port_info 1 /OUTPUT 1 "c_out"
    .port_info 2 /INPUT 1 "a"
    .port_info 3 /INPUT 1 "b"
    .port_info 4 /INPUT 1 "c_in"
L_0x7fb65b822200 .functor XOR 1, L_0x7fb65b822680, L_0x7fb65b822720, C4<0>, C4<0>;
L_0x7fb65b822270 .functor AND 1, L_0x7fb65b822680, L_0x7fb65b822720, C4<1>, C4<1>;
L_0x7fb65b8223a0 .functor XOR 1, L_0x7fb65b822200, L_0x7fb65b822800, C4<0>, C4<0>;
L_0x7fb65b822450 .functor AND 1, L_0x7fb65b822200, L_0x7fb65b822800, C4<1>, C4<1>;
L_0x7fb65b822540 .functor XOR 1, L_0x7fb65b822450, L_0x7fb65b822270, C4<0>, C4<0>;
v0x7fb65b81a350_0 .net "a", 0 0, L_0x7fb65b822680;  1 drivers
v0x7fb65b81a3e0_0 .net "b", 0 0, L_0x7fb65b822720;  1 drivers
v0x7fb65b81a480_0 .net "c1", 0 0, L_0x7fb65b822270;  1 drivers
v0x7fb65b81a530_0 .net "c_in", 0 0, L_0x7fb65b822800;  1 drivers
v0x7fb65b81a5d0_0 .net "c_out", 0 0, L_0x7fb65b822540;  1 drivers
v0x7fb65b81a6b0_0 .net "s1", 0 0, L_0x7fb65b822200;  1 drivers
v0x7fb65b81a750_0 .net "s2", 0 0, L_0x7fb65b822450;  1 drivers
v0x7fb65b81a7f0_0 .net "sum", 0 0, L_0x7fb65b8223a0;  1 drivers
S_0x7fb65b81a910 .scope module, "fa20" "Full_adder_1bit" 2 37, 3 4 0, S_0x7fb65b938e60;
 .timescale 0 0;
    .port_info 0 /OUTPUT 1 "sum"
    .port_info 1 /OUTPUT 1 "c_out"
    .port_info 2 /INPUT 1 "a"
    .port_info 3 /INPUT 1 "b"
    .port_info 4 /INPUT 1 "c_in"
L_0x7fb65b829870 .functor XOR 1, L_0x7fb65b82a340, L_0x7fb65b82a3e0, C4<0>, C4<0>;
L_0x7fb65b829f30 .functor AND 1, L_0x7fb65b82a340, L_0x7fb65b82a3e0, C4<1>, C4<1>;
L_0x7fb65b82a060 .functor XOR 1, L_0x7fb65b829870, L_0x7fb65b829d30, C4<0>, C4<0>;
L_0x7fb65b82a110 .functor AND 1, L_0x7fb65b829870, L_0x7fb65b829d30, C4<1>, C4<1>;
L_0x7fb65b82a200 .functor XOR 1, L_0x7fb65b82a110, L_0x7fb65b829f30, C4<0>, C4<0>;
v0x7fb65b81ab40_0 .net "a", 0 0, L_0x7fb65b82a340;  1 drivers
v0x7fb65b81abd0_0 .net "b", 0 0, L_0x7fb65b82a3e0;  1 drivers
v0x7fb65b81ac70_0 .net "c1", 0 0, L_0x7fb65b829f30;  1 drivers
v0x7fb65b81ad20_0 .net "c_in", 0 0, L_0x7fb65b829d30;  1 drivers
v0x7fb65b81adc0_0 .net "c_out", 0 0, L_0x7fb65b82a200;  1 drivers
v0x7fb65b81aea0_0 .net "s1", 0 0, L_0x7fb65b829870;  1 drivers
v0x7fb65b81af40_0 .net "s2", 0 0, L_0x7fb65b82a110;  1 drivers
v0x7fb65b81afe0_0 .net "sum", 0 0, L_0x7fb65b82a060;  1 drivers
S_0x7fb65b81b100 .scope module, "fa21" "Full_adder_1bit" 2 38, 3 4 0, S_0x7fb65b938e60;
 .timescale 0 0;
    .port_info 0 /OUTPUT 1 "sum"
    .port_info 1 /OUTPUT 1 "c_out"
    .port_info 2 /INPUT 1 "a"
    .port_info 3 /INPUT 1 "b"
    .port_info 4 /INPUT 1 "c_in"
L_0x7fb65b829dd0 .functor XOR 1, L_0x7fb65b82a9d0, L_0x7fb65b82a480, C4<0>, C4<0>;
L_0x7fb65b829e60 .functor AND 1, L_0x7fb65b82a9d0, L_0x7fb65b82a480, C4<1>, C4<1>;
L_0x7fb65b82a6f0 .functor XOR 1, L_0x7fb65b829dd0, L_0x7fb65b82a520, C4<0>, C4<0>;
L_0x7fb65b82a7a0 .functor AND 1, L_0x7fb65b829dd0, L_0x7fb65b82a520, C4<1>, C4<1>;
L_0x7fb65b82a890 .functor XOR 1, L_0x7fb65b82a7a0, L_0x7fb65b829e60, C4<0>, C4<0>;
v0x7fb65b81b330_0 .net "a", 0 0, L_0x7fb65b82a9d0;  1 drivers
v0x7fb65b81b3c0_0 .net "b", 0 0, L_0x7fb65b82a480;  1 drivers
v0x7fb65b81b460_0 .net "c1", 0 0, L_0x7fb65b829e60;  1 drivers
v0x7fb65b81b510_0 .net "c_in", 0 0, L_0x7fb65b82a520;  1 drivers
v0x7fb65b81b5b0_0 .net "c_out", 0 0, L_0x7fb65b82a890;  1 drivers
v0x7fb65b81b690_0 .net "s1", 0 0, L_0x7fb65b829dd0;  1 drivers
v0x7fb65b81b730_0 .net "s2", 0 0, L_0x7fb65b82a7a0;  1 drivers
v0x7fb65b81b7d0_0 .net "sum", 0 0, L_0x7fb65b82a6f0;  1 drivers
S_0x7fb65b81b8f0 .scope module, "fa22" "Full_adder_1bit" 2 39, 3 4 0, S_0x7fb65b938e60;
 .timescale 0 0;
    .port_info 0 /OUTPUT 1 "sum"
    .port_info 1 /OUTPUT 1 "c_out"
    .port_info 2 /INPUT 1 "a"
    .port_info 3 /INPUT 1 "b"
    .port_info 4 /INPUT 1 "c_in"
L_0x7fb65b82a5c0 .functor XOR 1, L_0x7fb65b82b070, L_0x7fb65b82b110, C4<0>, C4<0>;
L_0x7fb65b82ac80 .functor AND 1, L_0x7fb65b82b070, L_0x7fb65b82b110, C4<1>, C4<1>;
L_0x7fb65b82ad90 .functor XOR 1, L_0x7fb65b82a5c0, L_0x7fb65b82aa70, C4<0>, C4<0>;
L_0x7fb65b82ae40 .functor AND 1, L_0x7fb65b82a5c0, L_0x7fb65b82aa70, C4<1>, C4<1>;
L_0x7fb65b82af30 .functor XOR 1, L_0x7fb65b82ae40, L_0x7fb65b82ac80, C4<0>, C4<0>;
v0x7fb65b81bb20_0 .net "a", 0 0, L_0x7fb65b82b070;  1 drivers
v0x7fb65b81bbb0_0 .net "b", 0 0, L_0x7fb65b82b110;  1 drivers
v0x7fb65b81bc50_0 .net "c1", 0 0, L_0x7fb65b82ac80;  1 drivers
v0x7fb65b81bd00_0 .net "c_in", 0 0, L_0x7fb65b82aa70;  1 drivers
v0x7fb65b81bda0_0 .net "c_out", 0 0, L_0x7fb65b82af30;  1 drivers
v0x7fb65b81be80_0 .net "s1", 0 0, L_0x7fb65b82a5c0;  1 drivers
v0x7fb65b81bf20_0 .net "s2", 0 0, L_0x7fb65b82ae40;  1 drivers
v0x7fb65b81bfc0_0 .net "sum", 0 0, L_0x7fb65b82ad90;  1 drivers
S_0x7fb65b81c0e0 .scope module, "fa23" "Full_adder_1bit" 2 40, 3 4 0, S_0x7fb65b938e60;
 .timescale 0 0;
    .port_info 0 /OUTPUT 1 "sum"
    .port_info 1 /OUTPUT 1 "c_out"
    .port_info 2 /INPUT 1 "a"
    .port_info 3 /INPUT 1 "b"
    .port_info 4 /INPUT 1 "c_in"
L_0x7fb65b82ab10 .functor XOR 1, L_0x7fb65b82b710, L_0x7fb65b82b1b0, C4<0>, C4<0>;
L_0x7fb65b82aba0 .functor AND 1, L_0x7fb65b82b710, L_0x7fb65b82b1b0, C4<1>, C4<1>;
L_0x7fb65b82b450 .functor XOR 1, L_0x7fb65b82ab10, L_0x7fb65b82b250, C4<0>, C4<0>;
L_0x7fb65b82b500 .functor AND 1, L_0x7fb65b82ab10, L_0x7fb65b82b250, C4<1>, C4<1>;
L_0x7fb65b82b5d0 .functor XOR 1, L_0x7fb65b82b500, L_0x7fb65b82aba0, C4<0>, C4<0>;
v0x7fb65b81c390_0 .net "a", 0 0, L_0x7fb65b82b710;  1 drivers
v0x7fb65b81c420_0 .net "b", 0 0, L_0x7fb65b82b1b0;  1 drivers
v0x7fb65b81c4c0_0 .net "c1", 0 0, L_0x7fb65b82aba0;  1 drivers
v0x7fb65b81c570_0 .net "c_in", 0 0, L_0x7fb65b82b250;  1 drivers
v0x7fb65b81c610_0 .net "c_out", 0 0, L_0x7fb65b82b5d0;  1 drivers
v0x7fb65b81c6f0_0 .net "s1", 0 0, L_0x7fb65b82ab10;  1 drivers
v0x7fb65b81c790_0 .net "s2", 0 0, L_0x7fb65b82b500;  1 drivers
v0x7fb65b81c830_0 .net "sum", 0 0, L_0x7fb65b82b450;  1 drivers
S_0x7fb65b81c950 .scope module, "fa24" "Full_adder_1bit" 2 42, 3 4 0, S_0x7fb65b938e60;
 .timescale 0 0;
    .port_info 0 /OUTPUT 1 "sum"
    .port_info 1 /OUTPUT 1 "c_out"
    .port_info 2 /INPUT 1 "a"
    .port_info 3 /INPUT 1 "b"
    .port_info 4 /INPUT 1 "c_in"
L_0x7fb65b82b2f0 .functor XOR 1, L_0x7fb65b82c570, L_0x7fb65b82b7b0, C4<0>, C4<0>;
L_0x7fb65b82b9f0 .functor AND 1, L_0x7fb65b82c570, L_0x7fb65b82b7b0, C4<1>, C4<1>;
L_0x7fb65b82bae0 .functor XOR 1, L_0x7fb65b82b2f0, L_0x7fb65b82b850, C4<0>, C4<0>;
L_0x7fb65b82bb90 .functor AND 1, L_0x7fb65b82b2f0, L_0x7fb65b82b850, C4<1>, C4<1>;
L_0x7fb65b82bc80 .functor XOR 1, L_0x7fb65b82bb90, L_0x7fb65b82b9f0, C4<0>, C4<0>;
v0x7fb65b81cb80_0 .net "a", 0 0, L_0x7fb65b82c570;  1 drivers
v0x7fb65b81cc10_0 .net "b", 0 0, L_0x7fb65b82b7b0;  1 drivers
v0x7fb65b81ccb0_0 .net "c1", 0 0, L_0x7fb65b82b9f0;  1 drivers
v0x7fb65b81cd60_0 .net "c_in", 0 0, L_0x7fb65b82b850;  1 drivers
v0x7fb65b81ce00_0 .net "c_out", 0 0, L_0x7fb65b82bc80;  1 drivers
v0x7fb65b81cee0_0 .net "s1", 0 0, L_0x7fb65b82b2f0;  1 drivers
v0x7fb65b81cf80_0 .net "s2", 0 0, L_0x7fb65b82bb90;  1 drivers
v0x7fb65b81d020_0 .net "sum", 0 0, L_0x7fb65b82bae0;  1 drivers
S_0x7fb65b81d140 .scope module, "fa25" "Full_adder_1bit" 2 43, 3 4 0, S_0x7fb65b938e60;
 .timescale 0 0;
    .port_info 0 /OUTPUT 1 "sum"
    .port_info 1 /OUTPUT 1 "c_out"
    .port_info 2 /INPUT 1 "a"
    .port_info 3 /INPUT 1 "b"
    .port_info 4 /INPUT 1 "c_in"
L_0x7fb65b82b8f0 .functor XOR 1, L_0x7fb65b82d380, L_0x7fb65b82c610, C4<0>, C4<0>;
L_0x7fb65b82b960 .functor AND 1, L_0x7fb65b82d380, L_0x7fb65b82c610, C4<1>, C4<1>;
L_0x7fb65b82c8f0 .functor XOR 1, L_0x7fb65b82b8f0, L_0x7fb65b82c6b0, C4<0>, C4<0>;
L_0x7fb65b82c9a0 .functor AND 1, L_0x7fb65b82b8f0, L_0x7fb65b82c6b0, C4<1>, C4<1>;
L_0x7fb65b82ca50 .functor XOR 1, L_0x7fb65b82c9a0, L_0x7fb65b82b960, C4<0>, C4<0>;
v0x7fb65b81d370_0 .net "a", 0 0, L_0x7fb65b82d380;  1 drivers
v0x7fb65b81d400_0 .net "b", 0 0, L_0x7fb65b82c610;  1 drivers
v0x7fb65b81d4a0_0 .net "c1", 0 0, L_0x7fb65b82b960;  1 drivers
v0x7fb65b81d550_0 .net "c_in", 0 0, L_0x7fb65b82c6b0;  1 drivers
v0x7fb65b81d5f0_0 .net "c_out", 0 0, L_0x7fb65b82ca50;  1 drivers
v0x7fb65b81d6d0_0 .net "s1", 0 0, L_0x7fb65b82b8f0;  1 drivers
v0x7fb65b81d770_0 .net "s2", 0 0, L_0x7fb65b82c9a0;  1 drivers
v0x7fb65b81d810_0 .net "sum", 0 0, L_0x7fb65b82c8f0;  1 drivers
S_0x7fb65b81d930 .scope module, "fa3" "Full_adder_1bit" 2 15, 3 4 0, S_0x7fb65b938e60;
 .timescale 0 0;
    .port_info 0 /OUTPUT 1 "sum"
    .port_info 1 /OUTPUT 1 "c_out"
    .port_info 2 /INPUT 1 "a"
    .port_info 3 /INPUT 1 "b"
    .port_info 4 /INPUT 1 "c_in"
L_0x7fb65b8228e0 .functor XOR 1, L_0x7fb65b822d40, L_0x7fb65b822eb0, C4<0>, C4<0>;
L_0x7fb65b822950 .functor AND 1, L_0x7fb65b822d40, L_0x7fb65b822eb0, C4<1>, C4<1>;
L_0x7fb65b822a60 .functor XOR 1, L_0x7fb65b8228e0, L_0x7fb65b822fd0, C4<0>, C4<0>;
L_0x7fb65b822b10 .functor AND 1, L_0x7fb65b8228e0, L_0x7fb65b822fd0, C4<1>, C4<1>;
L_0x7fb65b822c00 .functor XOR 1, L_0x7fb65b822b10, L_0x7fb65b822950, C4<0>, C4<0>;
v0x7fb65b81db60_0 .net "a", 0 0, L_0x7fb65b822d40;  1 drivers
v0x7fb65b81dbf0_0 .net "b", 0 0, L_0x7fb65b822eb0;  1 drivers
v0x7fb65b81dc90_0 .net "c1", 0 0, L_0x7fb65b822950;  1 drivers
v0x7fb65b81dd40_0 .net "c_in", 0 0, L_0x7fb65b822fd0;  1 drivers
v0x7fb65b81dde0_0 .net "c_out", 0 0, L_0x7fb65b822c00;  1 drivers
v0x7fb65b81dec0_0 .net "s1", 0 0, L_0x7fb65b8228e0;  1 drivers
v0x7fb65b81df60_0 .net "s2", 0 0, L_0x7fb65b822b10;  1 drivers
v0x7fb65b81e000_0 .net "sum", 0 0, L_0x7fb65b822a60;  1 drivers
S_0x7fb65b81e120 .scope module, "fa4" "Full_adder_1bit" 2 17, 3 4 0, S_0x7fb65b938e60;
 .timescale 0 0;
    .port_info 0 /OUTPUT 1 "sum"
    .port_info 1 /OUTPUT 1 "c_out"
    .port_info 2 /INPUT 1 "a"
    .port_info 3 /INPUT 1 "b"
    .port_info 4 /INPUT 1 "c_in"
L_0x7fb65b8230d0 .functor XOR 1, L_0x7fb65b823470, L_0x7fb65b823510, C4<0>, C4<0>;
L_0x7fb65b823140 .functor AND 1, L_0x7fb65b823470, L_0x7fb65b823510, C4<1>, C4<1>;
L_0x7fb65b8231b0 .functor XOR 1, L_0x7fb65b8230d0, L_0x7fb65b823620, C4<0>, C4<0>;
L_0x7fb65b823260 .functor AND 1, L_0x7fb65b8230d0, L_0x7fb65b823620, C4<1>, C4<1>;
L_0x7fb65b823330 .functor XOR 1, L_0x7fb65b823260, L_0x7fb65b823140, C4<0>, C4<0>;
v0x7fb65b81e350_0 .net "a", 0 0, L_0x7fb65b823470;  1 drivers
v0x7fb65b81e3e0_0 .net "b", 0 0, L_0x7fb65b823510;  1 drivers
v0x7fb65b81e480_0 .net "c1", 0 0, L_0x7fb65b823140;  1 drivers
v0x7fb65b81e530_0 .net "c_in", 0 0, L_0x7fb65b823620;  1 drivers
v0x7fb65b81e5d0_0 .net "c_out", 0 0, L_0x7fb65b823330;  1 drivers
v0x7fb65b81e6b0_0 .net "s1", 0 0, L_0x7fb65b8230d0;  1 drivers
v0x7fb65b81e750_0 .net "s2", 0 0, L_0x7fb65b823260;  1 drivers
v0x7fb65b81e7f0_0 .net "sum", 0 0, L_0x7fb65b8231b0;  1 drivers
S_0x7fb65b81e910 .scope module, "fa5" "Full_adder_1bit" 2 18, 3 4 0, S_0x7fb65b938e60;
 .timescale 0 0;
    .port_info 0 /OUTPUT 1 "sum"
    .port_info 1 /OUTPUT 1 "c_out"
    .port_info 2 /INPUT 1 "a"
    .port_info 3 /INPUT 1 "b"
    .port_info 4 /INPUT 1 "c_in"
L_0x7fb65b823740 .functor XOR 1, L_0x7fb65b823b40, L_0x7fb65b823c60, C4<0>, C4<0>;
L_0x7fb65b8237b0 .functor AND 1, L_0x7fb65b823b40, L_0x7fb65b823c60, C4<1>, C4<1>;
L_0x7fb65b823860 .functor XOR 1, L_0x7fb65b823740, L_0x7fb65b823d00, C4<0>, C4<0>;
L_0x7fb65b823910 .functor AND 1, L_0x7fb65b823740, L_0x7fb65b823d00, C4<1>, C4<1>;
L_0x7fb65b823a00 .functor XOR 1, L_0x7fb65b823910, L_0x7fb65b8237b0, C4<0>, C4<0>;
v0x7fb65b81eb40_0 .net "a", 0 0, L_0x7fb65b823b40;  1 drivers
v0x7fb65b81ebd0_0 .net "b", 0 0, L_0x7fb65b823c60;  1 drivers
v0x7fb65b81ec70_0 .net "c1", 0 0, L_0x7fb65b8237b0;  1 drivers
v0x7fb65b81ed20_0 .net "c_in", 0 0, L_0x7fb65b823d00;  1 drivers
v0x7fb65b81edc0_0 .net "c_out", 0 0, L_0x7fb65b823a00;  1 drivers
v0x7fb65b81eea0_0 .net "s1", 0 0, L_0x7fb65b823740;  1 drivers
v0x7fb65b81ef40_0 .net "s2", 0 0, L_0x7fb65b823910;  1 drivers
v0x7fb65b81efe0_0 .net "sum", 0 0, L_0x7fb65b823860;  1 drivers
S_0x7fb65b81f100 .scope module, "fa6" "Full_adder_1bit" 2 19, 3 4 0, S_0x7fb65b938e60;
 .timescale 0 0;
    .port_info 0 /OUTPUT 1 "sum"
    .port_info 1 /OUTPUT 1 "c_out"
    .port_info 2 /INPUT 1 "a"
    .port_info 3 /INPUT 1 "b"
    .port_info 4 /INPUT 1 "c_in"
L_0x7fb65b8235b0 .functor XOR 1, L_0x7fb65b8241e0, L_0x7fb65b824280, C4<0>, C4<0>;
L_0x7fb65b823e30 .functor AND 1, L_0x7fb65b8241e0, L_0x7fb65b824280, C4<1>, C4<1>;
L_0x7fb65b823f20 .functor XOR 1, L_0x7fb65b8235b0, L_0x7fb65b8243c0, C4<0>, C4<0>;
L_0x7fb65b823fd0 .functor AND 1, L_0x7fb65b8235b0, L_0x7fb65b8243c0, C4<1>, C4<1>;
L_0x7fb65b8240a0 .functor XOR 1, L_0x7fb65b823fd0, L_0x7fb65b823e30, C4<0>, C4<0>;
v0x7fb65b81f330_0 .net "a", 0 0, L_0x7fb65b8241e0;  1 drivers
v0x7fb65b81f3c0_0 .net "b", 0 0, L_0x7fb65b824280;  1 drivers
v0x7fb65b81f460_0 .net "c1", 0 0, L_0x7fb65b823e30;  1 drivers
v0x7fb65b81f510_0 .net "c_in", 0 0, L_0x7fb65b8243c0;  1 drivers
v0x7fb65b81f5b0_0 .net "c_out", 0 0, L_0x7fb65b8240a0;  1 drivers
v0x7fb65b81f690_0 .net "s1", 0 0, L_0x7fb65b8235b0;  1 drivers
v0x7fb65b81f730_0 .net "s2", 0 0, L_0x7fb65b823fd0;  1 drivers
v0x7fb65b81f7d0_0 .net "sum", 0 0, L_0x7fb65b823f20;  1 drivers
S_0x7fb65b81f8f0 .scope module, "fa7" "Full_adder_1bit" 2 20, 3 4 0, S_0x7fb65b938e60;
 .timescale 0 0;
    .port_info 0 /OUTPUT 1 "sum"
    .port_info 1 /OUTPUT 1 "c_out"
    .port_info 2 /INPUT 1 "a"
    .port_info 3 /INPUT 1 "b"
    .port_info 4 /INPUT 1 "c_in"
L_0x7fb65b824460 .functor XOR 1, L_0x7fb65b824870, L_0x7fb65b824320, C4<0>, C4<0>;
L_0x7fb65b823dc0 .functor AND 1, L_0x7fb65b824870, L_0x7fb65b824320, C4<1>, C4<1>;
L_0x7fb65b824590 .functor XOR 1, L_0x7fb65b824460, L_0x7fb65b824bc0, C4<0>, C4<0>;
L_0x7fb65b824640 .functor AND 1, L_0x7fb65b824460, L_0x7fb65b824bc0, C4<1>, C4<1>;
L_0x7fb65b824730 .functor XOR 1, L_0x7fb65b824640, L_0x7fb65b823dc0, C4<0>, C4<0>;
v0x7fb65b81fb20_0 .net "a", 0 0, L_0x7fb65b824870;  1 drivers
v0x7fb65b81fbb0_0 .net "b", 0 0, L_0x7fb65b824320;  1 drivers
v0x7fb65b81fc50_0 .net "c1", 0 0, L_0x7fb65b823dc0;  1 drivers
v0x7fb65b81fd00_0 .net "c_in", 0 0, L_0x7fb65b824bc0;  1 drivers
v0x7fb65b81fda0_0 .net "c_out", 0 0, L_0x7fb65b824730;  1 drivers
v0x7fb65b81fe80_0 .net "s1", 0 0, L_0x7fb65b824460;  1 drivers
v0x7fb65b81ff20_0 .net "s2", 0 0, L_0x7fb65b824640;  1 drivers
v0x7fb65b81ffc0_0 .net "sum", 0 0, L_0x7fb65b824590;  1 drivers
S_0x7fb65b8200e0 .scope module, "fa8" "Full_adder_1bit" 2 22, 3 4 0, S_0x7fb65b938e60;
 .timescale 0 0;
    .port_info 0 /OUTPUT 1 "sum"
    .port_info 1 /OUTPUT 1 "c_out"
    .port_info 2 /INPUT 1 "a"
    .port_info 3 /INPUT 1 "b"
    .port_info 4 /INPUT 1 "c_in"
L_0x7fb65b822f50 .functor XOR 1, L_0x7fb65b825020, L_0x7fb65b8250c0, C4<0>, C4<0>;
L_0x7fb65b824a10 .functor AND 1, L_0x7fb65b825020, L_0x7fb65b8250c0, C4<1>, C4<1>;
L_0x7fb65b824d60 .functor XOR 1, L_0x7fb65b822f50, L_0x7fb65b825230, C4<0>, C4<0>;
L_0x7fb65b824e10 .functor AND 1, L_0x7fb65b822f50, L_0x7fb65b825230, C4<1>, C4<1>;
L_0x7fb65b824ee0 .functor XOR 1, L_0x7fb65b824e10, L_0x7fb65b824a10, C4<0>, C4<0>;
v0x7fb65b820310_0 .net "a", 0 0, L_0x7fb65b825020;  1 drivers
v0x7fb65b8203a0_0 .net "b", 0 0, L_0x7fb65b8250c0;  1 drivers
v0x7fb65b820440_0 .net "c1", 0 0, L_0x7fb65b824a10;  1 drivers
v0x7fb65b8204f0_0 .net "c_in", 0 0, L_0x7fb65b825230;  1 drivers
v0x7fb65b820590_0 .net "c_out", 0 0, L_0x7fb65b824ee0;  1 drivers
v0x7fb65b820670_0 .net "s1", 0 0, L_0x7fb65b822f50;  1 drivers
v0x7fb65b820710_0 .net "s2", 0 0, L_0x7fb65b824e10;  1 drivers
v0x7fb65b8207b0_0 .net "sum", 0 0, L_0x7fb65b824d60;  1 drivers
S_0x7fb65b8208d0 .scope module, "fa9" "Full_adder_1bit" 2 23, 3 4 0, S_0x7fb65b938e60;
 .timescale 0 0;
    .port_info 0 /OUTPUT 1 "sum"
    .port_info 1 /OUTPUT 1 "c_out"
    .port_info 2 /INPUT 1 "a"
    .port_info 3 /INPUT 1 "b"
    .port_info 4 /INPUT 1 "c_in"
L_0x7fb65b824c60 .functor XOR 1, L_0x7fb65b825750, L_0x7fb65b8258d0, C4<0>, C4<0>;
L_0x7fb65b8236c0 .functor AND 1, L_0x7fb65b825750, L_0x7fb65b8258d0, C4<1>, C4<1>;
L_0x7fb65b825470 .functor XOR 1, L_0x7fb65b824c60, L_0x7fb65b825970, C4<0>, C4<0>;
L_0x7fb65b825520 .functor AND 1, L_0x7fb65b824c60, L_0x7fb65b825970, C4<1>, C4<1>;
L_0x7fb65b825610 .functor XOR 1, L_0x7fb65b825520, L_0x7fb65b8236c0, C4<0>, C4<0>;
v0x7fb65b820b00_0 .net "a", 0 0, L_0x7fb65b825750;  1 drivers
v0x7fb65b820b90_0 .net "b", 0 0, L_0x7fb65b8258d0;  1 drivers
v0x7fb65b820c30_0 .net "c1", 0 0, L_0x7fb65b8236c0;  1 drivers
v0x7fb65b820ce0_0 .net "c_in", 0 0, L_0x7fb65b825970;  1 drivers
v0x7fb65b820d80_0 .net "c_out", 0 0, L_0x7fb65b825610;  1 drivers
v0x7fb65b820e60_0 .net "s1", 0 0, L_0x7fb65b824c60;  1 drivers
v0x7fb65b820f00_0 .net "s2", 0 0, L_0x7fb65b825520;  1 drivers
v0x7fb65b820fa0_0 .net "sum", 0 0, L_0x7fb65b825470;  1 drivers
# The file index is used to find the file name in the following table.
:file_names 4;
    "N/A";
    "<interactive>";
    "Full_adder_26bits.v";
    "./Full_adder_1bit.v";
