#! /opt/local/bin/vvp
:ivl_version "10.1 (stable)" "(v10_1_1)";
:ivl_delay_selection "TYPICAL";
:vpi_time_precision + 0;
:vpi_module "system";
:vpi_module "vhdl_sys";
:vpi_module "v2005_math";
:vpi_module "va_math";
S_0x7fd058004170 .scope module, "mux16to8" "mux16to8" 2 1;
 .timescale 0 0;
    .port_info 0 /OUTPUT 8 "out"
    .port_info 1 /INPUT 8 "a"
    .port_info 2 /INPUT 8 "b"
    .port_info 3 /INPUT 1 "s"
L_0x7fd058014990 .functor AND 1, L_0x7fd058017470, L_0x7fd058017550, C4<1>, C4<1>;
o0x7fd040008c98 .functor BUFZ 1, C4<z>; HiZ drive
L_0x7fd058017550 .functor NOT 1, o0x7fd040008c98, C4<0>, C4<0>, C4<0>;
L_0x7fd058017600 .functor AND 1, L_0x7fd058017710, o0x7fd040008c98, C4<1>, C4<1>;
L_0x7fd0580178d0 .functor OR 1, L_0x7fd0580179c0, L_0x7fd058017aa0, C4<0>, C4<0>;
L_0x7fd058017bb0 .functor AND 1, L_0x7fd058017cb0, L_0x7fd058017dd0, C4<1>, C4<1>;
L_0x7fd058017dd0 .functor NOT 1, o0x7fd040008c98, C4<0>, C4<0>, C4<0>;
L_0x7fd058017e80 .functor AND 1, L_0x7fd058017f70, o0x7fd040008c98, C4<1>, C4<1>;
L_0x7fd058018170 .functor OR 1, L_0x7fd058018220, L_0x7fd058018390, C4<0>, C4<0>;
L_0x7fd058018430 .functor AND 1, L_0x7fd058018510, L_0x7fd058018610, C4<1>, C4<1>;
L_0x7fd058018610 .functor NOT 1, o0x7fd040008c98, C4<0>, C4<0>, C4<0>;
L_0x7fd0580186c0 .functor AND 1, L_0x7fd058018790, o0x7fd040008c98, C4<1>, C4<1>;
L_0x7fd058018980 .functor OR 1, L_0x7fd0580189f0, L_0x7fd058018a90, C4<0>, C4<0>;
L_0x7fd058018910 .functor AND 1, L_0x7fd058018ca0, L_0x7fd058018e00, C4<1>, C4<1>;
L_0x7fd058018e00 .functor NOT 1, o0x7fd040008c98, C4<0>, C4<0>, C4<0>;
L_0x7fd058018e70 .functor AND 1, L_0x7fd058018fe0, o0x7fd040008c98, C4<1>, C4<1>;
L_0x7fd058018c30 .functor OR 1, L_0x7fd058019230, L_0x7fd058019430, C4<0>, C4<0>;
L_0x7fd0580194d0 .functor AND 1, L_0x7fd0580195d0, L_0x7fd058017ef0, C4<1>, C4<1>;
L_0x7fd058017ef0 .functor NOT 1, o0x7fd040008c98, C4<0>, C4<0>, C4<0>;
L_0x7fd058019390 .functor AND 1, L_0x7fd058019840, o0x7fd040008c98, C4<1>, C4<1>;
L_0x7fd058019540 .functor OR 1, L_0x7fd058019ac0, L_0x7fd058019b60, C4<0>, C4<0>;
L_0x7fd058019cd0 .functor AND 1, L_0x7fd0580197a0, L_0x7fd058019df0, C4<1>, C4<1>;
L_0x7fd058019df0 .functor NOT 1, o0x7fd040008c98, C4<0>, C4<0>, C4<0>;
L_0x7fd058019e60 .functor AND 1, L_0x7fd058019fb0, o0x7fd040008c98, C4<1>, C4<1>;
L_0x7fd058019c00 .functor OR 1, L_0x7fd05801a190, L_0x7fd05801a360, C4<0>, C4<0>;
L_0x7fd05801a090 .functor AND 1, L_0x7fd05801a510, L_0x7fd058019ef0, C4<1>, C4<1>;
L_0x7fd058019ef0 .functor NOT 1, o0x7fd040008c98, C4<0>, C4<0>, C4<0>;
L_0x7fd05801a270 .functor AND 1, L_0x7fd05801a7d0, o0x7fd040008c98, C4<1>, C4<1>;
L_0x7fd05801a5f0 .functor OR 1, L_0x7fd05801a980, L_0x7fd05801aa20, C4<0>, C4<0>;
L_0x7fd05801ae60 .functor AND 1, L_0x7fd05801b000, L_0x7fd05801ab00, C4<1>, C4<1>;
L_0x7fd05801ab00 .functor NOT 1, o0x7fd040008c98, C4<0>, C4<0>, C4<0>;
L_0x7fd05801b430 .functor AND 1, L_0x7fd05801b6e0, o0x7fd040008c98, C4<1>, C4<1>;
L_0x7fd058019080 .functor OR 1, L_0x7fd058018b70, L_0x7fd05801b8c0, C4<0>, C4<0>;
v0x7fd058004340_0 .net *"_s1", 0 0, L_0x7fd058014990;  1 drivers
v0x7fd058014400_0 .net *"_s100", 0 0, L_0x7fd058019df0;  1 drivers
v0x7fd0580144a0_0 .net *"_s103", 0 0, L_0x7fd058019e60;  1 drivers
v0x7fd058014550_0 .net *"_s106", 0 0, L_0x7fd058019fb0;  1 drivers
v0x7fd058014600_0 .net *"_s108", 0 0, L_0x7fd058019c00;  1 drivers
v0x7fd0580146f0_0 .net *"_s11", 0 0, L_0x7fd058017710;  1 drivers
v0x7fd0580147a0_0 .net *"_s111", 0 0, L_0x7fd05801a190;  1 drivers
v0x7fd058014850_0 .net *"_s113", 0 0, L_0x7fd05801a360;  1 drivers
v0x7fd058014900_0 .net *"_s115", 0 0, L_0x7fd05801a090;  1 drivers
v0x7fd058014a10_0 .net *"_s118", 0 0, L_0x7fd05801a510;  1 drivers
v0x7fd058014ac0_0 .net *"_s119", 0 0, L_0x7fd058019ef0;  1 drivers
v0x7fd058014b70_0 .net *"_s122", 0 0, L_0x7fd05801a270;  1 drivers
v0x7fd058014c20_0 .net *"_s125", 0 0, L_0x7fd05801a7d0;  1 drivers
v0x7fd058014cd0_0 .net *"_s127", 0 0, L_0x7fd05801a5f0;  1 drivers
v0x7fd058014d80_0 .net *"_s13", 0 0, L_0x7fd0580178d0;  1 drivers
v0x7fd058014e30_0 .net *"_s130", 0 0, L_0x7fd05801a980;  1 drivers
v0x7fd058014ee0_0 .net *"_s132", 0 0, L_0x7fd05801aa20;  1 drivers
v0x7fd058015070_0 .net *"_s134", 0 0, L_0x7fd05801ae60;  1 drivers
v0x7fd058015100_0 .net *"_s138", 0 0, L_0x7fd05801b000;  1 drivers
v0x7fd0580151b0_0 .net *"_s139", 0 0, L_0x7fd05801ab00;  1 drivers
v0x7fd058015260_0 .net *"_s142", 0 0, L_0x7fd05801b430;  1 drivers
v0x7fd058015310_0 .net *"_s146", 0 0, L_0x7fd05801b6e0;  1 drivers
v0x7fd0580153c0_0 .net *"_s148", 0 0, L_0x7fd058019080;  1 drivers
v0x7fd058015470_0 .net *"_s151", 0 0, L_0x7fd058018b70;  1 drivers
v0x7fd058015520_0 .net *"_s153", 0 0, L_0x7fd05801b8c0;  1 drivers
v0x7fd0580155d0_0 .net *"_s16", 0 0, L_0x7fd0580179c0;  1 drivers
v0x7fd058015680_0 .net *"_s18", 0 0, L_0x7fd058017aa0;  1 drivers
v0x7fd058015730_0 .net *"_s20", 0 0, L_0x7fd058017bb0;  1 drivers
v0x7fd0580157e0_0 .net *"_s23", 0 0, L_0x7fd058017cb0;  1 drivers
v0x7fd058015890_0 .net *"_s24", 0 0, L_0x7fd058017dd0;  1 drivers
v0x7fd058015940_0 .net *"_s27", 0 0, L_0x7fd058017e80;  1 drivers
v0x7fd0580159f0_0 .net *"_s30", 0 0, L_0x7fd058017f70;  1 drivers
v0x7fd058015aa0_0 .net *"_s32", 0 0, L_0x7fd058018170;  1 drivers
v0x7fd058014f90_0 .net *"_s35", 0 0, L_0x7fd058018220;  1 drivers
v0x7fd058015d30_0 .net *"_s37", 0 0, L_0x7fd058018390;  1 drivers
v0x7fd058015dc0_0 .net *"_s39", 0 0, L_0x7fd058018430;  1 drivers
v0x7fd058015e60_0 .net *"_s4", 0 0, L_0x7fd058017470;  1 drivers
v0x7fd058015f10_0 .net *"_s42", 0 0, L_0x7fd058018510;  1 drivers
v0x7fd058015fc0_0 .net *"_s43", 0 0, L_0x7fd058018610;  1 drivers
v0x7fd058016070_0 .net *"_s46", 0 0, L_0x7fd0580186c0;  1 drivers
v0x7fd058016120_0 .net *"_s49", 0 0, L_0x7fd058018790;  1 drivers
v0x7fd0580161d0_0 .net *"_s5", 0 0, L_0x7fd058017550;  1 drivers
v0x7fd058016280_0 .net *"_s51", 0 0, L_0x7fd058018980;  1 drivers
v0x7fd058016330_0 .net *"_s54", 0 0, L_0x7fd0580189f0;  1 drivers
v0x7fd0580163e0_0 .net *"_s56", 0 0, L_0x7fd058018a90;  1 drivers
v0x7fd058016490_0 .net *"_s58", 0 0, L_0x7fd058018910;  1 drivers
v0x7fd058016540_0 .net *"_s61", 0 0, L_0x7fd058018ca0;  1 drivers
v0x7fd0580165f0_0 .net *"_s62", 0 0, L_0x7fd058018e00;  1 drivers
v0x7fd0580166a0_0 .net *"_s65", 0 0, L_0x7fd058018e70;  1 drivers
v0x7fd058016750_0 .net *"_s68", 0 0, L_0x7fd058018fe0;  1 drivers
v0x7fd058016800_0 .net *"_s70", 0 0, L_0x7fd058018c30;  1 drivers
v0x7fd0580168b0_0 .net *"_s73", 0 0, L_0x7fd058019230;  1 drivers
v0x7fd058016960_0 .net *"_s75", 0 0, L_0x7fd058019430;  1 drivers
v0x7fd058016a10_0 .net *"_s77", 0 0, L_0x7fd0580194d0;  1 drivers
v0x7fd058016ac0_0 .net *"_s8", 0 0, L_0x7fd058017600;  1 drivers
v0x7fd058016b70_0 .net *"_s80", 0 0, L_0x7fd0580195d0;  1 drivers
v0x7fd058016c20_0 .net *"_s81", 0 0, L_0x7fd058017ef0;  1 drivers
v0x7fd058016cd0_0 .net *"_s84", 0 0, L_0x7fd058019390;  1 drivers
v0x7fd058016d80_0 .net *"_s87", 0 0, L_0x7fd058019840;  1 drivers
v0x7fd058016e30_0 .net *"_s89", 0 0, L_0x7fd058019540;  1 drivers
v0x7fd058016ee0_0 .net *"_s92", 0 0, L_0x7fd058019ac0;  1 drivers
v0x7fd058016f90_0 .net *"_s94", 0 0, L_0x7fd058019b60;  1 drivers
v0x7fd058017040_0 .net *"_s96", 0 0, L_0x7fd058019cd0;  1 drivers
v0x7fd0580170f0_0 .net *"_s99", 0 0, L_0x7fd0580197a0;  1 drivers
o0x7fd040008c08 .functor BUFZ 8, C4<zzzzzzzz>; HiZ drive
v0x7fd0580171a0_0 .net "a", 7 0, o0x7fd040008c08;  0 drivers
o0x7fd040008c38 .functor BUFZ 8, C4<zzzzzzzz>; HiZ drive
v0x7fd058015b50_0 .net "b", 7 0, o0x7fd040008c38;  0 drivers
RS_0x7fd040008c68 .resolv tri, L_0x7fd0580177f0, L_0x7fd058018090, L_0x7fd058018870, L_0x7fd058019190, L_0x7fd058019920, L_0x7fd058019d40, L_0x7fd05801a440, L_0x7fd05801af10;
v0x7fd058015c00_0 .net8 "out", 7 0, RS_0x7fd040008c68;  8 drivers
v0x7fd058017230_0 .net "s", 0 0, o0x7fd040008c98;  0 drivers
v0x7fd0580172c0_0 .net "w1", 7 0, L_0x7fd05801a870;  1 drivers
v0x7fd058017350_0 .net "w2", 7 0, L_0x7fd05801b210;  1 drivers
L_0x7fd058017470 .part o0x7fd040008c08, 0, 1;
L_0x7fd058017710 .part o0x7fd040008c38, 0, 1;
L_0x7fd0580177f0 .part/pv L_0x7fd0580178d0, 1, 1, 8;
L_0x7fd0580179c0 .part L_0x7fd05801a870, 0, 1;
L_0x7fd058017aa0 .part L_0x7fd05801b210, 0, 1;
L_0x7fd058017cb0 .part o0x7fd040008c08, 1, 1;
L_0x7fd058017f70 .part o0x7fd040008c38, 1, 1;
L_0x7fd058018090 .part/pv L_0x7fd058018170, 1, 1, 8;
L_0x7fd058018220 .part L_0x7fd05801a870, 1, 1;
L_0x7fd058018390 .part L_0x7fd05801b210, 1, 1;
L_0x7fd058018510 .part o0x7fd040008c08, 2, 1;
L_0x7fd058018790 .part o0x7fd040008c38, 2, 1;
L_0x7fd058018870 .part/pv L_0x7fd058018980, 2, 1, 8;
L_0x7fd0580189f0 .part L_0x7fd05801a870, 2, 1;
L_0x7fd058018a90 .part L_0x7fd05801b210, 2, 1;
L_0x7fd058018ca0 .part o0x7fd040008c08, 3, 1;
L_0x7fd058018fe0 .part o0x7fd040008c38, 3, 1;
L_0x7fd058019190 .part/pv L_0x7fd058018c30, 3, 1, 8;
L_0x7fd058019230 .part L_0x7fd05801a870, 3, 1;
L_0x7fd058019430 .part L_0x7fd05801b210, 3, 1;
L_0x7fd0580195d0 .part o0x7fd040008c08, 4, 1;
L_0x7fd058019840 .part o0x7fd040008c38, 4, 1;
L_0x7fd058019920 .part/pv L_0x7fd058019540, 4, 1, 8;
L_0x7fd058019ac0 .part L_0x7fd05801a870, 4, 1;
L_0x7fd058019b60 .part L_0x7fd05801b210, 4, 1;
L_0x7fd0580197a0 .part o0x7fd040008c08, 5, 1;
L_0x7fd058019fb0 .part o0x7fd040008c38, 5, 1;
L_0x7fd058019d40 .part/pv L_0x7fd058019c00, 5, 1, 8;
L_0x7fd05801a190 .part L_0x7fd05801a870, 5, 1;
L_0x7fd05801a360 .part L_0x7fd05801b210, 5, 1;
L_0x7fd05801a510 .part o0x7fd040008c08, 6, 1;
L_0x7fd05801a7d0 .part o0x7fd040008c38, 6, 1;
L_0x7fd05801a440 .part/pv L_0x7fd05801a5f0, 6, 1, 8;
L_0x7fd05801a980 .part L_0x7fd05801a870, 6, 1;
L_0x7fd05801aa20 .part L_0x7fd05801b210, 6, 1;
LS_0x7fd05801a870_0_0 .concat8 [ 1 1 1 1], L_0x7fd058014990, L_0x7fd058017bb0, L_0x7fd058018430, L_0x7fd058018910;
LS_0x7fd05801a870_0_4 .concat8 [ 1 1 1 1], L_0x7fd0580194d0, L_0x7fd058019cd0, L_0x7fd05801a090, L_0x7fd05801ae60;
L_0x7fd05801a870 .concat8 [ 4 4 0 0], LS_0x7fd05801a870_0_0, LS_0x7fd05801a870_0_4;
L_0x7fd05801b000 .part o0x7fd040008c08, 7, 1;
LS_0x7fd05801b210_0_0 .concat8 [ 1 1 1 1], L_0x7fd058017600, L_0x7fd058017e80, L_0x7fd0580186c0, L_0x7fd058018e70;
LS_0x7fd05801b210_0_4 .concat8 [ 1 1 1 1], L_0x7fd058019390, L_0x7fd058019e60, L_0x7fd05801a270, L_0x7fd05801b430;
L_0x7fd05801b210 .concat8 [ 4 4 0 0], LS_0x7fd05801b210_0_0, LS_0x7fd05801b210_0_4;
L_0x7fd05801b6e0 .part o0x7fd040008c38, 7, 1;
L_0x7fd05801af10 .part/pv L_0x7fd058019080, 7, 1, 8;
L_0x7fd058018b70 .part L_0x7fd05801a870, 7, 1;
L_0x7fd05801b8c0 .part L_0x7fd05801b210, 7, 1;
# The file index is used to find the file name in the following table.
:file_names 3;
    "N/A";
    "<interactive>";
    "mux16to8.v";
