#! /opt/local/bin/vvp
:ivl_version "10.1 (stable)" "(v10_1_1)";
:ivl_delay_selection "TYPICAL";
:vpi_time_precision + 0;
:vpi_module "system";
:vpi_module "vhdl_sys";
:vpi_module "v2005_math";
:vpi_module "va_math";
S_0x7f85d3719090 .scope module, "mux14to7" "mux14to7" 2 1;
 .timescale 0 0;
    .port_info 0 /OUTPUT 7 "out"
    .port_info 1 /INPUT 7 "a"
    .port_info 2 /INPUT 7 "b"
    .port_info 3 /INPUT 1 "s"
L_0x7f85d3729420 .functor AND 1, L_0x7f85d372bb80, L_0x7f85d372bc60, C4<1>, C4<1>;
o0x7f85d8040b18 .functor BUFZ 1, C4<z>; HiZ drive
L_0x7f85d372bc60 .functor NOT 1, o0x7f85d8040b18, C4<0>, C4<0>, C4<0>;
L_0x7f85d372bd10 .functor AND 1, L_0x7f85d372be20, o0x7f85d8040b18, C4<1>, C4<1>;
L_0x7f85d372c000 .functor OR 1, L_0x7f85d372c0f0, L_0x7f85d372c1d0, C4<0>, C4<0>;
L_0x7f85d372c2e0 .functor AND 1, L_0x7f85d372c3e0, L_0x7f85d372c500, C4<1>, C4<1>;
L_0x7f85d372c500 .functor NOT 1, o0x7f85d8040b18, C4<0>, C4<0>, C4<0>;
L_0x7f85d372c5b0 .functor AND 1, L_0x7f85d372c6a0, o0x7f85d8040b18, C4<1>, C4<1>;
L_0x7f85d372c8a0 .functor OR 1, L_0x7f85d372c950, L_0x7f85d372cac0, C4<0>, C4<0>;
L_0x7f85d372cb60 .functor AND 1, L_0x7f85d372cc40, L_0x7f85d372cd40, C4<1>, C4<1>;
L_0x7f85d372cd40 .functor NOT 1, o0x7f85d8040b18, C4<0>, C4<0>, C4<0>;
L_0x7f85d372cdf0 .functor AND 1, L_0x7f85d372cec0, o0x7f85d8040b18, C4<1>, C4<1>;
L_0x7f85d372d0b0 .functor OR 1, L_0x7f85d372d120, L_0x7f85d372d1c0, C4<0>, C4<0>;
L_0x7f85d372d040 .functor AND 1, L_0x7f85d372d3d0, L_0x7f85d372d530, C4<1>, C4<1>;
L_0x7f85d372d530 .functor NOT 1, o0x7f85d8040b18, C4<0>, C4<0>, C4<0>;
L_0x7f85d372d5a0 .functor AND 1, L_0x7f85d372d710, o0x7f85d8040b18, C4<1>, C4<1>;
L_0x7f85d372d360 .functor OR 1, L_0x7f85d372d960, L_0x7f85d372db60, C4<0>, C4<0>;
L_0x7f85d372dc00 .functor AND 1, L_0x7f85d372dd00, L_0x7f85d372c620, C4<1>, C4<1>;
L_0x7f85d372c620 .functor NOT 1, o0x7f85d8040b18, C4<0>, C4<0>, C4<0>;
L_0x7f85d372dac0 .functor AND 1, L_0x7f85d372df70, o0x7f85d8040b18, C4<1>, C4<1>;
L_0x7f85d372dc70 .functor OR 1, L_0x7f85d372e1f0, L_0x7f85d372e290, C4<0>, C4<0>;
L_0x7f85d372e400 .functor AND 1, L_0x7f85d372ded0, L_0x7f85d372e520, C4<1>, C4<1>;
L_0x7f85d372e520 .functor NOT 1, o0x7f85d8040b18, C4<0>, C4<0>, C4<0>;
L_0x7f85d372e590 .functor AND 1, L_0x7f85d372e6e0, o0x7f85d8040b18, C4<1>, C4<1>;
L_0x7f85d372e330 .functor OR 1, L_0x7f85d372e8c0, L_0x7f85d372ea90, C4<0>, C4<0>;
L_0x7f85d372edf0 .functor AND 1, L_0x7f85d372eea0, L_0x7f85d372e600, C4<1>, C4<1>;
L_0x7f85d372e600 .functor NOT 1, o0x7f85d8040b18, C4<0>, C4<0>, C4<0>;
L_0x7f85d372ecf0 .functor AND 1, L_0x7f85d372f2b0, o0x7f85d8040b18, C4<1>, C4<1>;
L_0x7f85d372f1a0 .functor OR 1, L_0x7f85d372f510, L_0x7f85d372f6b0, C4<0>, C4<0>;
v0x7f85d37191f0_0 .net *"_s1", 0 0, L_0x7f85d3729420;  1 drivers
v0x7f85d3728e90_0 .net *"_s100", 0 0, L_0x7f85d372e520;  1 drivers
v0x7f85d3728f30_0 .net *"_s103", 0 0, L_0x7f85d372e590;  1 drivers
v0x7f85d3728fe0_0 .net *"_s106", 0 0, L_0x7f85d372e6e0;  1 drivers
v0x7f85d3729090_0 .net *"_s108", 0 0, L_0x7f85d372e330;  1 drivers
v0x7f85d3729180_0 .net *"_s11", 0 0, L_0x7f85d372be20;  1 drivers
v0x7f85d3729230_0 .net *"_s111", 0 0, L_0x7f85d372e8c0;  1 drivers
v0x7f85d37292e0_0 .net *"_s113", 0 0, L_0x7f85d372ea90;  1 drivers
v0x7f85d3729390_0 .net *"_s115", 0 0, L_0x7f85d372edf0;  1 drivers
v0x7f85d37294a0_0 .net *"_s119", 0 0, L_0x7f85d372eea0;  1 drivers
v0x7f85d3729550_0 .net *"_s120", 0 0, L_0x7f85d372e600;  1 drivers
v0x7f85d3729600_0 .net *"_s123", 0 0, L_0x7f85d372ecf0;  1 drivers
v0x7f85d37296b0_0 .net *"_s127", 0 0, L_0x7f85d372f2b0;  1 drivers
v0x7f85d3729760_0 .net *"_s129", 0 0, L_0x7f85d372f1a0;  1 drivers
v0x7f85d3729810_0 .net *"_s13", 0 0, L_0x7f85d372c000;  1 drivers
v0x7f85d37298c0_0 .net *"_s132", 0 0, L_0x7f85d372f510;  1 drivers
v0x7f85d3729970_0 .net *"_s134", 0 0, L_0x7f85d372f6b0;  1 drivers
v0x7f85d3729b00_0 .net *"_s16", 0 0, L_0x7f85d372c0f0;  1 drivers
v0x7f85d3729b90_0 .net *"_s18", 0 0, L_0x7f85d372c1d0;  1 drivers
v0x7f85d3729c40_0 .net *"_s20", 0 0, L_0x7f85d372c2e0;  1 drivers
v0x7f85d3729cf0_0 .net *"_s23", 0 0, L_0x7f85d372c3e0;  1 drivers
v0x7f85d3729da0_0 .net *"_s24", 0 0, L_0x7f85d372c500;  1 drivers
v0x7f85d3729e50_0 .net *"_s27", 0 0, L_0x7f85d372c5b0;  1 drivers
v0x7f85d3729f00_0 .net *"_s30", 0 0, L_0x7f85d372c6a0;  1 drivers
v0x7f85d3729fb0_0 .net *"_s32", 0 0, L_0x7f85d372c8a0;  1 drivers
v0x7f85d372a060_0 .net *"_s35", 0 0, L_0x7f85d372c950;  1 drivers
v0x7f85d372a110_0 .net *"_s37", 0 0, L_0x7f85d372cac0;  1 drivers
v0x7f85d372a1c0_0 .net *"_s39", 0 0, L_0x7f85d372cb60;  1 drivers
v0x7f85d372a270_0 .net *"_s4", 0 0, L_0x7f85d372bb80;  1 drivers
v0x7f85d372a320_0 .net *"_s42", 0 0, L_0x7f85d372cc40;  1 drivers
v0x7f85d372a3d0_0 .net *"_s43", 0 0, L_0x7f85d372cd40;  1 drivers
v0x7f85d372a480_0 .net *"_s46", 0 0, L_0x7f85d372cdf0;  1 drivers
v0x7f85d372a530_0 .net *"_s49", 0 0, L_0x7f85d372cec0;  1 drivers
v0x7f85d3729a20_0 .net *"_s5", 0 0, L_0x7f85d372bc60;  1 drivers
v0x7f85d372a7c0_0 .net *"_s51", 0 0, L_0x7f85d372d0b0;  1 drivers
v0x7f85d372a850_0 .net *"_s54", 0 0, L_0x7f85d372d120;  1 drivers
v0x7f85d372a8f0_0 .net *"_s56", 0 0, L_0x7f85d372d1c0;  1 drivers
v0x7f85d372a9a0_0 .net *"_s58", 0 0, L_0x7f85d372d040;  1 drivers
v0x7f85d372aa50_0 .net *"_s61", 0 0, L_0x7f85d372d3d0;  1 drivers
v0x7f85d372ab00_0 .net *"_s62", 0 0, L_0x7f85d372d530;  1 drivers
v0x7f85d372abb0_0 .net *"_s65", 0 0, L_0x7f85d372d5a0;  1 drivers
v0x7f85d372ac60_0 .net *"_s68", 0 0, L_0x7f85d372d710;  1 drivers
v0x7f85d372ad10_0 .net *"_s70", 0 0, L_0x7f85d372d360;  1 drivers
v0x7f85d372adc0_0 .net *"_s73", 0 0, L_0x7f85d372d960;  1 drivers
v0x7f85d372ae70_0 .net *"_s75", 0 0, L_0x7f85d372db60;  1 drivers
v0x7f85d372af20_0 .net *"_s77", 0 0, L_0x7f85d372dc00;  1 drivers
v0x7f85d372afd0_0 .net *"_s8", 0 0, L_0x7f85d372bd10;  1 drivers
v0x7f85d372b080_0 .net *"_s80", 0 0, L_0x7f85d372dd00;  1 drivers
v0x7f85d372b130_0 .net *"_s81", 0 0, L_0x7f85d372c620;  1 drivers
v0x7f85d372b1e0_0 .net *"_s84", 0 0, L_0x7f85d372dac0;  1 drivers
v0x7f85d372b290_0 .net *"_s87", 0 0, L_0x7f85d372df70;  1 drivers
v0x7f85d372b340_0 .net *"_s89", 0 0, L_0x7f85d372dc70;  1 drivers
v0x7f85d372b3f0_0 .net *"_s92", 0 0, L_0x7f85d372e1f0;  1 drivers
v0x7f85d372b4a0_0 .net *"_s94", 0 0, L_0x7f85d372e290;  1 drivers
v0x7f85d372b550_0 .net *"_s96", 0 0, L_0x7f85d372e400;  1 drivers
v0x7f85d372b600_0 .net *"_s99", 0 0, L_0x7f85d372ded0;  1 drivers
o0x7f85d8040a88 .functor BUFZ 7, C4<zzzzzzz>; HiZ drive
v0x7f85d372b6b0_0 .net "a", 6 0, o0x7f85d8040a88;  0 drivers
o0x7f85d8040ab8 .functor BUFZ 7, C4<zzzzzzz>; HiZ drive
v0x7f85d372b760_0 .net "b", 6 0, o0x7f85d8040ab8;  0 drivers
RS_0x7f85d8040ae8 .resolv tri, L_0x7f85d372bf00, L_0x7f85d372c7c0, L_0x7f85d372cfa0, L_0x7f85d372d8c0, L_0x7f85d372e050, L_0x7f85d372e470, L_0x7f85d372f350;
v0x7f85d372b810_0 .net8 "out", 6 0, RS_0x7f85d8040ae8;  7 drivers
v0x7f85d372b8c0_0 .net "s", 0 0, o0x7f85d8040b18;  0 drivers
v0x7f85d372b960_0 .net "w1", 6 0, L_0x7f85d372e7c0;  1 drivers
v0x7f85d372ba10_0 .net "w2", 6 0, L_0x7f85d372ef80;  1 drivers
L_0x7f85d372bb80 .part o0x7f85d8040a88, 0, 1;
L_0x7f85d372be20 .part o0x7f85d8040ab8, 0, 1;
L_0x7f85d372bf00 .part/pv L_0x7f85d372c000, 1, 1, 7;
L_0x7f85d372c0f0 .part L_0x7f85d372e7c0, 0, 1;
L_0x7f85d372c1d0 .part L_0x7f85d372ef80, 0, 1;
L_0x7f85d372c3e0 .part o0x7f85d8040a88, 1, 1;
L_0x7f85d372c6a0 .part o0x7f85d8040ab8, 1, 1;
L_0x7f85d372c7c0 .part/pv L_0x7f85d372c8a0, 1, 1, 7;
L_0x7f85d372c950 .part L_0x7f85d372e7c0, 1, 1;
L_0x7f85d372cac0 .part L_0x7f85d372ef80, 1, 1;
L_0x7f85d372cc40 .part o0x7f85d8040a88, 2, 1;
L_0x7f85d372cec0 .part o0x7f85d8040ab8, 2, 1;
L_0x7f85d372cfa0 .part/pv L_0x7f85d372d0b0, 2, 1, 7;
L_0x7f85d372d120 .part L_0x7f85d372e7c0, 2, 1;
L_0x7f85d372d1c0 .part L_0x7f85d372ef80, 2, 1;
L_0x7f85d372d3d0 .part o0x7f85d8040a88, 3, 1;
L_0x7f85d372d710 .part o0x7f85d8040ab8, 3, 1;
L_0x7f85d372d8c0 .part/pv L_0x7f85d372d360, 3, 1, 7;
L_0x7f85d372d960 .part L_0x7f85d372e7c0, 3, 1;
L_0x7f85d372db60 .part L_0x7f85d372ef80, 3, 1;
L_0x7f85d372dd00 .part o0x7f85d8040a88, 4, 1;
L_0x7f85d372df70 .part o0x7f85d8040ab8, 4, 1;
L_0x7f85d372e050 .part/pv L_0x7f85d372dc70, 4, 1, 7;
L_0x7f85d372e1f0 .part L_0x7f85d372e7c0, 4, 1;
L_0x7f85d372e290 .part L_0x7f85d372ef80, 4, 1;
L_0x7f85d372ded0 .part o0x7f85d8040a88, 5, 1;
L_0x7f85d372e6e0 .part o0x7f85d8040ab8, 5, 1;
L_0x7f85d372e470 .part/pv L_0x7f85d372e330, 5, 1, 7;
L_0x7f85d372e8c0 .part L_0x7f85d372e7c0, 5, 1;
L_0x7f85d372ea90 .part L_0x7f85d372ef80, 5, 1;
LS_0x7f85d372e7c0_0_0 .concat8 [ 1 1 1 1], L_0x7f85d3729420, L_0x7f85d372c2e0, L_0x7f85d372cb60, L_0x7f85d372d040;
LS_0x7f85d372e7c0_0_4 .concat8 [ 1 1 1 0], L_0x7f85d372dc00, L_0x7f85d372e400, L_0x7f85d372edf0;
L_0x7f85d372e7c0 .concat8 [ 4 3 0 0], LS_0x7f85d372e7c0_0_0, LS_0x7f85d372e7c0_0_4;
L_0x7f85d372eea0 .part o0x7f85d8040a88, 6, 1;
LS_0x7f85d372ef80_0_0 .concat8 [ 1 1 1 1], L_0x7f85d372bd10, L_0x7f85d372c5b0, L_0x7f85d372cdf0, L_0x7f85d372d5a0;
LS_0x7f85d372ef80_0_4 .concat8 [ 1 1 1 0], L_0x7f85d372dac0, L_0x7f85d372e590, L_0x7f85d372ecf0;
L_0x7f85d372ef80 .concat8 [ 4 3 0 0], LS_0x7f85d372ef80_0_0, LS_0x7f85d372ef80_0_4;
L_0x7f85d372f2b0 .part o0x7f85d8040ab8, 6, 1;
L_0x7f85d372f350 .part/pv L_0x7f85d372f1a0, 6, 1, 7;
L_0x7f85d372f510 .part L_0x7f85d372e7c0, 6, 1;
L_0x7f85d372f6b0 .part L_0x7f85d372ef80, 6, 1;
# The file index is used to find the file name in the following table.
:file_names 3;
    "N/A";
    "<interactive>";
    "mux14to7.v";
